19:33:14 **** Clean-only build of configuration Debug for project MLC_firmware2 ****
make -j12 clean 
rm -rf ./Drivers/STM32L0xx_HAL_Driver/Src/stm32l0xx_hal.cyclo ./Drivers/STM32L0xx_HAL_Driver/Src/stm32l0xx_hal.d ./Drivers/STM32L0xx_HAL_Driver/Src/stm32l0xx_hal.o ./Drivers/STM32L0xx_HAL_Driver/Src/stm32l0xx_hal.su ./Drivers/STM32L0xx_HAL_Driver/Src/stm32l0xx_hal_cortex.cyclo ./Drivers/STM32L0xx_HAL_Driver/Src/stm32l0xx_hal_cortex.d ./Drivers/STM32L0xx_HAL_Driver/Src/stm32l0xx_hal_cortex.o ./Drivers/STM32L0xx_HAL_Driver/Src/stm32l0xx_hal_cortex.su ./Drivers/STM32L0xx_HAL_Driver/Src/stm32l0xx_hal_dma.cyclo ./Drivers/STM32L0xx_HAL_Driver/Src/stm32l0xx_hal_dma.d ./Drivers/STM32L0xx_HAL_Driver/Src/stm32l0xx_hal_dma.o ./Drivers/STM32L0xx_HAL_Driver/Src/stm32l0xx_hal_dma.su ./Drivers/STM32L0xx_HAL_Driver/Src/stm32l0xx_hal_exti.cyclo ./Drivers/STM32L0xx_HAL_Driver/Src/stm32l0xx_hal_exti.d ./Drivers/STM32L0xx_HAL_Driver/Src/stm32l0xx_hal_exti.o ./Drivers/STM32L0xx_HAL_Driver/Src/stm32l0xx_hal_exti.su ./Drivers/STM32L0xx_HAL_Driver/Src/stm32l0xx_hal_flash.cyclo ./Drivers/STM32L0xx_HAL_Driver/Src/stm32l0xx_hal_flash.d ./Drivers/STM32L0xx_HAL_Driver/Src/stm32l0xx_hal_flash.o ./Drivers/STM32L0xx_HAL_Driver/Src/stm32l0xx_hal_flash.su ./Drivers/STM32L0xx_HAL_Driver/Src/stm32l0xx_hal_flash_ex.cyclo ./Drivers/STM32L0xx_HAL_Driver/Src/stm32l0xx_hal_flash_ex.d ./Drivers/STM32L0xx_HAL_Driver/Src/stm32l0xx_hal_flash_ex.o ./Drivers/STM32L0xx_HAL_Driver/Src/stm32l0xx_hal_flash_ex.su ./Drivers/STM32L0xx_HAL_Driver/Src/stm32l0xx_hal_flash_ramfunc.cyclo ./Drivers/STM32L0xx_HAL_Driver/Src/stm32l0xx_hal_flash_ramfunc.d ./Drivers/STM32L0xx_HAL_Driver/Src/stm32l0xx_hal_flash_ramfunc.o ./Drivers/STM32L0xx_HAL_Driver/Src/stm32l0xx_hal_flash_ramfunc.su ./Drivers/STM32L0xx_HAL_Driver/Src/stm32l0xx_hal_gpio.cyclo ./Drivers/STM32L0xx_HAL_Driver/Src/stm32l0xx_hal_gpio.d ./Drivers/STM32L0xx_HAL_Driver/Src/stm32l0xx_hal_gpio.o ./Drivers/STM32L0xx_HAL_Driver/Src/stm32l0xx_hal_gpio.su ./Drivers/STM32L0xx_HAL_Driver/Src/stm32l0xx_hal_i2c.cyclo ./Drivers/STM32L0xx_HAL_Driver/Src/stm32l0xx_hal_i2c.d ./Drivers/STM32L0xx_HAL_Driver/Src/stm32l0xx_hal_i2c.o ./Drivers/STM32L0xx_HAL_Driver/Src/stm32l0xx_hal_i2c.su ./Drivers/STM32L0xx_HAL_Driver/Src/stm32l0xx_hal_i2c_ex.cyclo ./Drivers/STM32L0xx_HAL_Driver/Src/stm32l0xx_hal_i2c_ex.d ./Drivers/STM32L0xx_HAL_Driver/Src/stm32l0xx_hal_i2c_ex.o ./Drivers/STM32L0xx_HAL_Driver/Src/stm32l0xx_hal_i2c_ex.su ./Drivers/STM32L0xx_HAL_Driver/Src/stm32l0xx_hal_pwr.cyclo ./Drivers/STM32L0xx_HAL_Driver/Src/stm32l0xx_hal_pwr.d ./Drivers/STM32L0xx_HAL_Driver/Src/stm32l0xx_hal_pwr.o ./Drivers/STM32L0xx_HAL_Driver/Src/stm32l0xx_hal_pwr.su ./Drivers/STM32L0xx_HAL_Driver/Src/stm32l0xx_hal_pwr_ex.cyclo ./Drivers/STM32L0xx_HAL_Driver/Src/stm32l0xx_hal_pwr_ex.d ./Drivers/STM32L0xx_HAL_Driver/Src/stm32l0xx_hal_pwr_ex.o ./Drivers/STM32L0xx_HAL_Driver/Src/stm32l0xx_hal_pwr_ex.su ./Drivers/STM32L0xx_HAL_Driver/Src/stm32l0xx_hal_rcc.cyclo ./Drivers/STM32L0xx_HAL_Driver/Src/stm32l0xx_hal_rcc.d ./Drivers/STM32L0xx_HAL_Driver/Src/stm32l0xx_hal_rcc.o ./Drivers/STM32L0xx_HAL_Driver/Src/stm32l0xx_hal_rcc.su ./Drivers/STM32L0xx_HAL_Driver/Src/stm32l0xx_hal_rcc_ex.cyclo ./Drivers/STM32L0xx_HAL_Driver/Src/stm32l0xx_hal_rcc_ex.d ./Drivers/STM32L0xx_HAL_Driver/Src/stm32l0xx_hal_rcc_ex.o ./Drivers/STM32L0xx_HAL_Driver/Src/stm32l0xx_hal_rcc_ex.su ./Drivers/STM32L0xx_HAL_Driver/Src/stm32l0xx_hal_tim.cyclo ./Drivers/STM32L0xx_HAL_Driver/Src/stm32l0xx_hal_tim.d ./Drivers/STM32L0xx_HAL_Driver/Src/stm32l0xx_hal_tim.o ./Drivers/STM32L0xx_HAL_Driver/Src/stm32l0xx_hal_tim.su ./Drivers/STM32L0xx_HAL_Driver/Src/stm32l0xx_hal_tim_ex.cyclo ./Drivers/STM32L0xx_HAL_Driver/Src/stm32l0xx_hal_tim_ex.d ./Drivers/STM32L0xx_HAL_Driver/Src/stm32l0xx_hal_tim_ex.o ./Drivers/STM32L0xx_HAL_Driver/Src/stm32l0xx_hal_tim_ex.su ./Drivers/STM32L0xx_HAL_Driver/Src/stm32l0xx_hal_uart.cyclo ./Drivers/STM32L0xx_HAL_Driver/Src/stm32l0xx_hal_uart.d ./Drivers/STM32L0xx_HAL_Driver/Src/stm32l0xx_hal_uart.o ./Drivers/STM32L0xx_HAL_Driver/Src/stm32l0xx_hal_uart.su ./Drivers/STM32L0xx_HAL_Driver/Src/stm32l0xx_hal_uart_ex.cyclo ./Drivers/STM32L0xx_HAL_Driver/Src/stm32l0xx_hal_uart_ex.d ./Drivers/STM32L0xx_HAL_Driver/Src/stm32l0xx_hal_uart_ex.o ./Drivers/STM32L0xx_HAL_Driver/Src/stm32l0xx_hal_uart_ex.su
rm -rf ./Core/Startup/startup_stm32l031k6tx.d ./Core/Startup/startup_stm32l031k6tx.o
rm -rf ./Core/Src/accelerometer.cyclo ./Core/Src/accelerometer.d ./Core/Src/accelerometer.o ./Core/Src/accelerometer.su ./Core/Src/main.cyclo ./Core/Src/main.d ./Core/Src/main.o ./Core/Src/main.su ./Core/Src/stm32l0xx_hal_msp.cyclo ./Core/Src/stm32l0xx_hal_msp.d ./Core/Src/stm32l0xx_hal_msp.o ./Core/Src/stm32l0xx_hal_msp.su ./Core/Src/stm32l0xx_it.cyclo ./Core/Src/stm32l0xx_it.d ./Core/Src/stm32l0xx_it.o ./Core/Src/stm32l0xx_it.su ./Core/Src/syscalls.cyclo ./Core/Src/syscalls.d ./Core/Src/syscalls.o ./Core/Src/syscalls.su ./Core/Src/sysmem.cyclo ./Core/Src/sysmem.d ./Core/Src/sysmem.o ./Core/Src/sysmem.su ./Core/Src/system_stm32l0xx.cyclo ./Core/Src/system_stm32l0xx.d ./Core/Src/system_stm32l0xx.o ./Core/Src/system_stm32l0xx.su
rm -rf MLC_firmware2.elf MLC_firmware2.list MLC_firmware2.map default.size.stdout
rm: can't remove 'MLC_firmware2.elf': Permission denied
make: [makefile:80: clean] Error 1 (ignored)
 
19:35:10 **** Build of configuration Debug for project firmware_temp ****
make -j12 all 
arm-none-eabi-gcc "../Drivers/STM32G4xx_HAL_Driver/Src/stm32g4xx_hal.c" -mcpu=cortex-m4 -std=gnu11 -g3 -DDEBUG -DUSE_HAL_DRIVER -DSTM32G441xx -c -I../Core/Inc -I../Drivers/STM32G4xx_HAL_Driver/Inc -I../Drivers/STM32G4xx_HAL_Driver/Inc/Legacy -I../Drivers/CMSIS/Device/ST/STM32G4xx/Include -I../Drivers/CMSIS/Include -O0 -ffunction-sections -fdata-sections -Wall -fstack-usage -fcyclomatic-complexity -MMD -MP -MF"Drivers/STM32G4xx_HAL_Driver/Src/stm32g4xx_hal.d" -MT"Drivers/STM32G4xx_HAL_Driver/Src/stm32g4xx_hal.o" --specs=nano.specs -mfpu=fpv4-sp-d16 -mfloat-abi=hard -mthumb -o "Drivers/STM32G4xx_HAL_Driver/Src/stm32g4xx_hal.o"
arm-none-eabi-gcc "../Drivers/STM32G4xx_HAL_Driver/Src/stm32g4xx_hal_cortex.c" -mcpu=cortex-m4 -std=gnu11 -g3 -DDEBUG -DUSE_HAL_DRIVER -DSTM32G441xx -c -I../Core/Inc -I../Drivers/STM32G4xx_HAL_Driver/Inc -I../Drivers/STM32G4xx_HAL_Driver/Inc/Legacy -I../Drivers/CMSIS/Device/ST/STM32G4xx/Include -I../Drivers/CMSIS/Include -O0 -ffunction-sections -fdata-sections -Wall -fstack-usage -fcyclomatic-complexity -MMD -MP -MF"Drivers/STM32G4xx_HAL_Driver/Src/stm32g4xx_hal_cortex.d" -MT"Drivers/STM32G4xx_HAL_Driver/Src/stm32g4xx_hal_cortex.o" --specs=nano.specs -mfpu=fpv4-sp-d16 -mfloat-abi=hard -mthumb -o "Drivers/STM32G4xx_HAL_Driver/Src/stm32g4xx_hal_cortex.o"
arm-none-eabi-gcc "../Drivers/STM32G4xx_HAL_Driver/Src/stm32g4xx_hal_dac.c" -mcpu=cortex-m4 -std=gnu11 -g3 -DDEBUG -DUSE_HAL_DRIVER -DSTM32G441xx -c -I../Core/Inc -I../Drivers/STM32G4xx_HAL_Driver/Inc -I../Drivers/STM32G4xx_HAL_Driver/Inc/Legacy -I../Drivers/CMSIS/Device/ST/STM32G4xx/Include -I../Drivers/CMSIS/Include -O0 -ffunction-sections -fdata-sections -Wall -fstack-usage -fcyclomatic-complexity -MMD -MP -MF"Drivers/STM32G4xx_HAL_Driver/Src/stm32g4xx_hal_dac.d" -MT"Drivers/STM32G4xx_HAL_Driver/Src/stm32g4xx_hal_dac.o" --specs=nano.specs -mfpu=fpv4-sp-d16 -mfloat-abi=hard -mthumb -o "Drivers/STM32G4xx_HAL_Driver/Src/stm32g4xx_hal_dac.o"
arm-none-eabi-gcc "../Drivers/STM32G4xx_HAL_Driver/Src/stm32g4xx_hal_dac_ex.c" -mcpu=cortex-m4 -std=gnu11 -g3 -DDEBUG -DUSE_HAL_DRIVER -DSTM32G441xx -c -I../Core/Inc -I../Drivers/STM32G4xx_HAL_Driver/Inc -I../Drivers/STM32G4xx_HAL_Driver/Inc/Legacy -I../Drivers/CMSIS/Device/ST/STM32G4xx/Include -I../Drivers/CMSIS/Include -O0 -ffunction-sections -fdata-sections -Wall -fstack-usage -fcyclomatic-complexity -MMD -MP -MF"Drivers/STM32G4xx_HAL_Driver/Src/stm32g4xx_hal_dac_ex.d" -MT"Drivers/STM32G4xx_HAL_Driver/Src/stm32g4xx_hal_dac_ex.o" --specs=nano.specs -mfpu=fpv4-sp-d16 -mfloat-abi=hard -mthumb -o "Drivers/STM32G4xx_HAL_Driver/Src/stm32g4xx_hal_dac_ex.o"
arm-none-eabi-gcc "../Drivers/STM32G4xx_HAL_Driver/Src/stm32g4xx_hal_dma.c" -mcpu=cortex-m4 -std=gnu11 -g3 -DDEBUG -DUSE_HAL_DRIVER -DSTM32G441xx -c -I../Core/Inc -I../Drivers/STM32G4xx_HAL_Driver/Inc -I../Drivers/STM32G4xx_HAL_Driver/Inc/Legacy -I../Drivers/CMSIS/Device/ST/STM32G4xx/Include -I../Drivers/CMSIS/Include -O0 -ffunction-sections -fdata-sections -Wall -fstack-usage -fcyclomatic-complexity -MMD -MP -MF"Drivers/STM32G4xx_HAL_Driver/Src/stm32g4xx_hal_dma.d" -MT"Drivers/STM32G4xx_HAL_Driver/Src/stm32g4xx_hal_dma.o" --specs=nano.specs -mfpu=fpv4-sp-d16 -mfloat-abi=hard -mthumb -o "Drivers/STM32G4xx_HAL_Driver/Src/stm32g4xx_hal_dma.o"
arm-none-eabi-gcc "../Drivers/STM32G4xx_HAL_Driver/Src/stm32g4xx_hal_dma_ex.c" -mcpu=cortex-m4 -std=gnu11 -g3 -DDEBUG -DUSE_HAL_DRIVER -DSTM32G441xx -c -I../Core/Inc -I../Drivers/STM32G4xx_HAL_Driver/Inc -I../Drivers/STM32G4xx_HAL_Driver/Inc/Legacy -I../Drivers/CMSIS/Device/ST/STM32G4xx/Include -I../Drivers/CMSIS/Include -O0 -ffunction-sections -fdata-sections -Wall -fstack-usage -fcyclomatic-complexity -MMD -MP -MF"Drivers/STM32G4xx_HAL_Driver/Src/stm32g4xx_hal_dma_ex.d" -MT"Drivers/STM32G4xx_HAL_Driver/Src/stm32g4xx_hal_dma_ex.o" --specs=nano.specs -mfpu=fpv4-sp-d16 -mfloat-abi=hard -mthumb -o "Drivers/STM32G4xx_HAL_Driver/Src/stm32g4xx_hal_dma_ex.o"
arm-none-eabi-gcc "../Drivers/STM32G4xx_HAL_Driver/Src/stm32g4xx_hal_exti.c" -mcpu=cortex-m4 -std=gnu11 -g3 -DDEBUG -DUSE_HAL_DRIVER -DSTM32G441xx -c -I../Core/Inc -I../Drivers/STM32G4xx_HAL_Driver/Inc -I../Drivers/STM32G4xx_HAL_Driver/Inc/Legacy -I../Drivers/CMSIS/Device/ST/STM32G4xx/Include -I../Drivers/CMSIS/Include -O0 -ffunction-sections -fdata-sections -Wall -fstack-usage -fcyclomatic-complexity -MMD -MP -MF"Drivers/STM32G4xx_HAL_Driver/Src/stm32g4xx_hal_exti.d" -MT"Drivers/STM32G4xx_HAL_Driver/Src/stm32g4xx_hal_exti.o" --specs=nano.specs -mfpu=fpv4-sp-d16 -mfloat-abi=hard -mthumb -o "Drivers/STM32G4xx_HAL_Driver/Src/stm32g4xx_hal_exti.o"
arm-none-eabi-gcc "../Drivers/STM32G4xx_HAL_Driver/Src/stm32g4xx_hal_flash.c" -mcpu=cortex-m4 -std=gnu11 -g3 -DDEBUG -DUSE_HAL_DRIVER -DSTM32G441xx -c -I../Core/Inc -I../Drivers/STM32G4xx_HAL_Driver/Inc -I../Drivers/STM32G4xx_HAL_Driver/Inc/Legacy -I../Drivers/CMSIS/Device/ST/STM32G4xx/Include -I../Drivers/CMSIS/Include -O0 -ffunction-sections -fdata-sections -Wall -fstack-usage -fcyclomatic-complexity -MMD -MP -MF"Drivers/STM32G4xx_HAL_Driver/Src/stm32g4xx_hal_flash.d" -MT"Drivers/STM32G4xx_HAL_Driver/Src/stm32g4xx_hal_flash.o" --specs=nano.specs -mfpu=fpv4-sp-d16 -mfloat-abi=hard -mthumb -o "Drivers/STM32G4xx_HAL_Driver/Src/stm32g4xx_hal_flash.o"
arm-none-eabi-gcc "../Drivers/STM32G4xx_HAL_Driver/Src/stm32g4xx_hal_flash_ex.c" -mcpu=cortex-m4 -std=gnu11 -g3 -DDEBUG -DUSE_HAL_DRIVER -DSTM32G441xx -c -I../Core/Inc -I../Drivers/STM32G4xx_HAL_Driver/Inc -I../Drivers/STM32G4xx_HAL_Driver/Inc/Legacy -I../Drivers/CMSIS/Device/ST/STM32G4xx/Include -I../Drivers/CMSIS/Include -O0 -ffunction-sections -fdata-sections -Wall -fstack-usage -fcyclomatic-complexity -MMD -MP -MF"Drivers/STM32G4xx_HAL_Driver/Src/stm32g4xx_hal_flash_ex.d" -MT"Drivers/STM32G4xx_HAL_Driver/Src/stm32g4xx_hal_flash_ex.o" --specs=nano.specs -mfpu=fpv4-sp-d16 -mfloat-abi=hard -mthumb -o "Drivers/STM32G4xx_HAL_Driver/Src/stm32g4xx_hal_flash_ex.o"
arm-none-eabi-gcc "../Drivers/STM32G4xx_HAL_Driver/Src/stm32g4xx_hal_flash_ramfunc.c" -mcpu=cortex-m4 -std=gnu11 -g3 -DDEBUG -DUSE_HAL_DRIVER -DSTM32G441xx -c -I../Core/Inc -I../Drivers/STM32G4xx_HAL_Driver/Inc -I../Drivers/STM32G4xx_HAL_Driver/Inc/Legacy -I../Drivers/CMSIS/Device/ST/STM32G4xx/Include -I../Drivers/CMSIS/Include -O0 -ffunction-sections -fdata-sections -Wall -fstack-usage -fcyclomatic-complexity -MMD -MP -MF"Drivers/STM32G4xx_HAL_Driver/Src/stm32g4xx_hal_flash_ramfunc.d" -MT"Drivers/STM32G4xx_HAL_Driver/Src/stm32g4xx_hal_flash_ramfunc.o" --specs=nano.specs -mfpu=fpv4-sp-d16 -mfloat-abi=hard -mthumb -o "Drivers/STM32G4xx_HAL_Driver/Src/stm32g4xx_hal_flash_ramfunc.o"
arm-none-eabi-gcc "../Drivers/STM32G4xx_HAL_Driver/Src/stm32g4xx_hal_gpio.c" -mcpu=cortex-m4 -std=gnu11 -g3 -DDEBUG -DUSE_HAL_DRIVER -DSTM32G441xx -c -I../Core/Inc -I../Drivers/STM32G4xx_HAL_Driver/Inc -I../Drivers/STM32G4xx_HAL_Driver/Inc/Legacy -I../Drivers/CMSIS/Device/ST/STM32G4xx/Include -I../Drivers/CMSIS/Include -O0 -ffunction-sections -fdata-sections -Wall -fstack-usage -fcyclomatic-complexity -MMD -MP -MF"Drivers/STM32G4xx_HAL_Driver/Src/stm32g4xx_hal_gpio.d" -MT"Drivers/STM32G4xx_HAL_Driver/Src/stm32g4xx_hal_gpio.o" --specs=nano.specs -mfpu=fpv4-sp-d16 -mfloat-abi=hard -mthumb -o "Drivers/STM32G4xx_HAL_Driver/Src/stm32g4xx_hal_gpio.o"
arm-none-eabi-gcc "../Drivers/STM32G4xx_HAL_Driver/Src/stm32g4xx_hal_i2c.c" -mcpu=cortex-m4 -std=gnu11 -g3 -DDEBUG -DUSE_HAL_DRIVER -DSTM32G441xx -c -I../Core/Inc -I../Drivers/STM32G4xx_HAL_Driver/Inc -I../Drivers/STM32G4xx_HAL_Driver/Inc/Legacy -I../Drivers/CMSIS/Device/ST/STM32G4xx/Include -I../Drivers/CMSIS/Include -O0 -ffunction-sections -fdata-sections -Wall -fstack-usage -fcyclomatic-complexity -MMD -MP -MF"Drivers/STM32G4xx_HAL_Driver/Src/stm32g4xx_hal_i2c.d" -MT"Drivers/STM32G4xx_HAL_Driver/Src/stm32g4xx_hal_i2c.o" --specs=nano.specs -mfpu=fpv4-sp-d16 -mfloat-abi=hard -mthumb -o "Drivers/STM32G4xx_HAL_Driver/Src/stm32g4xx_hal_i2c.o"
arm-none-eabi-gcc "../Drivers/STM32G4xx_HAL_Driver/Src/stm32g4xx_hal_i2c_ex.c" -mcpu=cortex-m4 -std=gnu11 -g3 -DDEBUG -DUSE_HAL_DRIVER -DSTM32G441xx -c -I../Core/Inc -I../Drivers/STM32G4xx_HAL_Driver/Inc -I../Drivers/STM32G4xx_HAL_Driver/Inc/Legacy -I../Drivers/CMSIS/Device/ST/STM32G4xx/Include -I../Drivers/CMSIS/Include -O0 -ffunction-sections -fdata-sections -Wall -fstack-usage -fcyclomatic-complexity -MMD -MP -MF"Drivers/STM32G4xx_HAL_Driver/Src/stm32g4xx_hal_i2c_ex.d" -MT"Drivers/STM32G4xx_HAL_Driver/Src/stm32g4xx_hal_i2c_ex.o" --specs=nano.specs -mfpu=fpv4-sp-d16 -mfloat-abi=hard -mthumb -o "Drivers/STM32G4xx_HAL_Driver/Src/stm32g4xx_hal_i2c_ex.o"
arm-none-eabi-gcc "../Drivers/STM32G4xx_HAL_Driver/Src/stm32g4xx_hal_pwr.c" -mcpu=cortex-m4 -std=gnu11 -g3 -DDEBUG -DUSE_HAL_DRIVER -DSTM32G441xx -c -I../Core/Inc -I../Drivers/STM32G4xx_HAL_Driver/Inc -I../Drivers/STM32G4xx_HAL_Driver/Inc/Legacy -I../Drivers/CMSIS/Device/ST/STM32G4xx/Include -I../Drivers/CMSIS/Include -O0 -ffunction-sections -fdata-sections -Wall -fstack-usage -fcyclomatic-complexity -MMD -MP -MF"Drivers/STM32G4xx_HAL_Driver/Src/stm32g4xx_hal_pwr.d" -MT"Drivers/STM32G4xx_HAL_Driver/Src/stm32g4xx_hal_pwr.o" --specs=nano.specs -mfpu=fpv4-sp-d16 -mfloat-abi=hard -mthumb -o "Drivers/STM32G4xx_HAL_Driver/Src/stm32g4xx_hal_pwr.o"
arm-none-eabi-gcc "../Drivers/STM32G4xx_HAL_Driver/Src/stm32g4xx_hal_pwr_ex.c" -mcpu=cortex-m4 -std=gnu11 -g3 -DDEBUG -DUSE_HAL_DRIVER -DSTM32G441xx -c -I../Core/Inc -I../Drivers/STM32G4xx_HAL_Driver/Inc -I../Drivers/STM32G4xx_HAL_Driver/Inc/Legacy -I../Drivers/CMSIS/Device/ST/STM32G4xx/Include -I../Drivers/CMSIS/Include -O0 -ffunction-sections -fdata-sections -Wall -fstack-usage -fcyclomatic-complexity -MMD -MP -MF"Drivers/STM32G4xx_HAL_Driver/Src/stm32g4xx_hal_pwr_ex.d" -MT"Drivers/STM32G4xx_HAL_Driver/Src/stm32g4xx_hal_pwr_ex.o" --specs=nano.specs -mfpu=fpv4-sp-d16 -mfloat-abi=hard -mthumb -o "Drivers/STM32G4xx_HAL_Driver/Src/stm32g4xx_hal_pwr_ex.o"
arm-none-eabi-gcc "../Drivers/STM32G4xx_HAL_Driver/Src/stm32g4xx_hal_rcc.c" -mcpu=cortex-m4 -std=gnu11 -g3 -DDEBUG -DUSE_HAL_DRIVER -DSTM32G441xx -c -I../Core/Inc -I../Drivers/STM32G4xx_HAL_Driver/Inc -I../Drivers/STM32G4xx_HAL_Driver/Inc/Legacy -I../Drivers/CMSIS/Device/ST/STM32G4xx/Include -I../Drivers/CMSIS/Include -O0 -ffunction-sections -fdata-sections -Wall -fstack-usage -fcyclomatic-complexity -MMD -MP -MF"Drivers/STM32G4xx_HAL_Driver/Src/stm32g4xx_hal_rcc.d" -MT"Drivers/STM32G4xx_HAL_Driver/Src/stm32g4xx_hal_rcc.o" --specs=nano.specs -mfpu=fpv4-sp-d16 -mfloat-abi=hard -mthumb -o "Drivers/STM32G4xx_HAL_Driver/Src/stm32g4xx_hal_rcc.o"
arm-none-eabi-gcc "../Drivers/STM32G4xx_HAL_Driver/Src/stm32g4xx_hal_rcc_ex.c" -mcpu=cortex-m4 -std=gnu11 -g3 -DDEBUG -DUSE_HAL_DRIVER -DSTM32G441xx -c -I../Core/Inc -I../Drivers/STM32G4xx_HAL_Driver/Inc -I../Drivers/STM32G4xx_HAL_Driver/Inc/Legacy -I../Drivers/CMSIS/Device/ST/STM32G4xx/Include -I../Drivers/CMSIS/Include -O0 -ffunction-sections -fdata-sections -Wall -fstack-usage -fcyclomatic-complexity -MMD -MP -MF"Drivers/STM32G4xx_HAL_Driver/Src/stm32g4xx_hal_rcc_ex.d" -MT"Drivers/STM32G4xx_HAL_Driver/Src/stm32g4xx_hal_rcc_ex.o" --specs=nano.specs -mfpu=fpv4-sp-d16 -mfloat-abi=hard -mthumb -o "Drivers/STM32G4xx_HAL_Driver/Src/stm32g4xx_hal_rcc_ex.o"
arm-none-eabi-gcc "../Drivers/STM32G4xx_HAL_Driver/Src/stm32g4xx_hal_tim.c" -mcpu=cortex-m4 -std=gnu11 -g3 -DDEBUG -DUSE_HAL_DRIVER -DSTM32G441xx -c -I../Core/Inc -I../Drivers/STM32G4xx_HAL_Driver/Inc -I../Drivers/STM32G4xx_HAL_Driver/Inc/Legacy -I../Drivers/CMSIS/Device/ST/STM32G4xx/Include -I../Drivers/CMSIS/Include -O0 -ffunction-sections -fdata-sections -Wall -fstack-usage -fcyclomatic-complexity -MMD -MP -MF"Drivers/STM32G4xx_HAL_Driver/Src/stm32g4xx_hal_tim.d" -MT"Drivers/STM32G4xx_HAL_Driver/Src/stm32g4xx_hal_tim.o" --specs=nano.specs -mfpu=fpv4-sp-d16 -mfloat-abi=hard -mthumb -o "Drivers/STM32G4xx_HAL_Driver/Src/stm32g4xx_hal_tim.o"
arm-none-eabi-gcc "../Drivers/STM32G4xx_HAL_Driver/Src/stm32g4xx_hal_tim_ex.c" -mcpu=cortex-m4 -std=gnu11 -g3 -DDEBUG -DUSE_HAL_DRIVER -DSTM32G441xx -c -I../Core/Inc -I../Drivers/STM32G4xx_HAL_Driver/Inc -I../Drivers/STM32G4xx_HAL_Driver/Inc/Legacy -I../Drivers/CMSIS/Device/ST/STM32G4xx/Include -I../Drivers/CMSIS/Include -O0 -ffunction-sections -fdata-sections -Wall -fstack-usage -fcyclomatic-complexity -MMD -MP -MF"Drivers/STM32G4xx_HAL_Driver/Src/stm32g4xx_hal_tim_ex.d" -MT"Drivers/STM32G4xx_HAL_Driver/Src/stm32g4xx_hal_tim_ex.o" --specs=nano.specs -mfpu=fpv4-sp-d16 -mfloat-abi=hard -mthumb -o "Drivers/STM32G4xx_HAL_Driver/Src/stm32g4xx_hal_tim_ex.o"
arm-none-eabi-gcc "../Drivers/STM32G4xx_HAL_Driver/Src/stm32g4xx_hal_uart.c" -mcpu=cortex-m4 -std=gnu11 -g3 -DDEBUG -DUSE_HAL_DRIVER -DSTM32G441xx -c -I../Core/Inc -I../Drivers/STM32G4xx_HAL_Driver/Inc -I../Drivers/STM32G4xx_HAL_Driver/Inc/Legacy -I../Drivers/CMSIS/Device/ST/STM32G4xx/Include -I../Drivers/CMSIS/Include -O0 -ffunction-sections -fdata-sections -Wall -fstack-usage -fcyclomatic-complexity -MMD -MP -MF"Drivers/STM32G4xx_HAL_Driver/Src/stm32g4xx_hal_uart.d" -MT"Drivers/STM32G4xx_HAL_Driver/Src/stm32g4xx_hal_uart.o" --specs=nano.specs -mfpu=fpv4-sp-d16 -mfloat-abi=hard -mthumb -o "Drivers/STM32G4xx_HAL_Driver/Src/stm32g4xx_hal_uart.o"
arm-none-eabi-gcc "../Drivers/STM32G4xx_HAL_Driver/Src/stm32g4xx_hal_uart_ex.c" -mcpu=cortex-m4 -std=gnu11 -g3 -DDEBUG -DUSE_HAL_DRIVER -DSTM32G441xx -c -I../Core/Inc -I../Drivers/STM32G4xx_HAL_Driver/Inc -I../Drivers/STM32G4xx_HAL_Driver/Inc/Legacy -I../Drivers/CMSIS/Device/ST/STM32G4xx/Include -I../Drivers/CMSIS/Include -O0 -ffunction-sections -fdata-sections -Wall -fstack-usage -fcyclomatic-complexity -MMD -MP -MF"Drivers/STM32G4xx_HAL_Driver/Src/stm32g4xx_hal_uart_ex.d" -MT"Drivers/STM32G4xx_HAL_Driver/Src/stm32g4xx_hal_uart_ex.o" --specs=nano.specs -mfpu=fpv4-sp-d16 -mfloat-abi=hard -mthumb -o "Drivers/STM32G4xx_HAL_Driver/Src/stm32g4xx_hal_uart_ex.o"
arm-none-eabi-gcc -mcpu=cortex-m4 -g3 -DDEBUG -c -x assembler-with-cpp -MMD -MP -MF"Core/Startup/startup_stm32g441kbtx.d" -MT"Core/Startup/startup_stm32g441kbtx.o" --specs=nano.specs -mfpu=fpv4-sp-d16 -mfloat-abi=hard -mthumb -o "Core/Startup/startup_stm32g441kbtx.o" "../Core/Startup/startup_stm32g441kbtx.s"
arm-none-eabi-gcc "../Core/Src/main.c" -mcpu=cortex-m4 -std=gnu11 -g3 -DDEBUG -DUSE_HAL_DRIVER -DSTM32G441xx -c -I../Core/Inc -I../Drivers/STM32G4xx_HAL_Driver/Inc -I../Drivers/STM32G4xx_HAL_Driver/Inc/Legacy -I../Drivers/CMSIS/Device/ST/STM32G4xx/Include -I../Drivers/CMSIS/Include -O0 -ffunction-sections -fdata-sections -Wall -fstack-usage -fcyclomatic-complexity -MMD -MP -MF"Core/Src/main.d" -MT"Core/Src/main.o" --specs=nano.specs -mfpu=fpv4-sp-d16 -mfloat-abi=hard -mthumb -o "Core/Src/main.o"
arm-none-eabi-gcc "../Core/Src/stm32g4xx_hal_msp.c" -mcpu=cortex-m4 -std=gnu11 -g3 -DDEBUG -DUSE_HAL_DRIVER -DSTM32G441xx -c -I../Core/Inc -I../Drivers/STM32G4xx_HAL_Driver/Inc -I../Drivers/STM32G4xx_HAL_Driver/Inc/Legacy -I../Drivers/CMSIS/Device/ST/STM32G4xx/Include -I../Drivers/CMSIS/Include -O0 -ffunction-sections -fdata-sections -Wall -fstack-usage -fcyclomatic-complexity -MMD -MP -MF"Core/Src/stm32g4xx_hal_msp.d" -MT"Core/Src/stm32g4xx_hal_msp.o" --specs=nano.specs -mfpu=fpv4-sp-d16 -mfloat-abi=hard -mthumb -o "Core/Src/stm32g4xx_hal_msp.o"
arm-none-eabi-gcc "../Core/Src/stm32g4xx_it.c" -mcpu=cortex-m4 -std=gnu11 -g3 -DDEBUG -DUSE_HAL_DRIVER -DSTM32G441xx -c -I../Core/Inc -I../Drivers/STM32G4xx_HAL_Driver/Inc -I../Drivers/STM32G4xx_HAL_Driver/Inc/Legacy -I../Drivers/CMSIS/Device/ST/STM32G4xx/Include -I../Drivers/CMSIS/Include -O0 -ffunction-sections -fdata-sections -Wall -fstack-usage -fcyclomatic-complexity -MMD -MP -MF"Core/Src/stm32g4xx_it.d" -MT"Core/Src/stm32g4xx_it.o" --specs=nano.specs -mfpu=fpv4-sp-d16 -mfloat-abi=hard -mthumb -o "Core/Src/stm32g4xx_it.o"
../Core/Src/main.c: In function 'main':
../Core/Src/main.c:114:17: warning: implicit declaration of function 'printf' [-Wimplicit-function-declaration]
  114 |                 printf("howdy\r\n");
      |                 ^~~~~~
../Core/Src/main.c:21:1: note: include '<stdio.h>' or provide a declaration of 'printf'
   20 | #include "main.h"
  +++ |+#include <stdio.h>
   21 | 
../Core/Src/main.c:114:17: warning: incompatible implicit declaration of built-in function 'printf' [-Wbuiltin-declaration-mismatch]
  114 |                 printf("howdy\r\n");
      |                 ^~~~~~
../Core/Src/main.c:114:17: note: include '<stdio.h>' or provide a declaration of 'printf'
arm-none-eabi-gcc "../Core/Src/syscalls.c" -mcpu=cortex-m4 -std=gnu11 -g3 -DDEBUG -DUSE_HAL_DRIVER -DSTM32G441xx -c -I../Core/Inc -I../Drivers/STM32G4xx_HAL_Driver/Inc -I../Drivers/STM32G4xx_HAL_Driver/Inc/Legacy -I../Drivers/CMSIS/Device/ST/STM32G4xx/Include -I../Drivers/CMSIS/Include -O0 -ffunction-sections -fdata-sections -Wall -fstack-usage -fcyclomatic-complexity -MMD -MP -MF"Core/Src/syscalls.d" -MT"Core/Src/syscalls.o" --specs=nano.specs -mfpu=fpv4-sp-d16 -mfloat-abi=hard -mthumb -o "Core/Src/syscalls.o"
arm-none-eabi-gcc "../Core/Src/sysmem.c" -mcpu=cortex-m4 -std=gnu11 -g3 -DDEBUG -DUSE_HAL_DRIVER -DSTM32G441xx -c -I../Core/Inc -I../Drivers/STM32G4xx_HAL_Driver/Inc -I../Drivers/STM32G4xx_HAL_Driver/Inc/Legacy -I../Drivers/CMSIS/Device/ST/STM32G4xx/Include -I../Drivers/CMSIS/Include -O0 -ffunction-sections -fdata-sections -Wall -fstack-usage -fcyclomatic-complexity -MMD -MP -MF"Core/Src/sysmem.d" -MT"Core/Src/sysmem.o" --specs=nano.specs -mfpu=fpv4-sp-d16 -mfloat-abi=hard -mthumb -o "Core/Src/sysmem.o"
arm-none-eabi-gcc "../Core/Src/system_stm32g4xx.c" -mcpu=cortex-m4 -std=gnu11 -g3 -DDEBUG -DUSE_HAL_DRIVER -DSTM32G441xx -c -I../Core/Inc -I../Drivers/STM32G4xx_HAL_Driver/Inc -I../Drivers/STM32G4xx_HAL_Driver/Inc/Legacy -I../Drivers/CMSIS/Device/ST/STM32G4xx/Include -I../Drivers/CMSIS/Include -O0 -ffunction-sections -fdata-sections -Wall -fstack-usage -fcyclomatic-complexity -MMD -MP -MF"Core/Src/system_stm32g4xx.d" -MT"Core/Src/system_stm32g4xx.o" --specs=nano.specs -mfpu=fpv4-sp-d16 -mfloat-abi=hard -mthumb -o "Core/Src/system_stm32g4xx.o"
arm-none-eabi-gcc -o "firmware_temp.elf" @"objects.list"   -mcpu=cortex-m4 -T"C:\Users\eboyer2\395\AirSticks\firmware\firmware_temp\STM32G441KBTX_FLASH.ld" --specs=nosys.specs -Wl,-Map="firmware_temp.map" -Wl,--gc-sections -static --specs=nano.specs -mfpu=fpv4-sp-d16 -mfloat-abi=hard -mthumb -Wl,--start-group -lc -lm -Wl,--end-group
Finished building target: firmware_temp.elf
 
arm-none-eabi-size   firmware_temp.elf 
arm-none-eabi-objdump -h -S  firmware_temp.elf  > "firmware_temp.list"
   text	   data	    bss	    dec	    hex	filename
  17680	    112	   2224	  20016	   4e30	firmware_temp.elf
Finished building: default.size.stdout
 
Finished building: firmware_temp.list
 
19:35:19 **** Incremental Build of configuration Debug for project firmware_temp ****
make -j12 all 
arm-none-eabi-size   firmware_temp.elf 
   text	   data	    bss	    dec	    hex	filename
  17680	    112	   2224	  20016	   4e30	firmware_temp.elf
Finished building: default.size.stdout
 
19:35:38 **** Incremental Build of configuration Debug for project firmware_temp ****
make -j12 all 
arm-none-eabi-gcc "../Core/Src/main.c" -mcpu=cortex-m4 -std=gnu11 -g3 -DDEBUG -DUSE_HAL_DRIVER -DSTM32G441xx -c -I../Core/Inc -I../Drivers/STM32G4xx_HAL_Driver/Inc -I../Drivers/STM32G4xx_HAL_Driver/Inc/Legacy -I../Drivers/CMSIS/Device/ST/STM32G4xx/Include -I../Drivers/CMSIS/Include -O0 -ffunction-sections -fdata-sections -Wall -fstack-usage -fcyclomatic-complexity -MMD -MP -MF"Core/Src/main.d" -MT"Core/Src/main.o" --specs=nano.specs -mfpu=fpv4-sp-d16 -mfloat-abi=hard -mthumb -o "Core/Src/main.o"
arm-none-eabi-gcc -o "firmware_temp.elf" @"objects.list"   -mcpu=cortex-m4 -T"C:\Users\eboyer2\395\AirSticks\firmware\firmware_temp\STM32G441KBTX_FLASH.ld" --specs=nosys.specs -Wl,-Map="firmware_temp.map" -Wl,--gc-sections -static --specs=nano.specs -mfpu=fpv4-sp-d16 -mfloat-abi=hard -mthumb -Wl,--start-group -lc -lm -Wl,--end-group
Finished building target: firmware_temp.elf
 
arm-none-eabi-size   firmware_temp.elf 
arm-none-eabi-objdump -h -S  firmware_temp.elf  > "firmware_temp.list"
   text	   data	    bss	    dec	    hex	filename
  17680	    112	   2224	  20016	   4e30	firmware_temp.elf
Finished building: default.size.stdout
 
Finished building: firmware_temp.list
 
19:36:01 **** Incremental Build of configuration Debug for project firmware_temp ****
make -j12 all 
arm-none-eabi-size   firmware_temp.elf 
   text	   data	    bss	    dec	    hex	filename
  17680	    112	   2224	  20016	   4e30	firmware_temp.elf
Finished building: default.size.stdout
 
19:36:51 **** Incremental Build of configuration Debug for project firmware_temp ****
make -j12 all 
arm-none-eabi-size   firmware_temp.elf 
   text	   data	    bss	    dec	    hex	filename
  17680	    112	   2224	  20016	   4e30	firmware_temp.elf
Finished building: default.size.stdout
 
19:37:17 **** Incremental Build of configuration Debug for project firmware_temp ****
make -j12 all 
arm-none-eabi-size   firmware_temp.elf 
   text	   data	    bss	    dec	    hex	filename
  17680	    112	   2224	  20016	   4e30	firmware_temp.elf
Finished building: default.size.stdout
 
19:38:01 **** Incremental Build of configuration Debug for project firmware_temp ****
make -j12 all 
arm-none-eabi-gcc "../Core/Src/main.c" -mcpu=cortex-m4 -std=gnu11 -g3 -DDEBUG -DUSE_HAL_DRIVER -DSTM32G441xx -c -I../Core/Inc -I../Drivers/STM32G4xx_HAL_Driver/Inc -I../Drivers/STM32G4xx_HAL_Driver/Inc/Legacy -I../Drivers/CMSIS/Device/ST/STM32G4xx/Include -I../Drivers/CMSIS/Include -O0 -ffunction-sections -fdata-sections -Wall -fstack-usage -fcyclomatic-complexity -MMD -MP -MF"Core/Src/main.d" -MT"Core/Src/main.o" --specs=nano.specs -mfpu=fpv4-sp-d16 -mfloat-abi=hard -mthumb -o "Core/Src/main.o"
../Core/Src/main.c: In function 'main':
../Core/Src/main.c:115:15: warning: unused variable 'a' [-Wunused-variable]
  115 |           int a = 1;
      |               ^
arm-none-eabi-gcc -o "firmware_temp.elf" @"objects.list"   -mcpu=cortex-m4 -T"C:\Users\eboyer2\395\AirSticks\firmware\firmware_temp\STM32G441KBTX_FLASH.ld" --specs=nosys.specs -Wl,-Map="firmware_temp.map" -Wl,--gc-sections -static --specs=nano.specs -mfpu=fpv4-sp-d16 -mfloat-abi=hard -mthumb -Wl,--start-group -lc -lm -Wl,--end-group
Finished building target: firmware_temp.elf
 
arm-none-eabi-size   firmware_temp.elf 
arm-none-eabi-objdump -h -S  firmware_temp.elf  > "firmware_temp.list"
   text	   data	    bss	    dec	    hex	filename
  14748	     20	   1884	  16652	   410c	firmware_temp.elf
Finished building: default.size.stdout
 
Finished building: firmware_temp.list
 
19:38:22 **** Incremental Build of configuration Debug for project firmware_temp ****
make -j12 all 
arm-none-eabi-size   firmware_temp.elf 
   text	   data	    bss	    dec	    hex	filename
  14748	     20	   1884	  16652	   410c	firmware_temp.elf
Finished building: default.size.stdout
 
19:38:51 **** Incremental Build of configuration Debug for project firmware_temp ****
make -j12 all 
arm-none-eabi-gcc "../Core/Src/main.c" -mcpu=cortex-m4 -std=gnu11 -g3 -DDEBUG -DUSE_HAL_DRIVER -DSTM32G441xx -c -I../Core/Inc -I../Drivers/STM32G4xx_HAL_Driver/Inc -I../Drivers/STM32G4xx_HAL_Driver/Inc/Legacy -I../Drivers/CMSIS/Device/ST/STM32G4xx/Include -I../Drivers/CMSIS/Include -O0 -ffunction-sections -fdata-sections -Wall -fstack-usage -fcyclomatic-complexity -MMD -MP -MF"Core/Src/main.d" -MT"Core/Src/main.o" --specs=nano.specs -mfpu=fpv4-sp-d16 -mfloat-abi=hard -mthumb -o "Core/Src/main.o"
../Core/Src/main.c: In function 'main':
../Core/Src/main.c:115:15: warning: unused variable 'a' [-Wunused-variable]
  115 |           int a = 1;
      |               ^
arm-none-eabi-gcc -o "firmware_temp.elf" @"objects.list"   -mcpu=cortex-m4 -T"C:\Users\eboyer2\395\AirSticks\firmware\firmware_temp\STM32G441KBTX_FLASH.ld" --specs=nosys.specs -Wl,-Map="firmware_temp.map" -Wl,--gc-sections -static --specs=nano.specs -mfpu=fpv4-sp-d16 -mfloat-abi=hard -mthumb -Wl,--start-group -lc -lm -Wl,--end-group
Finished building target: firmware_temp.elf
 
arm-none-eabi-size   firmware_temp.elf 
arm-none-eabi-objdump -h -S  firmware_temp.elf  > "firmware_temp.list"
   text	   data	    bss	    dec	    hex	filename
  17688	    112	   2224	  20024	   4e38	firmware_temp.elf
Finished building: default.size.stdout
 
Finished building: firmware_temp.list
 
19:39:08 **** Incremental Build of configuration Debug for project firmware_temp ****
make -j12 all 
arm-none-eabi-size   firmware_temp.elf 
   text	   data	    bss	    dec	    hex	filename
  17688	    112	   2224	  20024	   4e38	firmware_temp.elf
Finished building: default.size.stdout
 
19:41:34 **** Incremental Build of configuration Debug for project firmware_temp ****
make -j12 all 
arm-none-eabi-size   firmware_temp.elf 
   text	   data	    bss	    dec	    hex	filename
  17688	    112	   2224	  20024	   4e38	firmware_temp.elf
Finished building: default.size.stdout
 
19:43:19 **** Incremental Build of configuration Debug for project firmware_temp ****
make -j12 all 
arm-none-eabi-gcc "../Core/Src/main.c" -mcpu=cortex-m4 -std=gnu11 -g3 -DDEBUG -DUSE_HAL_DRIVER -DSTM32G441xx -c -I../Core/Inc -I../Drivers/STM32G4xx_HAL_Driver/Inc -I../Drivers/STM32G4xx_HAL_Driver/Inc/Legacy -I../Drivers/CMSIS/Device/ST/STM32G4xx/Include -I../Drivers/CMSIS/Include -O0 -ffunction-sections -fdata-sections -Wall -fstack-usage -fcyclomatic-complexity -MMD -MP -MF"Core/Src/main.d" -MT"Core/Src/main.o" --specs=nano.specs -mfpu=fpv4-sp-d16 -mfloat-abi=hard -mthumb -o "Core/Src/main.o"
arm-none-eabi-gcc "../Core/Inc/accelerometer.c" -mcpu=cortex-m4 -std=gnu11 -g3 -DDEBUG -DUSE_HAL_DRIVER -DSTM32G441xx -c -I../Core/Inc -I../Drivers/STM32G4xx_HAL_Driver/Inc -I../Drivers/STM32G4xx_HAL_Driver/Inc/Legacy -I../Drivers/CMSIS/Device/ST/STM32G4xx/Include -I../Drivers/CMSIS/Include -O0 -ffunction-sections -fdata-sections -Wall -fstack-usage -fcyclomatic-complexity -MMD -MP -MF"Core/Inc/accelerometer.d" -MT"Core/Inc/accelerometer.o" --specs=nano.specs -mfpu=fpv4-sp-d16 -mfloat-abi=hard -mthumb -o "Core/Inc/accelerometer.o"
../Core/Inc/accelerometer.c:5:10: fatal error: accelerometer.h: No such file or directory
    5 | #include "accelerometer.h"
      |          ^~~~~~~~~~~~~~~~~
compilation terminated.
make: *** [Core/Inc/subdir.mk:19: Core/Inc/accelerometer.o] Error 1
make: *** Waiting for unfinished jobs....
../Core/Src/main.c:21:10: fatal error: accelerometer.h: No such file or directory
   21 | #include "accelerometer.h"
      |          ^~~~~~~~~~~~~~~~~
compilation terminated.
make: *** [Core/Src/subdir.mk:34: Core/Src/main.o] Error 1
"make -j12 all" terminated with exit code 2. Build might be incomplete.
19:43:52 **** Incremental Build of configuration Debug for project firmware_temp ****
make -j12 all 
arm-none-eabi-gcc "../Core/Src/accelerometer.c" -mcpu=cortex-m4 -std=gnu11 -g3 -DDEBUG -DUSE_HAL_DRIVER -DSTM32G441xx -c -I../Core/Inc -I../Drivers/STM32G4xx_HAL_Driver/Inc -I../Drivers/STM32G4xx_HAL_Driver/Inc/Legacy -I../Drivers/CMSIS/Device/ST/STM32G4xx/Include -I../Drivers/CMSIS/Include -O0 -ffunction-sections -fdata-sections -Wall -fstack-usage -fcyclomatic-complexity -MMD -MP -MF"Core/Src/accelerometer.d" -MT"Core/Src/accelerometer.o" --specs=nano.specs -mfpu=fpv4-sp-d16 -mfloat-abi=hard -mthumb -o "Core/Src/accelerometer.o"
arm-none-eabi-gcc "../Core/Src/main.c" -mcpu=cortex-m4 -std=gnu11 -g3 -DDEBUG -DUSE_HAL_DRIVER -DSTM32G441xx -c -I../Core/Inc -I../Drivers/STM32G4xx_HAL_Driver/Inc -I../Drivers/STM32G4xx_HAL_Driver/Inc/Legacy -I../Drivers/CMSIS/Device/ST/STM32G4xx/Include -I../Drivers/CMSIS/Include -O0 -ffunction-sections -fdata-sections -Wall -fstack-usage -fcyclomatic-complexity -MMD -MP -MF"Core/Src/main.d" -MT"Core/Src/main.o" --specs=nano.specs -mfpu=fpv4-sp-d16 -mfloat-abi=hard -mthumb -o "Core/Src/main.o"
arm-none-eabi-gcc "../Core/Src/stm32g4xx_hal_msp.c" -mcpu=cortex-m4 -std=gnu11 -g3 -DDEBUG -DUSE_HAL_DRIVER -DSTM32G441xx -c -I../Core/Inc -I../Drivers/STM32G4xx_HAL_Driver/Inc -I../Drivers/STM32G4xx_HAL_Driver/Inc/Legacy -I../Drivers/CMSIS/Device/ST/STM32G4xx/Include -I../Drivers/CMSIS/Include -O0 -ffunction-sections -fdata-sections -Wall -fstack-usage -fcyclomatic-complexity -MMD -MP -MF"Core/Src/stm32g4xx_hal_msp.d" -MT"Core/Src/stm32g4xx_hal_msp.o" --specs=nano.specs -mfpu=fpv4-sp-d16 -mfloat-abi=hard -mthumb -o "Core/Src/stm32g4xx_hal_msp.o"
arm-none-eabi-gcc "../Core/Src/stm32g4xx_it.c" -mcpu=cortex-m4 -std=gnu11 -g3 -DDEBUG -DUSE_HAL_DRIVER -DSTM32G441xx -c -I../Core/Inc -I../Drivers/STM32G4xx_HAL_Driver/Inc -I../Drivers/STM32G4xx_HAL_Driver/Inc/Legacy -I../Drivers/CMSIS/Device/ST/STM32G4xx/Include -I../Drivers/CMSIS/Include -O0 -ffunction-sections -fdata-sections -Wall -fstack-usage -fcyclomatic-complexity -MMD -MP -MF"Core/Src/stm32g4xx_it.d" -MT"Core/Src/stm32g4xx_it.o" --specs=nano.specs -mfpu=fpv4-sp-d16 -mfloat-abi=hard -mthumb -o "Core/Src/stm32g4xx_it.o"
arm-none-eabi-gcc "../Core/Src/syscalls.c" -mcpu=cortex-m4 -std=gnu11 -g3 -DDEBUG -DUSE_HAL_DRIVER -DSTM32G441xx -c -I../Core/Inc -I../Drivers/STM32G4xx_HAL_Driver/Inc -I../Drivers/STM32G4xx_HAL_Driver/Inc/Legacy -I../Drivers/CMSIS/Device/ST/STM32G4xx/Include -I../Drivers/CMSIS/Include -O0 -ffunction-sections -fdata-sections -Wall -fstack-usage -fcyclomatic-complexity -MMD -MP -MF"Core/Src/syscalls.d" -MT"Core/Src/syscalls.o" --specs=nano.specs -mfpu=fpv4-sp-d16 -mfloat-abi=hard -mthumb -o "Core/Src/syscalls.o"
arm-none-eabi-gcc "../Core/Src/sysmem.c" -mcpu=cortex-m4 -std=gnu11 -g3 -DDEBUG -DUSE_HAL_DRIVER -DSTM32G441xx -c -I../Core/Inc -I../Drivers/STM32G4xx_HAL_Driver/Inc -I../Drivers/STM32G4xx_HAL_Driver/Inc/Legacy -I../Drivers/CMSIS/Device/ST/STM32G4xx/Include -I../Drivers/CMSIS/Include -O0 -ffunction-sections -fdata-sections -Wall -fstack-usage -fcyclomatic-complexity -MMD -MP -MF"Core/Src/sysmem.d" -MT"Core/Src/sysmem.o" --specs=nano.specs -mfpu=fpv4-sp-d16 -mfloat-abi=hard -mthumb -o "Core/Src/sysmem.o"
arm-none-eabi-gcc "../Core/Src/system_stm32g4xx.c" -mcpu=cortex-m4 -std=gnu11 -g3 -DDEBUG -DUSE_HAL_DRIVER -DSTM32G441xx -c -I../Core/Inc -I../Drivers/STM32G4xx_HAL_Driver/Inc -I../Drivers/STM32G4xx_HAL_Driver/Inc/Legacy -I../Drivers/CMSIS/Device/ST/STM32G4xx/Include -I../Drivers/CMSIS/Include -O0 -ffunction-sections -fdata-sections -Wall -fstack-usage -fcyclomatic-complexity -MMD -MP -MF"Core/Src/system_stm32g4xx.d" -MT"Core/Src/system_stm32g4xx.o" --specs=nano.specs -mfpu=fpv4-sp-d16 -mfloat-abi=hard -mthumb -o "Core/Src/system_stm32g4xx.o"
../Core/Src/main.c: In function 'main':
../Core/Src/main.c:116:15: warning: unused variable 'a' [-Wunused-variable]
  116 |           int a = 1;
      |               ^
arm-none-eabi-gcc -o "firmware_temp.elf" @"objects.list"   -mcpu=cortex-m4 -T"C:\Users\eboyer2\395\AirSticks\firmware\firmware_temp\STM32G441KBTX_FLASH.ld" --specs=nosys.specs -Wl,-Map="firmware_temp.map" -Wl,--gc-sections -static --specs=nano.specs -mfpu=fpv4-sp-d16 -mfloat-abi=hard -mthumb -Wl,--start-group -lc -lm -Wl,--end-group
Finished building target: firmware_temp.elf
 
arm-none-eabi-size   firmware_temp.elf 
arm-none-eabi-objdump -h -S  firmware_temp.elf  > "firmware_temp.list"
   text	   data	    bss	    dec	    hex	filename
  17688	    112	   2224	  20024	   4e38	firmware_temp.elf
Finished building: default.size.stdout
 
Finished building: firmware_temp.list
 
19:44:34 **** Incremental Build of configuration Debug for project firmware_temp ****
make -j12 all 
arm-none-eabi-gcc "../Core/Src/main.c" -mcpu=cortex-m4 -std=gnu11 -g3 -DDEBUG -DUSE_HAL_DRIVER -DSTM32G441xx -c -I../Core/Inc -I../Drivers/STM32G4xx_HAL_Driver/Inc -I../Drivers/STM32G4xx_HAL_Driver/Inc/Legacy -I../Drivers/CMSIS/Device/ST/STM32G4xx/Include -I../Drivers/CMSIS/Include -O0 -ffunction-sections -fdata-sections -Wall -fstack-usage -fcyclomatic-complexity -MMD -MP -MF"Core/Src/main.d" -MT"Core/Src/main.o" --specs=nano.specs -mfpu=fpv4-sp-d16 -mfloat-abi=hard -mthumb -o "Core/Src/main.o"
../Core/Src/main.c: In function 'main':
../Core/Src/main.c:119:15: warning: unused variable 'a' [-Wunused-variable]
  119 |           int a = 1;
      |               ^
arm-none-eabi-gcc -o "firmware_temp.elf" @"objects.list"   -mcpu=cortex-m4 -T"C:\Users\eboyer2\395\AirSticks\firmware\firmware_temp\STM32G441KBTX_FLASH.ld" --specs=nosys.specs -Wl,-Map="firmware_temp.map" -Wl,--gc-sections -static --specs=nano.specs -mfpu=fpv4-sp-d16 -mfloat-abi=hard -mthumb -Wl,--start-group -lc -lm -Wl,--end-group
Finished building target: firmware_temp.elf
 
arm-none-eabi-size   firmware_temp.elf 
arm-none-eabi-objdump -h -S  firmware_temp.elf  > "firmware_temp.list"
   text	   data	    bss	    dec	    hex	filename
  17688	    112	   2224	  20024	   4e38	firmware_temp.elf
Finished building: default.size.stdout
 
Finished building: firmware_temp.list
 
19:45:34 **** Incremental Build of configuration Debug for project firmware_temp ****
make -j12 all 
arm-none-eabi-gcc "../Core/Src/main.c" -mcpu=cortex-m4 -std=gnu11 -g3 -DDEBUG -DUSE_HAL_DRIVER -DSTM32G441xx -c -I../Core/Inc -I../Drivers/STM32G4xx_HAL_Driver/Inc -I../Drivers/STM32G4xx_HAL_Driver/Inc/Legacy -I../Drivers/CMSIS/Device/ST/STM32G4xx/Include -I../Drivers/CMSIS/Include -O0 -ffunction-sections -fdata-sections -Wall -fstack-usage -fcyclomatic-complexity -MMD -MP -MF"Core/Src/main.d" -MT"Core/Src/main.o" --specs=nano.specs -mfpu=fpv4-sp-d16 -mfloat-abi=hard -mthumb -o "Core/Src/main.o"
../Core/Src/main.c: In function 'main':
../Core/Src/main.c:122:15: warning: unused variable 'a' [-Wunused-variable]
  122 |           int a = 1;
      |               ^
arm-none-eabi-gcc -o "firmware_temp.elf" @"objects.list"   -mcpu=cortex-m4 -T"C:\Users\eboyer2\395\AirSticks\firmware\firmware_temp\STM32G441KBTX_FLASH.ld" --specs=nosys.specs -Wl,-Map="firmware_temp.map" -Wl,--gc-sections -static --specs=nano.specs -mfpu=fpv4-sp-d16 -mfloat-abi=hard -mthumb -Wl,--start-group -lc -lm -Wl,--end-group
Finished building target: firmware_temp.elf
 
arm-none-eabi-size   firmware_temp.elf 
arm-none-eabi-objdump -h -S  firmware_temp.elf  > "firmware_temp.list"
   text	   data	    bss	    dec	    hex	filename
  20864	    192	   2224	  23280	   5af0	firmware_temp.elf
Finished building: default.size.stdout
 
Finished building: firmware_temp.list
 
19:45:59 **** Incremental Build of configuration Debug for project firmware_temp ****
make -j12 all 
arm-none-eabi-gcc "../Core/Src/main.c" -mcpu=cortex-m4 -std=gnu11 -g3 -DDEBUG -DUSE_HAL_DRIVER -DSTM32G441xx -c -I../Core/Inc -I../Drivers/STM32G4xx_HAL_Driver/Inc -I../Drivers/STM32G4xx_HAL_Driver/Inc/Legacy -I../Drivers/CMSIS/Device/ST/STM32G4xx/Include -I../Drivers/CMSIS/Include -O0 -ffunction-sections -fdata-sections -Wall -fstack-usage -fcyclomatic-complexity -MMD -MP -MF"Core/Src/main.d" -MT"Core/Src/main.o" --specs=nano.specs -mfpu=fpv4-sp-d16 -mfloat-abi=hard -mthumb -o "Core/Src/main.o"
arm-none-eabi-gcc -o "firmware_temp.elf" @"objects.list"   -mcpu=cortex-m4 -T"C:\Users\eboyer2\395\AirSticks\firmware\firmware_temp\STM32G441KBTX_FLASH.ld" --specs=nosys.specs -Wl,-Map="firmware_temp.map" -Wl,--gc-sections -static --specs=nano.specs -mfpu=fpv4-sp-d16 -mfloat-abi=hard -mthumb -Wl,--start-group -lc -lm -Wl,--end-group
Finished building target: firmware_temp.elf
 
arm-none-eabi-size   firmware_temp.elf 
arm-none-eabi-objdump -h -S  firmware_temp.elf  > "firmware_temp.list"
   text	   data	    bss	    dec	    hex	filename
  20892	    192	   2232	  23316	   5b14	firmware_temp.elf
Finished building: default.size.stdout
 
Finished building: firmware_temp.list
 
19:46:22 **** Incremental Build of configuration Debug for project firmware_temp ****
make -j12 all 
arm-none-eabi-gcc "../Core/Src/main.c" -mcpu=cortex-m4 -std=gnu11 -g3 -DDEBUG -DUSE_HAL_DRIVER -DSTM32G441xx -c -I../Core/Inc -I../Drivers/STM32G4xx_HAL_Driver/Inc -I../Drivers/STM32G4xx_HAL_Driver/Inc/Legacy -I../Drivers/CMSIS/Device/ST/STM32G4xx/Include -I../Drivers/CMSIS/Include -O0 -ffunction-sections -fdata-sections -Wall -fstack-usage -fcyclomatic-complexity -MMD -MP -MF"Core/Src/main.d" -MT"Core/Src/main.o" --specs=nano.specs -mfpu=fpv4-sp-d16 -mfloat-abi=hard -mthumb -o "Core/Src/main.o"
arm-none-eabi-gcc -o "firmware_temp.elf" @"objects.list"   -mcpu=cortex-m4 -T"C:\Users\eboyer2\395\AirSticks\firmware\firmware_temp\STM32G441KBTX_FLASH.ld" --specs=nosys.specs -Wl,-Map="firmware_temp.map" -Wl,--gc-sections -static --specs=nano.specs -mfpu=fpv4-sp-d16 -mfloat-abi=hard -mthumb -Wl,--start-group -lc -lm -Wl,--end-group
Finished building target: firmware_temp.elf
 
arm-none-eabi-size   firmware_temp.elf 
arm-none-eabi-objdump -h -S  firmware_temp.elf  > "firmware_temp.list"
   text	   data	    bss	    dec	    hex	filename
  22644	    192	   2232	  25068	   61ec	firmware_temp.elf
Finished building: default.size.stdout
 
Finished building: firmware_temp.list
 
19:48:33 **** Incremental Build of configuration Debug for project firmware_temp ****
make -j12 all 
arm-none-eabi-gcc "../Core/Src/main.c" -mcpu=cortex-m4 -std=gnu11 -g3 -DDEBUG -DUSE_HAL_DRIVER -DSTM32G441xx -c -I../Core/Inc -I../Drivers/STM32G4xx_HAL_Driver/Inc -I../Drivers/STM32G4xx_HAL_Driver/Inc/Legacy -I../Drivers/CMSIS/Device/ST/STM32G4xx/Include -I../Drivers/CMSIS/Include -O0 -ffunction-sections -fdata-sections -Wall -fstack-usage -fcyclomatic-complexity -MMD -MP -MF"Core/Src/main.d" -MT"Core/Src/main.o" --specs=nano.specs -mfpu=fpv4-sp-d16 -mfloat-abi=hard -mthumb -o "Core/Src/main.o"
../Core/Src/main.c: In function 'HAL_TIM_PeriodElapsedCallback':
../Core/Src/main.c:402:11: warning: unused variable 'msg' [-Wunused-variable]
  402 |   uint8_t msg[25] = "test\n";
      |           ^~~
arm-none-eabi-gcc -o "firmware_temp.elf" @"objects.list"   -mcpu=cortex-m4 -T"C:\Users\eboyer2\395\AirSticks\firmware\firmware_temp\STM32G441KBTX_FLASH.ld" --specs=nosys.specs -Wl,-Map="firmware_temp.map" -Wl,--gc-sections -static --specs=nano.specs -mfpu=fpv4-sp-d16 -mfloat-abi=hard -mthumb -Wl,--start-group -lc -lm -Wl,--end-group
Finished building target: firmware_temp.elf
 
arm-none-eabi-size   firmware_temp.elf 
arm-none-eabi-objdump -h -S  firmware_temp.elf  > "firmware_temp.list"
   text	   data	    bss	    dec	    hex	filename
  22672	    192	   2232	  25096	   6208	firmware_temp.elf
Finished building: default.size.stdout
 
Finished building: firmware_temp.list
 
19:49:19 **** Incremental Build of configuration Debug for project firmware_temp ****
make -j12 all 
arm-none-eabi-gcc "../Core/Src/main.c" -mcpu=cortex-m4 -std=gnu11 -g3 -DDEBUG -DUSE_HAL_DRIVER -DSTM32G441xx -c -I../Core/Inc -I../Drivers/STM32G4xx_HAL_Driver/Inc -I../Drivers/STM32G4xx_HAL_Driver/Inc/Legacy -I../Drivers/CMSIS/Device/ST/STM32G4xx/Include -I../Drivers/CMSIS/Include -O0 -ffunction-sections -fdata-sections -Wall -fstack-usage -fcyclomatic-complexity -MMD -MP -MF"Core/Src/main.d" -MT"Core/Src/main.o" --specs=nano.specs -mfpu=fpv4-sp-d16 -mfloat-abi=hard -mthumb -o "Core/Src/main.o"
../Core/Src/main.c: In function 'HAL_TIM_PeriodElapsedCallback':
../Core/Src/main.c:406:11: warning: unused variable 'msg' [-Wunused-variable]
  406 |   uint8_t msg[25] = "test\n";
      |           ^~~
arm-none-eabi-gcc -o "firmware_temp.elf" @"objects.list"   -mcpu=cortex-m4 -T"C:\Users\eboyer2\395\AirSticks\firmware\firmware_temp\STM32G441KBTX_FLASH.ld" --specs=nosys.specs -Wl,-Map="firmware_temp.map" -Wl,--gc-sections -static --specs=nano.specs -mfpu=fpv4-sp-d16 -mfloat-abi=hard -mthumb -Wl,--start-group -lc -lm -Wl,--end-group
Finished building target: firmware_temp.elf
 
arm-none-eabi-size   firmware_temp.elf 
arm-none-eabi-objdump -h -S  firmware_temp.elf  > "firmware_temp.list"
   text	   data	    bss	    dec	    hex	filename
  22904	    192	   2232	  25328	   62f0	firmware_temp.elf
Finished building: default.size.stdout
 
Finished building: firmware_temp.list
 
19:51:19 **** Incremental Build of configuration Debug for project firmware_temp ****
make -j12 all 
arm-none-eabi-gcc "../Core/Src/main.c" -mcpu=cortex-m4 -std=gnu11 -g3 -DDEBUG -DUSE_HAL_DRIVER -DSTM32G441xx -c -I../Core/Inc -I../Drivers/STM32G4xx_HAL_Driver/Inc -I../Drivers/STM32G4xx_HAL_Driver/Inc/Legacy -I../Drivers/CMSIS/Device/ST/STM32G4xx/Include -I../Drivers/CMSIS/Include -O0 -ffunction-sections -fdata-sections -Wall -fstack-usage -fcyclomatic-complexity -MMD -MP -MF"Core/Src/main.d" -MT"Core/Src/main.o" --specs=nano.specs -mfpu=fpv4-sp-d16 -mfloat-abi=hard -mthumb -o "Core/Src/main.o"
../Core/Src/main.c: In function 'HAL_TIM_PeriodElapsedCallback':
../Core/Src/main.c:408:11: warning: unused variable 'msg' [-Wunused-variable]
  408 |   uint8_t msg[25] = "test\n";
      |           ^~~
arm-none-eabi-gcc -o "firmware_temp.elf" @"objects.list"   -mcpu=cortex-m4 -T"C:\Users\eboyer2\395\AirSticks\firmware\firmware_temp\STM32G441KBTX_FLASH.ld" --specs=nosys.specs -Wl,-Map="firmware_temp.map" -Wl,--gc-sections -static --specs=nano.specs -mfpu=fpv4-sp-d16 -mfloat-abi=hard -mthumb -Wl,--start-group -lc -lm -Wl,--end-group
Finished building target: firmware_temp.elf
 
arm-none-eabi-size   firmware_temp.elf 
arm-none-eabi-objdump -h -S  firmware_temp.elf  > "firmware_temp.list"
   text	   data	    bss	    dec	    hex	filename
  22924	    192	   2232	  25348	   6304	firmware_temp.elf
Finished building: default.size.stdout
 
Finished building: firmware_temp.list
 
19:51:53 **** Incremental Build of configuration Debug for project firmware_temp ****
make -j12 all 
arm-none-eabi-gcc "../Core/Src/main.c" -mcpu=cortex-m4 -std=gnu11 -g3 -DDEBUG -DUSE_HAL_DRIVER -DSTM32G441xx -c -I../Core/Inc -I../Drivers/STM32G4xx_HAL_Driver/Inc -I../Drivers/STM32G4xx_HAL_Driver/Inc/Legacy -I../Drivers/CMSIS/Device/ST/STM32G4xx/Include -I../Drivers/CMSIS/Include -O0 -ffunction-sections -fdata-sections -Wall -fstack-usage -fcyclomatic-complexity -MMD -MP -MF"Core/Src/main.d" -MT"Core/Src/main.o" --specs=nano.specs -mfpu=fpv4-sp-d16 -mfloat-abi=hard -mthumb -o "Core/Src/main.o"
../Core/Src/main.c: In function 'HAL_TIM_PeriodElapsedCallback':
../Core/Src/main.c:408:11: warning: unused variable 'msg' [-Wunused-variable]
  408 |   uint8_t msg[25] = "test\n";
      |           ^~~
arm-none-eabi-gcc -o "firmware_temp.elf" @"objects.list"   -mcpu=cortex-m4 -T"C:\Users\eboyer2\395\AirSticks\firmware\firmware_temp\STM32G441KBTX_FLASH.ld" --specs=nosys.specs -Wl,-Map="firmware_temp.map" -Wl,--gc-sections -static --specs=nano.specs -mfpu=fpv4-sp-d16 -mfloat-abi=hard -mthumb -Wl,--start-group -lc -lm -Wl,--end-group
Finished building target: firmware_temp.elf
 
arm-none-eabi-size   firmware_temp.elf 
arm-none-eabi-objdump -h -S  firmware_temp.elf  > "firmware_temp.list"
   text	   data	    bss	    dec	    hex	filename
  21156	    192	   2232	  23580	   5c1c	firmware_temp.elf
Finished building: default.size.stdout
 
Finished building: firmware_temp.list
 
19:53:18 **** Incremental Build of configuration Debug for project firmware_temp ****
make -j12 all 
arm-none-eabi-gcc "../Core/Src/main.c" -mcpu=cortex-m4 -std=gnu11 -g3 -DDEBUG -DUSE_HAL_DRIVER -DSTM32G441xx -c -I../Core/Inc -I../Drivers/STM32G4xx_HAL_Driver/Inc -I../Drivers/STM32G4xx_HAL_Driver/Inc/Legacy -I../Drivers/CMSIS/Device/ST/STM32G4xx/Include -I../Drivers/CMSIS/Include -O0 -ffunction-sections -fdata-sections -Wall -fstack-usage -fcyclomatic-complexity -MMD -MP -MF"Core/Src/main.d" -MT"Core/Src/main.o" --specs=nano.specs -mfpu=fpv4-sp-d16 -mfloat-abi=hard -mthumb -o "Core/Src/main.o"
../Core/Src/main.c: In function 'HAL_TIM_PeriodElapsedCallback':
../Core/Src/main.c:413:11: warning: unused variable 'msg' [-Wunused-variable]
  413 |   uint8_t msg[25] = "test\n";
      |           ^~~
arm-none-eabi-gcc -o "firmware_temp.elf" @"objects.list"   -mcpu=cortex-m4 -T"C:\Users\eboyer2\395\AirSticks\firmware\firmware_temp\STM32G441KBTX_FLASH.ld" --specs=nosys.specs -Wl,-Map="firmware_temp.map" -Wl,--gc-sections -static --specs=nano.specs -mfpu=fpv4-sp-d16 -mfloat-abi=hard -mthumb -Wl,--start-group -lc -lm -Wl,--end-group
Finished building target: firmware_temp.elf
 
arm-none-eabi-size   firmware_temp.elf 
arm-none-eabi-objdump -h -S  firmware_temp.elf  > "firmware_temp.list"
   text	   data	    bss	    dec	    hex	filename
  21192	    192	   2232	  23616	   5c40	firmware_temp.elf
Finished building: default.size.stdout
 
Finished building: firmware_temp.list
 
20:01:50 **** Incremental Build of configuration Debug for project firmware_temp ****
make -j12 all 
arm-none-eabi-size   firmware_temp.elf 
   text	   data	    bss	    dec	    hex	filename
  21192	    192	   2232	  23616	   5c40	firmware_temp.elf
Finished building: default.size.stdout
 
20:04:43 **** Incremental Build of configuration Debug for project firmware_temp ****
make -j12 all 
arm-none-eabi-gcc "../Core/Src/accelerometer.c" -mcpu=cortex-m4 -std=gnu11 -g3 -DDEBUG -DUSE_HAL_DRIVER -DSTM32G441xx -c -I../Core/Inc -I../Drivers/STM32G4xx_HAL_Driver/Inc -I../Drivers/STM32G4xx_HAL_Driver/Inc/Legacy -I../Drivers/CMSIS/Device/ST/STM32G4xx/Include -I../Drivers/CMSIS/Include -O0 -ffunction-sections -fdata-sections -Wall -fstack-usage -fcyclomatic-complexity -MMD -MP -MF"Core/Src/accelerometer.d" -MT"Core/Src/accelerometer.o" --specs=nano.specs -mfpu=fpv4-sp-d16 -mfloat-abi=hard -mthumb -o "Core/Src/accelerometer.o"
arm-none-eabi-gcc "../Core/Src/main.c" -mcpu=cortex-m4 -std=gnu11 -g3 -DDEBUG -DUSE_HAL_DRIVER -DSTM32G441xx -c -I../Core/Inc -I../Drivers/STM32G4xx_HAL_Driver/Inc -I../Drivers/STM32G4xx_HAL_Driver/Inc/Legacy -I../Drivers/CMSIS/Device/ST/STM32G4xx/Include -I../Drivers/CMSIS/Include -O0 -ffunction-sections -fdata-sections -Wall -fstack-usage -fcyclomatic-complexity -MMD -MP -MF"Core/Src/main.d" -MT"Core/Src/main.o" --specs=nano.specs -mfpu=fpv4-sp-d16 -mfloat-abi=hard -mthumb -o "Core/Src/main.o"
../Core/Src/accelerometer.c: In function 'acc_init':
../Core/Src/accelerometer.c:41:39: error: 'MLC_INT1' undeclared (first use in this function)
   41 |     status = accelerometer_write(acc, MLC_INT1, 0x80);
      |                                       ^~~~~~~~
../Core/Src/accelerometer.c:41:39: note: each undeclared identifier is reported only once for each function it appears in
../Core/Src/accelerometer.c:45:39: error: 'MLC_EN' undeclared (first use in this function)
   45 |     status = accelerometer_write(acc, MLC_EN, 0x10);
      |                                       ^~~~~~
../Core/Src/main.c: In function 'HAL_TIM_PeriodElapsedCallback':
../Core/Src/main.c:415:11: warning: unused variable 'msg' [-Wunused-variable]
  415 |   uint8_t msg[25] = "test\n";
      |           ^~~
../Core/Src/accelerometer.c:52:33: error: 'mlc_configuration' undeclared (first use in this function)
   52 |     for (int i = 0; i < (sizeof(mlc_configuration) /
      |                                 ^~~~~~~~~~~~~~~~~
../Core/Src/accelerometer.c:53:30: error: 'ucf_line_t' undeclared (first use in this function)
   53 |                       sizeof(ucf_line_t) ); i++ ) {
      |                              ^~~~~~~~~~
make: *** [Core/Src/subdir.mk:37: Core/Src/accelerometer.o] Error 1
make: *** Waiting for unfinished jobs....
"make -j12 all" terminated with exit code 2. Build might be incomplete.
20:05:07 **** Incremental Build of configuration Debug for project firmware_temp ****
make -j12 all 
arm-none-eabi-gcc "../Core/Src/accelerometer.c" -mcpu=cortex-m4 -std=gnu11 -g3 -DDEBUG -DUSE_HAL_DRIVER -DSTM32G441xx -c -I../Core/Inc -I../Drivers/STM32G4xx_HAL_Driver/Inc -I../Drivers/STM32G4xx_HAL_Driver/Inc/Legacy -I../Drivers/CMSIS/Device/ST/STM32G4xx/Include -I../Drivers/CMSIS/Include -O0 -ffunction-sections -fdata-sections -Wall -fstack-usage -fcyclomatic-complexity -MMD -MP -MF"Core/Src/accelerometer.d" -MT"Core/Src/accelerometer.o" --specs=nano.specs -mfpu=fpv4-sp-d16 -mfloat-abi=hard -mthumb -o "Core/Src/accelerometer.o"
../Core/Src/accelerometer.c:7:10: fatal error: MLC_configuration.h: No such file or directory
    7 | #include "MLC_configuration.h"
      |          ^~~~~~~~~~~~~~~~~~~~~
compilation terminated.
make: *** [Core/Src/subdir.mk:37: Core/Src/accelerometer.o] Error 1
"make -j12 all" terminated with exit code 2. Build might be incomplete.
20:05:37 **** Incremental Build of configuration Debug for project firmware_temp ****
make -j12 all 
arm-none-eabi-gcc "../Core/Src/accelerometer.c" -mcpu=cortex-m4 -std=gnu11 -g3 -DDEBUG -DUSE_HAL_DRIVER -DSTM32G441xx -c -I../Core/Inc -I../Drivers/STM32G4xx_HAL_Driver/Inc -I../Drivers/STM32G4xx_HAL_Driver/Inc/Legacy -I../Drivers/CMSIS/Device/ST/STM32G4xx/Include -I../Drivers/CMSIS/Include -O0 -ffunction-sections -fdata-sections -Wall -fstack-usage -fcyclomatic-complexity -MMD -MP -MF"Core/Src/accelerometer.d" -MT"Core/Src/accelerometer.o" --specs=nano.specs -mfpu=fpv4-sp-d16 -mfloat-abi=hard -mthumb -o "Core/Src/accelerometer.o"
../Core/Src/accelerometer.c: In function 'acc_init':
../Core/Src/accelerometer.c:42:39: error: 'MLC_INT1' undeclared (first use in this function)
   42 |     status = accelerometer_write(acc, MLC_INT1, 0x80);
      |                                       ^~~~~~~~
../Core/Src/accelerometer.c:42:39: note: each undeclared identifier is reported only once for each function it appears in
../Core/Src/accelerometer.c:46:39: error: 'MLC_EN' undeclared (first use in this function)
   46 |     status = accelerometer_write(acc, MLC_EN, 0x10);
      |                                       ^~~~~~
make: *** [Core/Src/subdir.mk:37: Core/Src/accelerometer.o] Error 1
"make -j12 all" terminated with exit code 2. Build might be incomplete.
20:06:18 **** Incremental Build of configuration Debug for project firmware_temp ****
make -j12 all 
arm-none-eabi-gcc "../Core/Src/accelerometer.c" -mcpu=cortex-m4 -std=gnu11 -g3 -DDEBUG -DUSE_HAL_DRIVER -DSTM32G441xx -c -I../Core/Inc -I../Drivers/STM32G4xx_HAL_Driver/Inc -I../Drivers/STM32G4xx_HAL_Driver/Inc/Legacy -I../Drivers/CMSIS/Device/ST/STM32G4xx/Include -I../Drivers/CMSIS/Include -O0 -ffunction-sections -fdata-sections -Wall -fstack-usage -fcyclomatic-complexity -MMD -MP -MF"Core/Src/accelerometer.d" -MT"Core/Src/accelerometer.o" --specs=nano.specs -mfpu=fpv4-sp-d16 -mfloat-abi=hard -mthumb -o "Core/Src/accelerometer.o"
arm-none-eabi-gcc "../Core/Src/main.c" -mcpu=cortex-m4 -std=gnu11 -g3 -DDEBUG -DUSE_HAL_DRIVER -DSTM32G441xx -c -I../Core/Inc -I../Drivers/STM32G4xx_HAL_Driver/Inc -I../Drivers/STM32G4xx_HAL_Driver/Inc/Legacy -I../Drivers/CMSIS/Device/ST/STM32G4xx/Include -I../Drivers/CMSIS/Include -O0 -ffunction-sections -fdata-sections -Wall -fstack-usage -fcyclomatic-complexity -MMD -MP -MF"Core/Src/main.d" -MT"Core/Src/main.o" --specs=nano.specs -mfpu=fpv4-sp-d16 -mfloat-abi=hard -mthumb -o "Core/Src/main.o"
../Core/Src/main.c: In function 'HAL_TIM_PeriodElapsedCallback':
../Core/Src/main.c:415:11: warning: unused variable 'msg' [-Wunused-variable]
  415 |   uint8_t msg[25] = "test\n";
      |           ^~~
arm-none-eabi-gcc -o "firmware_temp.elf" @"objects.list"   -mcpu=cortex-m4 -T"C:\Users\eboyer2\395\AirSticks\firmware\firmware_temp\STM32G441KBTX_FLASH.ld" --specs=nosys.specs -Wl,-Map="firmware_temp.map" -Wl,--gc-sections -static --specs=nano.specs -mfpu=fpv4-sp-d16 -mfloat-abi=hard -mthumb -Wl,--start-group -lc -lm -Wl,--end-group
Finished building target: firmware_temp.elf
 
arm-none-eabi-size   firmware_temp.elf 
arm-none-eabi-objdump -h -S  firmware_temp.elf  > "firmware_temp.list"
   text	   data	    bss	    dec	    hex	filename
  21972	    192	   2232	  24396	   5f4c	firmware_temp.elf
Finished building: default.size.stdout
 
Finished building: firmware_temp.list
 
20:10:26 **** Incremental Build of configuration Debug for project firmware_temp ****
make -j12 all 
arm-none-eabi-gcc "../Core/Src/accelerometer.c" -mcpu=cortex-m4 -std=gnu11 -g3 -DDEBUG -DUSE_HAL_DRIVER -DSTM32G441xx -c -I../Core/Inc -I../Drivers/STM32G4xx_HAL_Driver/Inc -I../Drivers/STM32G4xx_HAL_Driver/Inc/Legacy -I../Drivers/CMSIS/Device/ST/STM32G4xx/Include -I../Drivers/CMSIS/Include -O0 -ffunction-sections -fdata-sections -Wall -fstack-usage -fcyclomatic-complexity -MMD -MP -MF"Core/Src/accelerometer.d" -MT"Core/Src/accelerometer.o" --specs=nano.specs -mfpu=fpv4-sp-d16 -mfloat-abi=hard -mthumb -o "Core/Src/accelerometer.o"
arm-none-eabi-gcc "../Core/Src/main.c" -mcpu=cortex-m4 -std=gnu11 -g3 -DDEBUG -DUSE_HAL_DRIVER -DSTM32G441xx -c -I../Core/Inc -I../Drivers/STM32G4xx_HAL_Driver/Inc -I../Drivers/STM32G4xx_HAL_Driver/Inc/Legacy -I../Drivers/CMSIS/Device/ST/STM32G4xx/Include -I../Drivers/CMSIS/Include -O0 -ffunction-sections -fdata-sections -Wall -fstack-usage -fcyclomatic-complexity -MMD -MP -MF"Core/Src/main.d" -MT"Core/Src/main.o" --specs=nano.specs -mfpu=fpv4-sp-d16 -mfloat-abi=hard -mthumb -o "Core/Src/main.o"
../Core/Src/main.c: In function 'main':
../Core/Src/main.c:125:11: warning: implicit declaration of function 'accelerometer_read'; did you mean 'accelerometer_write'? [-Wimplicit-function-declaration]
  125 |           accelerometer_read(&xl_r, MLC_STATUS_MAINPAGE, status_mlc1);
      |           ^~~~~~~~~~~~~~~~~~
      |           accelerometer_write
../Core/Src/main.c:125:58: error: 'status_mlc1' undeclared (first use in this function)
  125 |           accelerometer_read(&xl_r, MLC_STATUS_MAINPAGE, status_mlc1);
      |                                                          ^~~~~~~~~~~
../Core/Src/main.c:125:58: note: each undeclared identifier is reported only once for each function it appears in
../Core/Src/main.c: In function 'HAL_TIM_PeriodElapsedCallback':
../Core/Src/main.c:418:11: warning: unused variable 'msg' [-Wunused-variable]
  418 |   uint8_t msg[25] = "test\n";
      |           ^~~
make: *** [Core/Src/subdir.mk:37: Core/Src/main.o] Error 1
make: *** Waiting for unfinished jobs....
"make -j12 all" terminated with exit code 2. Build might be incomplete.
20:11:09 **** Incremental Build of configuration Debug for project firmware_temp ****
make -j12 all 
arm-none-eabi-gcc "../Core/Src/main.c" -mcpu=cortex-m4 -std=gnu11 -g3 -DDEBUG -DUSE_HAL_DRIVER -DSTM32G441xx -c -I../Core/Inc -I../Drivers/STM32G4xx_HAL_Driver/Inc -I../Drivers/STM32G4xx_HAL_Driver/Inc/Legacy -I../Drivers/CMSIS/Device/ST/STM32G4xx/Include -I../Drivers/CMSIS/Include -O0 -ffunction-sections -fdata-sections -Wall -fstack-usage -fcyclomatic-complexity -MMD -MP -MF"Core/Src/main.d" -MT"Core/Src/main.o" --specs=nano.specs -mfpu=fpv4-sp-d16 -mfloat-abi=hard -mthumb -o "Core/Src/main.o"
../Core/Src/main.c: In function 'main':
../Core/Src/main.c:128:11: warning: implicit declaration of function 'accelerometer_read'; did you mean 'accelerometer_write'? [-Wimplicit-function-declaration]
  128 |           accelerometer_read(&xl_r, MLC_STATUS_MAINPAGE, status_mlc1);
      |           ^~~~~~~~~~~~~~~~~~
      |           accelerometer_write
../Core/Src/main.c: In function 'HAL_TIM_PeriodElapsedCallback':
../Core/Src/main.c:421:11: warning: unused variable 'msg' [-Wunused-variable]
  421 |   uint8_t msg[25] = "test\n";
      |           ^~~
arm-none-eabi-gcc -o "firmware_temp.elf" @"objects.list"   -mcpu=cortex-m4 -T"C:\Users\eboyer2\395\AirSticks\firmware\firmware_temp\STM32G441KBTX_FLASH.ld" --specs=nosys.specs -Wl,-Map="firmware_temp.map" -Wl,--gc-sections -static --specs=nano.specs -mfpu=fpv4-sp-d16 -mfloat-abi=hard -mthumb -Wl,--start-group -lc -lm -Wl,--end-group
Finished building target: firmware_temp.elf
 
arm-none-eabi-size   firmware_temp.elf 
arm-none-eabi-objdump -h -S  firmware_temp.elf  > "firmware_temp.list"
   text	   data	    bss	    dec	    hex	filename
  23808	    192	   2232	  26232	   6678	firmware_temp.elf
Finished building: default.size.stdout
 
Finished building: firmware_temp.list
 
20:13:55 **** Incremental Build of configuration Debug for project firmware_temp ****
make -j12 all 
arm-none-eabi-gcc "../Core/Src/accelerometer.c" -mcpu=cortex-m4 -std=gnu11 -g3 -DDEBUG -DUSE_HAL_DRIVER -DSTM32G441xx -c -I../Core/Inc -I../Drivers/STM32G4xx_HAL_Driver/Inc -I../Drivers/STM32G4xx_HAL_Driver/Inc/Legacy -I../Drivers/CMSIS/Device/ST/STM32G4xx/Include -I../Drivers/CMSIS/Include -O0 -ffunction-sections -fdata-sections -Wall -fstack-usage -fcyclomatic-complexity -MMD -MP -MF"Core/Src/accelerometer.d" -MT"Core/Src/accelerometer.o" --specs=nano.specs -mfpu=fpv4-sp-d16 -mfloat-abi=hard -mthumb -o "Core/Src/accelerometer.o"
arm-none-eabi-gcc "../Core/Src/main.c" -mcpu=cortex-m4 -std=gnu11 -g3 -DDEBUG -DUSE_HAL_DRIVER -DSTM32G441xx -c -I../Core/Inc -I../Drivers/STM32G4xx_HAL_Driver/Inc -I../Drivers/STM32G4xx_HAL_Driver/Inc/Legacy -I../Drivers/CMSIS/Device/ST/STM32G4xx/Include -I../Drivers/CMSIS/Include -O0 -ffunction-sections -fdata-sections -Wall -fstack-usage -fcyclomatic-complexity -MMD -MP -MF"Core/Src/main.d" -MT"Core/Src/main.o" --specs=nano.specs -mfpu=fpv4-sp-d16 -mfloat-abi=hard -mthumb -o "Core/Src/main.o"
../Core/Src/main.c: In function 'main':
../Core/Src/main.c:130:11: warning: implicit declaration of function 'accelerometer_read'; did you mean 'accelerometer_write'? [-Wimplicit-function-declaration]
  130 |           accelerometer_read(&xl_r, WHO_AM_I, status_mlc1);
      |           ^~~~~~~~~~~~~~~~~~
      |           accelerometer_write
../Core/Src/main.c: In function 'HAL_TIM_PeriodElapsedCallback':
../Core/Src/main.c:423:11: warning: unused variable 'msg' [-Wunused-variable]
  423 |   uint8_t msg[25] = "test\n";
      |           ^~~
arm-none-eabi-gcc -o "firmware_temp.elf" @"objects.list"   -mcpu=cortex-m4 -T"C:\Users\eboyer2\395\AirSticks\firmware\firmware_temp\STM32G441KBTX_FLASH.ld" --specs=nosys.specs -Wl,-Map="firmware_temp.map" -Wl,--gc-sections -static --specs=nano.specs -mfpu=fpv4-sp-d16 -mfloat-abi=hard -mthumb -Wl,--start-group -lc -lm -Wl,--end-group
Finished building target: firmware_temp.elf
 
arm-none-eabi-size   firmware_temp.elf 
arm-none-eabi-objdump -h -S  firmware_temp.elf  > "firmware_temp.list"
   text	   data	    bss	    dec	    hex	filename
  23800	    192	   2232	  26224	   6670	firmware_temp.elf
Finished building: default.size.stdout
 
Finished building: firmware_temp.list
 
20:14:48 **** Incremental Build of configuration Debug for project firmware_temp ****
make -j12 all 
arm-none-eabi-size   firmware_temp.elf 
   text	   data	    bss	    dec	    hex	filename
  23800	    192	   2232	  26224	   6670	firmware_temp.elf
Finished building: default.size.stdout
 
20:21:44 **** Incremental Build of configuration Debug for project firmware_temp ****
make -j12 all 
arm-none-eabi-gcc "../Core/Src/accelerometer.c" -mcpu=cortex-m4 -std=gnu11 -g3 -DDEBUG -DUSE_HAL_DRIVER -DSTM32G441xx -c -I../Core/Inc -I../Drivers/STM32G4xx_HAL_Driver/Inc -I../Drivers/STM32G4xx_HAL_Driver/Inc/Legacy -I../Drivers/CMSIS/Device/ST/STM32G4xx/Include -I../Drivers/CMSIS/Include -O0 -ffunction-sections -fdata-sections -Wall -fstack-usage -fcyclomatic-complexity -MMD -MP -MF"Core/Src/accelerometer.d" -MT"Core/Src/accelerometer.o" --specs=nano.specs -mfpu=fpv4-sp-d16 -mfloat-abi=hard -mthumb -o "Core/Src/accelerometer.o"
arm-none-eabi-gcc -o "firmware_temp.elf" @"objects.list"   -mcpu=cortex-m4 -T"C:\Users\eboyer2\395\AirSticks\firmware\firmware_temp\STM32G441KBTX_FLASH.ld" --specs=nosys.specs -Wl,-Map="firmware_temp.map" -Wl,--gc-sections -static --specs=nano.specs -mfpu=fpv4-sp-d16 -mfloat-abi=hard -mthumb -Wl,--start-group -lc -lm -Wl,--end-group
Finished building target: firmware_temp.elf
 
arm-none-eabi-size   firmware_temp.elf 
arm-none-eabi-objdump -h -S  firmware_temp.elf  > "firmware_temp.list"
   text	   data	    bss	    dec	    hex	filename
  23800	    192	   2232	  26224	   6670	firmware_temp.elf
Finished building: default.size.stdout
 
Finished building: firmware_temp.list
 
20:22:09 **** Incremental Build of configuration Debug for project firmware_temp ****
make -j12 all 
arm-none-eabi-size   firmware_temp.elf 
   text	   data	    bss	    dec	    hex	filename
  23800	    192	   2232	  26224	   6670	firmware_temp.elf
Finished building: default.size.stdout
 
20:23:30 **** Incremental Build of configuration Debug for project firmware_temp ****
make -j12 all 
arm-none-eabi-gcc "../Core/Src/accelerometer.c" -mcpu=cortex-m4 -std=gnu11 -g3 -DDEBUG -DUSE_HAL_DRIVER -DSTM32G441xx -c -I../Core/Inc -I../Drivers/STM32G4xx_HAL_Driver/Inc -I../Drivers/STM32G4xx_HAL_Driver/Inc/Legacy -I../Drivers/CMSIS/Device/ST/STM32G4xx/Include -I../Drivers/CMSIS/Include -O0 -ffunction-sections -fdata-sections -Wall -fstack-usage -fcyclomatic-complexity -MMD -MP -MF"Core/Src/accelerometer.d" -MT"Core/Src/accelerometer.o" --specs=nano.specs -mfpu=fpv4-sp-d16 -mfloat-abi=hard -mthumb -o "Core/Src/accelerometer.o"
arm-none-eabi-gcc -o "firmware_temp.elf" @"objects.list"   -mcpu=cortex-m4 -T"C:\Users\eboyer2\395\AirSticks\firmware\firmware_temp\STM32G441KBTX_FLASH.ld" --specs=nosys.specs -Wl,-Map="firmware_temp.map" -Wl,--gc-sections -static --specs=nano.specs -mfpu=fpv4-sp-d16 -mfloat-abi=hard -mthumb -Wl,--start-group -lc -lm -Wl,--end-group
Finished building target: firmware_temp.elf
 
arm-none-eabi-size   firmware_temp.elf 
arm-none-eabi-objdump -h -S  firmware_temp.elf  > "firmware_temp.list"
   text	   data	    bss	    dec	    hex	filename
  23800	    192	   2232	  26224	   6670	firmware_temp.elf
Finished building: default.size.stdout
 
Finished building: firmware_temp.list
 
20:23:49 **** Incremental Build of configuration Debug for project firmware_temp ****
make -j12 all 
arm-none-eabi-size   firmware_temp.elf 
   text	   data	    bss	    dec	    hex	filename
  23800	    192	   2232	  26224	   6670	firmware_temp.elf
Finished building: default.size.stdout
 
20:24:18 **** Incremental Build of configuration Debug for project firmware_temp ****
make -j12 all 
arm-none-eabi-size   firmware_temp.elf 
   text	   data	    bss	    dec	    hex	filename
  23800	    192	   2232	  26224	   6670	firmware_temp.elf
Finished building: default.size.stdout
 
20:27:53 **** Incremental Build of configuration Debug for project firmware_temp ****
make -j12 all 
arm-none-eabi-gcc "../Core/Src/main.c" -mcpu=cortex-m4 -std=gnu11 -g3 -DDEBUG -DUSE_HAL_DRIVER -DSTM32G441xx -c -I../Core/Inc -I../Drivers/STM32G4xx_HAL_Driver/Inc -I../Drivers/STM32G4xx_HAL_Driver/Inc/Legacy -I../Drivers/CMSIS/Device/ST/STM32G4xx/Include -I../Drivers/CMSIS/Include -O0 -ffunction-sections -fdata-sections -Wall -fstack-usage -fcyclomatic-complexity -MMD -MP -MF"Core/Src/main.d" -MT"Core/Src/main.o" --specs=nano.specs -mfpu=fpv4-sp-d16 -mfloat-abi=hard -mthumb -o "Core/Src/main.o"
../Core/Src/main.c: In function 'main':
../Core/Src/main.c:130:20: warning: implicit declaration of function 'accelerometer_read'; did you mean 'accelerometer_write'? [-Wimplicit-function-declaration]
  130 |           status = accelerometer_read(&xl_r, WHO_AM_I, status_mlc1);
      |                    ^~~~~~~~~~~~~~~~~~
      |                    accelerometer_write
../Core/Src/main.c: In function 'HAL_TIM_PeriodElapsedCallback':
../Core/Src/main.c:423:11: warning: unused variable 'msg' [-Wunused-variable]
  423 |   uint8_t msg[25] = "test\n";
      |           ^~~
../Core/Src/main.c: In function 'main':
../Core/Src/main.c:130:20: warning: 'status_mlc1' is used uninitialized [-Wuninitialized]
  130 |           status = accelerometer_read(&xl_r, WHO_AM_I, status_mlc1);
      |                    ^~~~~~~~~~~~~~~~~~~~~~~~~~~~~~~~~~~~~~~~~~~~~~~~
arm-none-eabi-gcc -o "firmware_temp.elf" @"objects.list"   -mcpu=cortex-m4 -T"C:\Users\eboyer2\395\AirSticks\firmware\firmware_temp\STM32G441KBTX_FLASH.ld" --specs=nosys.specs -Wl,-Map="firmware_temp.map" -Wl,--gc-sections -static --specs=nano.specs -mfpu=fpv4-sp-d16 -mfloat-abi=hard -mthumb -Wl,--start-group -lc -lm -Wl,--end-group
Finished building target: firmware_temp.elf
 
arm-none-eabi-size   firmware_temp.elf 
arm-none-eabi-objdump -h -S  firmware_temp.elf  > "firmware_temp.list"
   text	   data	    bss	    dec	    hex	filename
  23804	    192	   2232	  26228	   6674	firmware_temp.elf
Finished building: default.size.stdout
 
Finished building: firmware_temp.list
 
20:31:01 **** Incremental Build of configuration Debug for project firmware_temp ****
make -j12 all 
arm-none-eabi-gcc "../Core/Src/accelerometer.c" -mcpu=cortex-m4 -std=gnu11 -g3 -DDEBUG -DUSE_HAL_DRIVER -DSTM32G441xx -c -I../Core/Inc -I../Drivers/STM32G4xx_HAL_Driver/Inc -I../Drivers/STM32G4xx_HAL_Driver/Inc/Legacy -I../Drivers/CMSIS/Device/ST/STM32G4xx/Include -I../Drivers/CMSIS/Include -O0 -ffunction-sections -fdata-sections -Wall -fstack-usage -fcyclomatic-complexity -MMD -MP -MF"Core/Src/accelerometer.d" -MT"Core/Src/accelerometer.o" --specs=nano.specs -mfpu=fpv4-sp-d16 -mfloat-abi=hard -mthumb -o "Core/Src/accelerometer.o"
../Core/Src/accelerometer.c: In function 'accelerometer_read':
../Core/Src/accelerometer.c:148:14: warning: assignment to 'uint8_t *' {aka 'unsigned char *'} from 'uint8_t' {aka 'unsigned char'} makes pointer from integer without a cast [-Wint-conversion]
  148 |         data = *read_buffer;
      |              ^
arm-none-eabi-gcc -o "firmware_temp.elf" @"objects.list"   -mcpu=cortex-m4 -T"C:\Users\eboyer2\395\AirSticks\firmware\firmware_temp\STM32G441KBTX_FLASH.ld" --specs=nosys.specs -Wl,-Map="firmware_temp.map" -Wl,--gc-sections -static --specs=nano.specs -mfpu=fpv4-sp-d16 -mfloat-abi=hard -mthumb -Wl,--start-group -lc -lm -Wl,--end-group
Finished building target: firmware_temp.elf
 
arm-none-eabi-size   firmware_temp.elf 
arm-none-eabi-objdump -h -S  firmware_temp.elf  > "firmware_temp.list"
   text	   data	    bss	    dec	    hex	filename
  23800	    192	   2232	  26224	   6670	firmware_temp.elf
Finished building: default.size.stdout
 
Finished building: firmware_temp.list
 
20:32:57 **** Incremental Build of configuration Debug for project firmware_temp ****
make -j12 all 
arm-none-eabi-gcc "../Core/Src/accelerometer.c" -mcpu=cortex-m4 -std=gnu11 -g3 -DDEBUG -DUSE_HAL_DRIVER -DSTM32G441xx -c -I../Core/Inc -I../Drivers/STM32G4xx_HAL_Driver/Inc -I../Drivers/STM32G4xx_HAL_Driver/Inc/Legacy -I../Drivers/CMSIS/Device/ST/STM32G4xx/Include -I../Drivers/CMSIS/Include -O0 -ffunction-sections -fdata-sections -Wall -fstack-usage -fcyclomatic-complexity -MMD -MP -MF"Core/Src/accelerometer.d" -MT"Core/Src/accelerometer.o" --specs=nano.specs -mfpu=fpv4-sp-d16 -mfloat-abi=hard -mthumb -o "Core/Src/accelerometer.o"
arm-none-eabi-gcc "../Core/Src/main.c" -mcpu=cortex-m4 -std=gnu11 -g3 -DDEBUG -DUSE_HAL_DRIVER -DSTM32G441xx -c -I../Core/Inc -I../Drivers/STM32G4xx_HAL_Driver/Inc -I../Drivers/STM32G4xx_HAL_Driver/Inc/Legacy -I../Drivers/CMSIS/Device/ST/STM32G4xx/Include -I../Drivers/CMSIS/Include -O0 -ffunction-sections -fdata-sections -Wall -fstack-usage -fcyclomatic-complexity -MMD -MP -MF"Core/Src/main.d" -MT"Core/Src/main.o" --specs=nano.specs -mfpu=fpv4-sp-d16 -mfloat-abi=hard -mthumb -o "Core/Src/main.o"
../Core/Src/accelerometer.c: In function 'accelerometer_read':
../Core/Src/accelerometer.c:148:14: warning: assignment to 'uint8_t *' {aka 'unsigned char *'} from 'uint8_t' {aka 'unsigned char'} makes pointer from integer without a cast [-Wint-conversion]
  148 |         data = *read_buffer;
      |              ^
../Core/Src/main.c: In function 'main':
../Core/Src/main.c:130:20: warning: implicit declaration of function 'accelerometer_read'; did you mean 'accelerometer_write'? [-Wimplicit-function-declaration]
  130 |           status = accelerometer_read(&xl_r, WHO_AM_I, &status_mlc1);
      |                    ^~~~~~~~~~~~~~~~~~
      |                    accelerometer_write
../Core/Src/main.c: In function 'HAL_TIM_PeriodElapsedCallback':
../Core/Src/main.c:423:11: warning: unused variable 'msg' [-Wunused-variable]
  423 |   uint8_t msg[25] = "test\n";
      |           ^~~
arm-none-eabi-gcc -o "firmware_temp.elf" @"objects.list"   -mcpu=cortex-m4 -T"C:\Users\eboyer2\395\AirSticks\firmware\firmware_temp\STM32G441KBTX_FLASH.ld" --specs=nosys.specs -Wl,-Map="firmware_temp.map" -Wl,--gc-sections -static --specs=nano.specs -mfpu=fpv4-sp-d16 -mfloat-abi=hard -mthumb -Wl,--start-group -lc -lm -Wl,--end-group
Finished building target: firmware_temp.elf
 
arm-none-eabi-size   firmware_temp.elf 
arm-none-eabi-objdump -h -S  firmware_temp.elf  > "firmware_temp.list"
   text	   data	    bss	    dec	    hex	filename
  23800	    192	   2232	  26224	   6670	firmware_temp.elf
Finished building: default.size.stdout
 
Finished building: firmware_temp.list
 
20:33:35 **** Incremental Build of configuration Debug for project firmware_temp ****
make -j12 all 
arm-none-eabi-gcc "../Core/Src/accelerometer.c" -mcpu=cortex-m4 -std=gnu11 -g3 -DDEBUG -DUSE_HAL_DRIVER -DSTM32G441xx -c -I../Core/Inc -I../Drivers/STM32G4xx_HAL_Driver/Inc -I../Drivers/STM32G4xx_HAL_Driver/Inc/Legacy -I../Drivers/CMSIS/Device/ST/STM32G4xx/Include -I../Drivers/CMSIS/Include -O0 -ffunction-sections -fdata-sections -Wall -fstack-usage -fcyclomatic-complexity -MMD -MP -MF"Core/Src/accelerometer.d" -MT"Core/Src/accelerometer.o" --specs=nano.specs -mfpu=fpv4-sp-d16 -mfloat-abi=hard -mthumb -o "Core/Src/accelerometer.o"
arm-none-eabi-gcc -o "firmware_temp.elf" @"objects.list"   -mcpu=cortex-m4 -T"C:\Users\eboyer2\395\AirSticks\firmware\firmware_temp\STM32G441KBTX_FLASH.ld" --specs=nosys.specs -Wl,-Map="firmware_temp.map" -Wl,--gc-sections -static --specs=nano.specs -mfpu=fpv4-sp-d16 -mfloat-abi=hard -mthumb -Wl,--start-group -lc -lm -Wl,--end-group
Finished building target: firmware_temp.elf
 
arm-none-eabi-size   firmware_temp.elf 
arm-none-eabi-objdump -h -S  firmware_temp.elf  > "firmware_temp.list"
   text	   data	    bss	    dec	    hex	filename
  23804	    192	   2232	  26228	   6674	firmware_temp.elf
Finished building: default.size.stdout
 
Finished building: firmware_temp.list
 
20:34:18 **** Incremental Build of configuration Debug for project firmware_temp ****
make -j12 all 
arm-none-eabi-gcc "../Core/Src/main.c" -mcpu=cortex-m4 -std=gnu11 -g3 -DDEBUG -DUSE_HAL_DRIVER -DSTM32G441xx -c -I../Core/Inc -I../Drivers/STM32G4xx_HAL_Driver/Inc -I../Drivers/STM32G4xx_HAL_Driver/Inc/Legacy -I../Drivers/CMSIS/Device/ST/STM32G4xx/Include -I../Drivers/CMSIS/Include -O0 -ffunction-sections -fdata-sections -Wall -fstack-usage -fcyclomatic-complexity -MMD -MP -MF"Core/Src/main.d" -MT"Core/Src/main.o" --specs=nano.specs -mfpu=fpv4-sp-d16 -mfloat-abi=hard -mthumb -o "Core/Src/main.o"
../Core/Src/main.c: In function 'main':
../Core/Src/main.c:117:12: warning: implicit declaration of function 'accelerometer_read'; did you mean 'accelerometer_write'? [-Wimplicit-function-declaration]
  117 |   status = accelerometer_read(&xl_r, WHO_AM_I, &status_mlc1);
      |            ^~~~~~~~~~~~~~~~~~
      |            accelerometer_write
../Core/Src/main.c:117:49: error: 'status_mlc1' undeclared (first use in this function)
  117 |   status = accelerometer_read(&xl_r, WHO_AM_I, &status_mlc1);
      |                                                 ^~~~~~~~~~~
../Core/Src/main.c:117:49: note: each undeclared identifier is reported only once for each function it appears in
../Core/Src/main.c: In function 'HAL_TIM_PeriodElapsedCallback':
../Core/Src/main.c:426:11: warning: unused variable 'msg' [-Wunused-variable]
  426 |   uint8_t msg[25] = "test\n";
      |           ^~~
make: *** [Core/Src/subdir.mk:37: Core/Src/main.o] Error 1
"make -j12 all" terminated with exit code 2. Build might be incomplete.
20:35:01 **** Incremental Build of configuration Debug for project firmware_temp ****
make -j12 all 
arm-none-eabi-gcc "../Core/Src/main.c" -mcpu=cortex-m4 -std=gnu11 -g3 -DDEBUG -DUSE_HAL_DRIVER -DSTM32G441xx -c -I../Core/Inc -I../Drivers/STM32G4xx_HAL_Driver/Inc -I../Drivers/STM32G4xx_HAL_Driver/Inc/Legacy -I../Drivers/CMSIS/Device/ST/STM32G4xx/Include -I../Drivers/CMSIS/Include -O0 -ffunction-sections -fdata-sections -Wall -fstack-usage -fcyclomatic-complexity -MMD -MP -MF"Core/Src/main.d" -MT"Core/Src/main.o" --specs=nano.specs -mfpu=fpv4-sp-d16 -mfloat-abi=hard -mthumb -o "Core/Src/main.o"
../Core/Src/main.c: In function 'main':
../Core/Src/main.c:119:12: warning: implicit declaration of function 'accelerometer_read'; did you mean 'accelerometer_write'? [-Wimplicit-function-declaration]
  119 |   status = accelerometer_read(&xl_r, WHO_AM_I, &status_mlc1);
      |            ^~~~~~~~~~~~~~~~~~
      |            accelerometer_write
../Core/Src/main.c:134:35: warning: format '%d' expects argument of type 'int', but argument 2 has type 'uint8_t *' {aka 'unsigned char *'} [-Wformat=]
  134 |           printf("status change: %d\r\n",&status_mlc1);
      |                                  ~^      ~~~~~~~~~~~~
      |                                   |      |
      |                                   int    uint8_t * {aka unsigned char *}
      |                                  %hhn
../Core/Src/main.c: In function 'HAL_TIM_PeriodElapsedCallback':
../Core/Src/main.c:427:11: warning: unused variable 'msg' [-Wunused-variable]
  427 |   uint8_t msg[25] = "test\n";
      |           ^~~
arm-none-eabi-gcc -o "firmware_temp.elf" @"objects.list"   -mcpu=cortex-m4 -T"C:\Users\eboyer2\395\AirSticks\firmware\firmware_temp\STM32G441KBTX_FLASH.ld" --specs=nosys.specs -Wl,-Map="firmware_temp.map" -Wl,--gc-sections -static --specs=nano.specs -mfpu=fpv4-sp-d16 -mfloat-abi=hard -mthumb -Wl,--start-group -lc -lm -Wl,--end-group
Finished building target: firmware_temp.elf
 
arm-none-eabi-size   firmware_temp.elf 
arm-none-eabi-objdump -h -S  firmware_temp.elf  > "firmware_temp.list"
   text	   data	    bss	    dec	    hex	filename
  23848	    192	   2232	  26272	   66a0	firmware_temp.elf
Finished building: default.size.stdout
 
Finished building: firmware_temp.list
 
20:38:39 **** Incremental Build of configuration Debug for project firmware_temp ****
make -j12 all 
arm-none-eabi-gcc "../Core/Src/main.c" -mcpu=cortex-m4 -std=gnu11 -g3 -DDEBUG -DUSE_HAL_DRIVER -DSTM32G441xx -c -I../Core/Inc -I../Drivers/STM32G4xx_HAL_Driver/Inc -I../Drivers/STM32G4xx_HAL_Driver/Inc/Legacy -I../Drivers/CMSIS/Device/ST/STM32G4xx/Include -I../Drivers/CMSIS/Include -O0 -ffunction-sections -fdata-sections -Wall -fstack-usage -fcyclomatic-complexity -MMD -MP -MF"Core/Src/main.d" -MT"Core/Src/main.o" --specs=nano.specs -mfpu=fpv4-sp-d16 -mfloat-abi=hard -mthumb -o "Core/Src/main.o"
../Core/Src/main.c: In function 'main':
../Core/Src/main.c:119:12: warning: implicit declaration of function 'accelerometer_read'; did you mean 'accelerometer_write'? [-Wimplicit-function-declaration]
  119 |   status = accelerometer_read(&xl_r, WHO_AM_I, &status_mlc1);
      |            ^~~~~~~~~~~~~~~~~~
      |            accelerometer_write
../Core/Src/main.c:136:35: warning: format '%d' expects argument of type 'int', but argument 2 has type 'uint8_t *' {aka 'unsigned char *'} [-Wformat=]
  136 |           printf("status change: %d\r\n",&status_mlc1);
      |                                  ~^      ~~~~~~~~~~~~
      |                                   |      |
      |                                   int    uint8_t * {aka unsigned char *}
      |                                  %hhn
../Core/Src/main.c: In function 'HAL_TIM_PeriodElapsedCallback':
../Core/Src/main.c:428:11: warning: unused variable 'msg' [-Wunused-variable]
  428 |   uint8_t msg[25] = "test\n";
      |           ^~~
arm-none-eabi-gcc -o "firmware_temp.elf" @"objects.list"   -mcpu=cortex-m4 -T"C:\Users\eboyer2\395\AirSticks\firmware\firmware_temp\STM32G441KBTX_FLASH.ld" --specs=nosys.specs -Wl,-Map="firmware_temp.map" -Wl,--gc-sections -static --specs=nano.specs -mfpu=fpv4-sp-d16 -mfloat-abi=hard -mthumb -Wl,--start-group -lc -lm -Wl,--end-group
Finished building target: firmware_temp.elf
 
arm-none-eabi-size   firmware_temp.elf 
arm-none-eabi-objdump -h -S  firmware_temp.elf  > "firmware_temp.list"
   text	   data	    bss	    dec	    hex	filename
  23848	    192	   2232	  26272	   66a0	firmware_temp.elf
Finished building: default.size.stdout
 
Finished building: firmware_temp.list
 
20:39:57 **** Incremental Build of configuration Debug for project firmware_temp ****
make -j12 all 
arm-none-eabi-gcc "../Core/Src/main.c" -mcpu=cortex-m4 -std=gnu11 -g3 -DDEBUG -DUSE_HAL_DRIVER -DSTM32G441xx -c -I../Core/Inc -I../Drivers/STM32G4xx_HAL_Driver/Inc -I../Drivers/STM32G4xx_HAL_Driver/Inc/Legacy -I../Drivers/CMSIS/Device/ST/STM32G4xx/Include -I../Drivers/CMSIS/Include -O0 -ffunction-sections -fdata-sections -Wall -fstack-usage -fcyclomatic-complexity -MMD -MP -MF"Core/Src/main.d" -MT"Core/Src/main.o" --specs=nano.specs -mfpu=fpv4-sp-d16 -mfloat-abi=hard -mthumb -o "Core/Src/main.o"
../Core/Src/main.c: In function 'main':
../Core/Src/main.c:119:12: warning: implicit declaration of function 'accelerometer_read'; did you mean 'accelerometer_write'? [-Wimplicit-function-declaration]
  119 |   status = accelerometer_read(&xl_r, WHO_AM_I, &status_mlc1);
      |            ^~~~~~~~~~~~~~~~~~
      |            accelerometer_write
../Core/Src/main.c:136:35: warning: format '%d' expects argument of type 'int', but argument 2 has type 'uint8_t *' {aka 'unsigned char *'} [-Wformat=]
  136 |           printf("status change: %d\r\n",&status_mlc1);
      |                                  ~^      ~~~~~~~~~~~~
      |                                   |      |
      |                                   int    uint8_t * {aka unsigned char *}
      |                                  %hhn
../Core/Src/main.c: In function 'HAL_TIM_PeriodElapsedCallback':
../Core/Src/main.c:428:11: warning: unused variable 'msg' [-Wunused-variable]
  428 |   uint8_t msg[25] = "test\n";
      |           ^~~
arm-none-eabi-gcc -o "firmware_temp.elf" @"objects.list"   -mcpu=cortex-m4 -T"C:\Users\eboyer2\395\AirSticks\firmware\firmware_temp\STM32G441KBTX_FLASH.ld" --specs=nosys.specs -Wl,-Map="firmware_temp.map" -Wl,--gc-sections -static --specs=nano.specs -mfpu=fpv4-sp-d16 -mfloat-abi=hard -mthumb -Wl,--start-group -lc -lm -Wl,--end-group
Finished building target: firmware_temp.elf
 
arm-none-eabi-size   firmware_temp.elf 
arm-none-eabi-objdump -h -S  firmware_temp.elf  > "firmware_temp.list"
   text	   data	    bss	    dec	    hex	filename
  23856	    192	   2232	  26280	   66a8	firmware_temp.elf
Finished building: default.size.stdout
 
Finished building: firmware_temp.list
 
20:43:43 **** Incremental Build of configuration Debug for project firmware_temp ****
make -j12 all 
arm-none-eabi-gcc "../Core/Src/main.c" -mcpu=cortex-m4 -std=gnu11 -g3 -DDEBUG -DUSE_HAL_DRIVER -DSTM32G441xx -c -I../Core/Inc -I../Drivers/STM32G4xx_HAL_Driver/Inc -I../Drivers/STM32G4xx_HAL_Driver/Inc/Legacy -I../Drivers/CMSIS/Device/ST/STM32G4xx/Include -I../Drivers/CMSIS/Include -O0 -ffunction-sections -fdata-sections -Wall -fstack-usage -fcyclomatic-complexity -MMD -MP -MF"Core/Src/main.d" -MT"Core/Src/main.o" --specs=nano.specs -mfpu=fpv4-sp-d16 -mfloat-abi=hard -mthumb -o "Core/Src/main.o"
../Core/Src/main.c: In function 'main':
../Core/Src/main.c:119:12: warning: implicit declaration of function 'accelerometer_read'; did you mean 'accelerometer_write'? [-Wimplicit-function-declaration]
  119 |   status = accelerometer_read(&xl_r, WHO_AM_I, &status_mlc1);
      |            ^~~~~~~~~~~~~~~~~~
      |            accelerometer_write
../Core/Src/main.c:136:35: warning: format '%d' expects argument of type 'int', but argument 2 has type 'uint8_t *' {aka 'unsigned char *'} [-Wformat=]
  136 |           printf("status change: %d\r\n",&status_mlc1);
      |                                  ~^      ~~~~~~~~~~~~
      |                                   |      |
      |                                   int    uint8_t * {aka unsigned char *}
      |                                  %hhn
../Core/Src/main.c:138:33: warning: format '%d' expects argument of type 'int', but argument 2 has type 'uint8_t *' {aka 'unsigned char *'} [-Wformat=]
  138 |           printf("status page: %d\r\n",&status_mlc1);
      |                                ~^      ~~~~~~~~~~~~
      |                                 |      |
      |                                 int    uint8_t * {aka unsigned char *}
      |                                %hhn
../Core/Src/main.c: In function 'HAL_TIM_PeriodElapsedCallback':
../Core/Src/main.c:429:11: warning: unused variable 'msg' [-Wunused-variable]
  429 |   uint8_t msg[25] = "test\n";
      |           ^~~
arm-none-eabi-gcc -o "firmware_temp.elf" @"objects.list"   -mcpu=cortex-m4 -T"C:\Users\eboyer2\395\AirSticks\firmware\firmware_temp\STM32G441KBTX_FLASH.ld" --specs=nosys.specs -Wl,-Map="firmware_temp.map" -Wl,--gc-sections -static --specs=nano.specs -mfpu=fpv4-sp-d16 -mfloat-abi=hard -mthumb -Wl,--start-group -lc -lm -Wl,--end-group
Finished building target: firmware_temp.elf
 
arm-none-eabi-size   firmware_temp.elf 
arm-none-eabi-objdump -h -S  firmware_temp.elf  > "firmware_temp.list"
   text	   data	    bss	    dec	    hex	filename
  23912	    192	   2232	  26336	   66e0	firmware_temp.elf
Finished building: default.size.stdout
 
Finished building: firmware_temp.list
 
20:44:20 **** Incremental Build of configuration Debug for project firmware_temp ****
make -j12 all 
arm-none-eabi-size   firmware_temp.elf 
   text	   data	    bss	    dec	    hex	filename
  23912	    192	   2232	  26336	   66e0	firmware_temp.elf
Finished building: default.size.stdout
 
12:15:02 **** Incremental Build of configuration Debug for project firmware_temp ****
make -j12 all 
arm-none-eabi-gcc "../Core/Src/main.c" -mcpu=cortex-m4 -std=gnu11 -g3 -DDEBUG -DUSE_HAL_DRIVER -DSTM32G441xx -c -I../Core/Inc -I../Drivers/STM32G4xx_HAL_Driver/Inc -I../Drivers/STM32G4xx_HAL_Driver/Inc/Legacy -I../Drivers/CMSIS/Device/ST/STM32G4xx/Include -I../Drivers/CMSIS/Include -O0 -ffunction-sections -fdata-sections -Wall -fstack-usage -fcyclomatic-complexity -MMD -MP -MF"Core/Src/main.d" -MT"Core/Src/main.o" --specs=nano.specs -mfpu=fpv4-sp-d16 -mfloat-abi=hard -mthumb -o "Core/Src/main.o"
../Core/Src/main.c: In function 'main':
../Core/Src/main.c:119:12: warning: implicit declaration of function 'accelerometer_read'; did you mean 'accelerometer_write'? [-Wimplicit-function-declaration]
  119 |   status = accelerometer_read(&xl_r, WHO_AM_I, &status_mlc1);
      |            ^~~~~~~~~~~~~~~~~~
      |            accelerometer_write
../Core/Src/main.c: In function 'HAL_TIM_PeriodElapsedCallback':
../Core/Src/main.c:429:11: warning: unused variable 'msg' [-Wunused-variable]
  429 |   uint8_t msg[25] = "test\n";
      |           ^~~
arm-none-eabi-gcc -o "firmware_temp.elf" @"objects.list"   -mcpu=cortex-m4 -T"C:\Users\eboyer2\395\AirSticks\firmware\firmware_temp\STM32G441KBTX_FLASH.ld" --specs=nosys.specs -Wl,-Map="firmware_temp.map" -Wl,--gc-sections -static --specs=nano.specs -mfpu=fpv4-sp-d16 -mfloat-abi=hard -mthumb -Wl,--start-group -lc -lm -Wl,--end-group
Finished building target: firmware_temp.elf
 
arm-none-eabi-size   firmware_temp.elf 
arm-none-eabi-objdump -h -S  firmware_temp.elf  > "firmware_temp.list"
   text	   data	    bss	    dec	    hex	filename
  23824	    192	   2232	  26248	   6688	firmware_temp.elf
Finished building: default.size.stdout
 
Finished building: firmware_temp.list
 
12:27:34 **** Incremental Build of configuration Debug for project firmware_temp ****
make -j12 all 
arm-none-eabi-gcc "../Core/Src/main.c" -mcpu=cortex-m4 -std=gnu11 -g3 -DDEBUG -DUSE_HAL_DRIVER -DSTM32G441xx -c -I../Core/Inc -I../Drivers/STM32G4xx_HAL_Driver/Inc -I../Drivers/STM32G4xx_HAL_Driver/Inc/Legacy -I../Drivers/CMSIS/Device/ST/STM32G4xx/Include -I../Drivers/CMSIS/Include -O0 -ffunction-sections -fdata-sections -Wall -fstack-usage -fcyclomatic-complexity -MMD -MP -MF"Core/Src/main.d" -MT"Core/Src/main.o" --specs=nano.specs -mfpu=fpv4-sp-d16 -mfloat-abi=hard -mthumb -o "Core/Src/main.o"
../Core/Src/main.c: In function 'main':
../Core/Src/main.c:119:12: warning: implicit declaration of function 'accelerometer_read'; did you mean 'accelerometer_write'? [-Wimplicit-function-declaration]
  119 |   status = accelerometer_read(&xl_r, WHO_AM_I, &status_mlc1);
      |            ^~~~~~~~~~~~~~~~~~
      |            accelerometer_write
../Core/Src/main.c: In function 'HAL_TIM_PeriodElapsedCallback':
../Core/Src/main.c:429:11: warning: unused variable 'msg' [-Wunused-variable]
  429 |   uint8_t msg[25] = "test\n";
      |           ^~~
arm-none-eabi-gcc -o "firmware_temp.elf" @"objects.list"   -mcpu=cortex-m4 -T"C:\Users\eboyer2\395\AirSticks\firmware\firmware_temp\STM32G441KBTX_FLASH.ld" --specs=nosys.specs -Wl,-Map="firmware_temp.map" -Wl,--gc-sections -static --specs=nano.specs -mfpu=fpv4-sp-d16 -mfloat-abi=hard -mthumb -Wl,--start-group -lc -lm -Wl,--end-group
Finished building target: firmware_temp.elf
 
arm-none-eabi-size   firmware_temp.elf 
arm-none-eabi-objdump -h -S  firmware_temp.elf  > "firmware_temp.list"
   text	   data	    bss	    dec	    hex	filename
  23836	    192	   2232	  26260	   6694	firmware_temp.elf
Finished building: default.size.stdout
 
Finished building: firmware_temp.list
 
12:37:40 **** Incremental Build of configuration Debug for project firmware_temp ****
make -j12 all 
arm-none-eabi-gcc "../Core/Src/main.c" -mcpu=cortex-m4 -std=gnu11 -g3 -DDEBUG -DUSE_HAL_DRIVER -DSTM32G441xx -c -I../Core/Inc -I../Drivers/STM32G4xx_HAL_Driver/Inc -I../Drivers/STM32G4xx_HAL_Driver/Inc/Legacy -I../Drivers/CMSIS/Device/ST/STM32G4xx/Include -I../Drivers/CMSIS/Include -O0 -ffunction-sections -fdata-sections -Wall -fstack-usage -fcyclomatic-complexity -MMD -MP -MF"Core/Src/main.d" -MT"Core/Src/main.o" --specs=nano.specs -mfpu=fpv4-sp-d16 -mfloat-abi=hard -mthumb -o "Core/Src/main.o"
arm-none-eabi-gcc "../Core/Src/stm32g4xx_hal_msp.c" -mcpu=cortex-m4 -std=gnu11 -g3 -DDEBUG -DUSE_HAL_DRIVER -DSTM32G441xx -c -I../Core/Inc -I../Drivers/STM32G4xx_HAL_Driver/Inc -I../Drivers/STM32G4xx_HAL_Driver/Inc/Legacy -I../Drivers/CMSIS/Device/ST/STM32G4xx/Include -I../Drivers/CMSIS/Include -O0 -ffunction-sections -fdata-sections -Wall -fstack-usage -fcyclomatic-complexity -MMD -MP -MF"Core/Src/stm32g4xx_hal_msp.d" -MT"Core/Src/stm32g4xx_hal_msp.o" --specs=nano.specs -mfpu=fpv4-sp-d16 -mfloat-abi=hard -mthumb -o "Core/Src/stm32g4xx_hal_msp.o"
../Core/Src/main.c: In function 'main':
../Core/Src/main.c:121:12: warning: implicit declaration of function 'accelerometer_read'; did you mean 'accelerometer_write'? [-Wimplicit-function-declaration]
  121 |   status = accelerometer_read(&xl_r, WHO_AM_I, &status_mlc1);
      |            ^~~~~~~~~~~~~~~~~~
      |            accelerometer_write
../Core/Src/main.c: In function 'HAL_TIM_PeriodElapsedCallback':
../Core/Src/main.c:478:11: warning: unused variable 'msg' [-Wunused-variable]
  478 |   uint8_t msg[25] = "test\n";
      |           ^~~
arm-none-eabi-gcc -o "firmware_temp.elf" @"objects.list"   -mcpu=cortex-m4 -T"C:\Users\eboyer2\395\AirSticks\firmware\firmware_temp\STM32G441KBTX_FLASH.ld" --specs=nosys.specs -Wl,-Map="firmware_temp.map" -Wl,--gc-sections -static --specs=nano.specs -mfpu=fpv4-sp-d16 -mfloat-abi=hard -mthumb -Wl,--start-group -lc -lm -Wl,--end-group
Finished building target: firmware_temp.elf
 
arm-none-eabi-size   firmware_temp.elf 
arm-none-eabi-objdump -h -S  firmware_temp.elf  > "firmware_temp.list"
   text	   data	    bss	    dec	    hex	filename
  24048	    192	   2304	  26544	   67b0	firmware_temp.elf
Finished building: default.size.stdout
 
Finished building: firmware_temp.list
 
12:38:12 **** Incremental Build of configuration Debug for project firmware_temp ****
make -j12 all 
arm-none-eabi-size   firmware_temp.elf 
   text	   data	    bss	    dec	    hex	filename
  24048	    192	   2304	  26544	   67b0	firmware_temp.elf
Finished building: default.size.stdout
 
12:39:20 **** Incremental Build of configuration Debug for project firmware_temp ****
make -j12 all 
arm-none-eabi-size   firmware_temp.elf 
   text	   data	    bss	    dec	    hex	filename
  24048	    192	   2304	  26544	   67b0	firmware_temp.elf
Finished building: default.size.stdout
 
12:43:08 **** Incremental Build of configuration Debug for project firmware_temp ****
make -j12 all 
arm-none-eabi-gcc "../Core/Src/main.c" -mcpu=cortex-m4 -std=gnu11 -g3 -DDEBUG -DUSE_HAL_DRIVER -DSTM32G441xx -c -I../Core/Inc -I../Drivers/STM32G4xx_HAL_Driver/Inc -I../Drivers/STM32G4xx_HAL_Driver/Inc/Legacy -I../Drivers/CMSIS/Device/ST/STM32G4xx/Include -I../Drivers/CMSIS/Include -O0 -ffunction-sections -fdata-sections -Wall -fstack-usage -fcyclomatic-complexity -MMD -MP -MF"Core/Src/main.d" -MT"Core/Src/main.o" --specs=nano.specs -mfpu=fpv4-sp-d16 -mfloat-abi=hard -mthumb -o "Core/Src/main.o"
../Core/Src/main.c: In function 'main':
../Core/Src/main.c:125:12: warning: implicit declaration of function 'accelerometer_read'; did you mean 'accelerometer_write'? [-Wimplicit-function-declaration]
  125 |   status = accelerometer_read(&xl_r, WHO_AM_I, &status_mlc1);
      |            ^~~~~~~~~~~~~~~~~~
      |            accelerometer_write
../Core/Src/main.c: In function 'HAL_TIM_PeriodElapsedCallback':
../Core/Src/main.c:482:11: warning: unused variable 'msg' [-Wunused-variable]
  482 |   uint8_t msg[25] = "test\n";
      |           ^~~
arm-none-eabi-gcc -o "firmware_temp.elf" @"objects.list"   -mcpu=cortex-m4 -T"C:\Users\eboyer2\395\AirSticks\firmware\firmware_temp\STM32G441KBTX_FLASH.ld" --specs=nosys.specs -Wl,-Map="firmware_temp.map" -Wl,--gc-sections -static --specs=nano.specs -mfpu=fpv4-sp-d16 -mfloat-abi=hard -mthumb -Wl,--start-group -lc -lm -Wl,--end-group
Finished building target: firmware_temp.elf
 
arm-none-eabi-size   firmware_temp.elf 
arm-none-eabi-objdump -h -S  firmware_temp.elf  > "firmware_temp.list"
   text	   data	    bss	    dec	    hex	filename
  24064	    192	   2304	  26560	   67c0	firmware_temp.elf
Finished building: default.size.stdout
 
Finished building: firmware_temp.list
 
12:44:04 **** Incremental Build of configuration Debug for project firmware_temp ****
make -j12 all 
arm-none-eabi-gcc "../Core/Src/main.c" -mcpu=cortex-m4 -std=gnu11 -g3 -DDEBUG -DUSE_HAL_DRIVER -DSTM32G441xx -c -I../Core/Inc -I../Drivers/STM32G4xx_HAL_Driver/Inc -I../Drivers/STM32G4xx_HAL_Driver/Inc/Legacy -I../Drivers/CMSIS/Device/ST/STM32G4xx/Include -I../Drivers/CMSIS/Include -O0 -ffunction-sections -fdata-sections -Wall -fstack-usage -fcyclomatic-complexity -MMD -MP -MF"Core/Src/main.d" -MT"Core/Src/main.o" --specs=nano.specs -mfpu=fpv4-sp-d16 -mfloat-abi=hard -mthumb -o "Core/Src/main.o"
../Core/Src/main.c: In function 'main':
../Core/Src/main.c:125:12: warning: implicit declaration of function 'accelerometer_read'; did you mean 'accelerometer_write'? [-Wimplicit-function-declaration]
  125 |   status = accelerometer_read(&xl_r, WHO_AM_I, &status_mlc1);
      |            ^~~~~~~~~~~~~~~~~~
      |            accelerometer_write
../Core/Src/main.c: In function 'HAL_TIM_PeriodElapsedCallback':
../Core/Src/main.c:482:11: warning: unused variable 'msg' [-Wunused-variable]
  482 |   uint8_t msg[25] = "test\n";
      |           ^~~
arm-none-eabi-gcc -o "firmware_temp.elf" @"objects.list"   -mcpu=cortex-m4 -T"C:\Users\eboyer2\395\AirSticks\firmware\firmware_temp\STM32G441KBTX_FLASH.ld" --specs=nosys.specs -Wl,-Map="firmware_temp.map" -Wl,--gc-sections -static --specs=nano.specs -mfpu=fpv4-sp-d16 -mfloat-abi=hard -mthumb -Wl,--start-group -lc -lm -Wl,--end-group
Finished building target: firmware_temp.elf
 
arm-none-eabi-size   firmware_temp.elf 
arm-none-eabi-objdump -h -S  firmware_temp.elf  > "firmware_temp.list"
   text	   data	    bss	    dec	    hex	filename
  24064	    192	   2304	  26560	   67c0	firmware_temp.elf
Finished building: default.size.stdout
 
Finished building: firmware_temp.list
 
12:44:55 **** Incremental Build of configuration Debug for project firmware_temp ****
make -j12 all 
arm-none-eabi-gcc "../Core/Src/main.c" -mcpu=cortex-m4 -std=gnu11 -g3 -DDEBUG -DUSE_HAL_DRIVER -DSTM32G441xx -c -I../Core/Inc -I../Drivers/STM32G4xx_HAL_Driver/Inc -I../Drivers/STM32G4xx_HAL_Driver/Inc/Legacy -I../Drivers/CMSIS/Device/ST/STM32G4xx/Include -I../Drivers/CMSIS/Include -O0 -ffunction-sections -fdata-sections -Wall -fstack-usage -fcyclomatic-complexity -MMD -MP -MF"Core/Src/main.d" -MT"Core/Src/main.o" --specs=nano.specs -mfpu=fpv4-sp-d16 -mfloat-abi=hard -mthumb -o "Core/Src/main.o"
../Core/Src/main.c: In function 'main':
../Core/Src/main.c:125:12: warning: implicit declaration of function 'accelerometer_read'; did you mean 'accelerometer_write'? [-Wimplicit-function-declaration]
  125 |   status = accelerometer_read(&xl_r, WHO_AM_I, &status_mlc1);
      |            ^~~~~~~~~~~~~~~~~~
      |            accelerometer_write
../Core/Src/main.c: In function 'HAL_TIM_PeriodElapsedCallback':
../Core/Src/main.c:482:11: warning: unused variable 'msg' [-Wunused-variable]
  482 |   uint8_t msg[25] = "test\n";
      |           ^~~
arm-none-eabi-gcc -o "firmware_temp.elf" @"objects.list"   -mcpu=cortex-m4 -T"C:\Users\eboyer2\395\AirSticks\firmware\firmware_temp\STM32G441KBTX_FLASH.ld" --specs=nosys.specs -Wl,-Map="firmware_temp.map" -Wl,--gc-sections -static --specs=nano.specs -mfpu=fpv4-sp-d16 -mfloat-abi=hard -mthumb -Wl,--start-group -lc -lm -Wl,--end-group
Finished building target: firmware_temp.elf
 
arm-none-eabi-size   firmware_temp.elf 
arm-none-eabi-objdump -h -S  firmware_temp.elf  > "firmware_temp.list"
   text	   data	    bss	    dec	    hex	filename
  24064	    192	   2304	  26560	   67c0	firmware_temp.elf
Finished building: default.size.stdout
 
Finished building: firmware_temp.list
 
12:48:37 **** Incremental Build of configuration Debug for project firmware_temp ****
make -j12 all 
arm-none-eabi-gcc "../Core/Src/main.c" -mcpu=cortex-m4 -std=gnu11 -g3 -DDEBUG -DUSE_HAL_DRIVER -DSTM32G441xx -c -I../Core/Inc -I../Drivers/STM32G4xx_HAL_Driver/Inc -I../Drivers/STM32G4xx_HAL_Driver/Inc/Legacy -I../Drivers/CMSIS/Device/ST/STM32G4xx/Include -I../Drivers/CMSIS/Include -O0 -ffunction-sections -fdata-sections -Wall -fstack-usage -fcyclomatic-complexity -MMD -MP -MF"Core/Src/main.d" -MT"Core/Src/main.o" --specs=nano.specs -mfpu=fpv4-sp-d16 -mfloat-abi=hard -mthumb -o "Core/Src/main.o"
../Core/Src/main.c: In function 'main':
../Core/Src/main.c:125:12: warning: implicit declaration of function 'accelerometer_read'; did you mean 'accelerometer_write'? [-Wimplicit-function-declaration]
  125 |   status = accelerometer_read(&xl_r, WHO_AM_I, &status_mlc1);
      |            ^~~~~~~~~~~~~~~~~~
      |            accelerometer_write
../Core/Src/main.c: In function 'HAL_TIM_PeriodElapsedCallback':
../Core/Src/main.c:490:11: warning: unused variable 'msg' [-Wunused-variable]
  490 |   uint8_t msg[25] = "test\n";
      |           ^~~
arm-none-eabi-gcc -o "firmware_temp.elf" @"objects.list"   -mcpu=cortex-m4 -T"C:\Users\eboyer2\395\AirSticks\firmware\firmware_temp\STM32G441KBTX_FLASH.ld" --specs=nosys.specs -Wl,-Map="firmware_temp.map" -Wl,--gc-sections -static --specs=nano.specs -mfpu=fpv4-sp-d16 -mfloat-abi=hard -mthumb -Wl,--start-group -lc -lm -Wl,--end-group
Finished building target: firmware_temp.elf
 
arm-none-eabi-size   firmware_temp.elf 
arm-none-eabi-objdump -h -S  firmware_temp.elf  > "firmware_temp.list"
   text	   data	    bss	    dec	    hex	filename
  24120	    192	   2304	  26616	   67f8	firmware_temp.elf
Finished building: default.size.stdout
 
Finished building: firmware_temp.list
 
12:49:30 **** Incremental Build of configuration Debug for project firmware_temp ****
make -j12 all 
arm-none-eabi-size   firmware_temp.elf 
   text	   data	    bss	    dec	    hex	filename
  24120	    192	   2304	  26616	   67f8	firmware_temp.elf
Finished building: default.size.stdout
 
12:50:51 **** Incremental Build of configuration Debug for project firmware_temp ****
make -j12 all 
arm-none-eabi-gcc "../Core/Src/main.c" -mcpu=cortex-m4 -std=gnu11 -g3 -DDEBUG -DUSE_HAL_DRIVER -DSTM32G441xx -c -I../Core/Inc -I../Drivers/STM32G4xx_HAL_Driver/Inc -I../Drivers/STM32G4xx_HAL_Driver/Inc/Legacy -I../Drivers/CMSIS/Device/ST/STM32G4xx/Include -I../Drivers/CMSIS/Include -O0 -ffunction-sections -fdata-sections -Wall -fstack-usage -fcyclomatic-complexity -MMD -MP -MF"Core/Src/main.d" -MT"Core/Src/main.o" --specs=nano.specs -mfpu=fpv4-sp-d16 -mfloat-abi=hard -mthumb -o "Core/Src/main.o"
../Core/Src/main.c: In function 'main':
../Core/Src/main.c:125:12: warning: implicit declaration of function 'accelerometer_read'; did you mean 'accelerometer_write'? [-Wimplicit-function-declaration]
  125 |   status = accelerometer_read(&xl_r, WHO_AM_I, &status_mlc1);
      |            ^~~~~~~~~~~~~~~~~~
      |            accelerometer_write
../Core/Src/main.c: In function 'HAL_TIM_PeriodElapsedCallback':
../Core/Src/main.c:490:11: warning: unused variable 'msg' [-Wunused-variable]
  490 |   uint8_t msg[25] = "test\n";
      |           ^~~
arm-none-eabi-gcc -o "firmware_temp.elf" @"objects.list"   -mcpu=cortex-m4 -T"C:\Users\eboyer2\395\AirSticks\firmware\firmware_temp\STM32G441KBTX_FLASH.ld" --specs=nosys.specs -Wl,-Map="firmware_temp.map" -Wl,--gc-sections -static --specs=nano.specs -mfpu=fpv4-sp-d16 -mfloat-abi=hard -mthumb -Wl,--start-group -lc -lm -Wl,--end-group
Finished building target: firmware_temp.elf
 
arm-none-eabi-size   firmware_temp.elf 
arm-none-eabi-objdump -h -S  firmware_temp.elf  > "firmware_temp.list"
   text	   data	    bss	    dec	    hex	filename
  24120	    192	   2304	  26616	   67f8	firmware_temp.elf
Finished building: default.size.stdout
 
Finished building: firmware_temp.list
 
12:54:33 **** Incremental Build of configuration Debug for project firmware_temp ****
make -j12 all 
arm-none-eabi-gcc "../Core/Src/main.c" -mcpu=cortex-m4 -std=gnu11 -g3 -DDEBUG -DUSE_HAL_DRIVER -DSTM32G441xx -c -I../Core/Inc -I../Drivers/STM32G4xx_HAL_Driver/Inc -I../Drivers/STM32G4xx_HAL_Driver/Inc/Legacy -I../Drivers/CMSIS/Device/ST/STM32G4xx/Include -I../Drivers/CMSIS/Include -O0 -ffunction-sections -fdata-sections -Wall -fstack-usage -fcyclomatic-complexity -MMD -MP -MF"Core/Src/main.d" -MT"Core/Src/main.o" --specs=nano.specs -mfpu=fpv4-sp-d16 -mfloat-abi=hard -mthumb -o "Core/Src/main.o"
../Core/Src/main.c: In function 'main':
../Core/Src/main.c:125:12: warning: implicit declaration of function 'accelerometer_read'; did you mean 'accelerometer_write'? [-Wimplicit-function-declaration]
  125 |   status = accelerometer_read(&xl_r, WHO_AM_I, &status_mlc1);
      |            ^~~~~~~~~~~~~~~~~~
      |            accelerometer_write
../Core/Src/main.c: In function 'HAL_TIM_PeriodElapsedCallback':
../Core/Src/main.c:494:11: warning: unused variable 'msg' [-Wunused-variable]
  494 |   uint8_t msg[25] = "test\n";
      |           ^~~
arm-none-eabi-gcc -o "firmware_temp.elf" @"objects.list"   -mcpu=cortex-m4 -T"C:\Users\eboyer2\395\AirSticks\firmware\firmware_temp\STM32G441KBTX_FLASH.ld" --specs=nosys.specs -Wl,-Map="firmware_temp.map" -Wl,--gc-sections -static --specs=nano.specs -mfpu=fpv4-sp-d16 -mfloat-abi=hard -mthumb -Wl,--start-group -lc -lm -Wl,--end-group
Finished building target: firmware_temp.elf
 
arm-none-eabi-size   firmware_temp.elf 
arm-none-eabi-objdump -h -S  firmware_temp.elf  > "firmware_temp.list"
   text	   data	    bss	    dec	    hex	filename
  24172	    192	   2304	  26668	   682c	firmware_temp.elf
Finished building: default.size.stdout
 
Finished building: firmware_temp.list
 
12:55:51 **** Incremental Build of configuration Debug for project firmware_temp ****
make -j12 all 
arm-none-eabi-gcc "../Core/Src/main.c" -mcpu=cortex-m4 -std=gnu11 -g3 -DDEBUG -DUSE_HAL_DRIVER -DSTM32G441xx -c -I../Core/Inc -I../Drivers/STM32G4xx_HAL_Driver/Inc -I../Drivers/STM32G4xx_HAL_Driver/Inc/Legacy -I../Drivers/CMSIS/Device/ST/STM32G4xx/Include -I../Drivers/CMSIS/Include -O0 -ffunction-sections -fdata-sections -Wall -fstack-usage -fcyclomatic-complexity -MMD -MP -MF"Core/Src/main.d" -MT"Core/Src/main.o" --specs=nano.specs -mfpu=fpv4-sp-d16 -mfloat-abi=hard -mthumb -o "Core/Src/main.o"
../Core/Src/main.c: In function 'main':
../Core/Src/main.c:125:12: warning: implicit declaration of function 'accelerometer_read'; did you mean 'accelerometer_write'? [-Wimplicit-function-declaration]
  125 |   status = accelerometer_read(&xl_r, WHO_AM_I, &status_mlc1);
      |            ^~~~~~~~~~~~~~~~~~
      |            accelerometer_write
../Core/Src/main.c: In function 'HAL_TIM_PeriodElapsedCallback':
../Core/Src/main.c:494:11: warning: unused variable 'msg' [-Wunused-variable]
  494 |   uint8_t msg[25] = "test\n";
      |           ^~~
arm-none-eabi-gcc -o "firmware_temp.elf" @"objects.list"   -mcpu=cortex-m4 -T"C:\Users\eboyer2\395\AirSticks\firmware\firmware_temp\STM32G441KBTX_FLASH.ld" --specs=nosys.specs -Wl,-Map="firmware_temp.map" -Wl,--gc-sections -static --specs=nano.specs -mfpu=fpv4-sp-d16 -mfloat-abi=hard -mthumb -Wl,--start-group -lc -lm -Wl,--end-group
Finished building target: firmware_temp.elf
 
arm-none-eabi-size   firmware_temp.elf 
arm-none-eabi-objdump -h -S  firmware_temp.elf  > "firmware_temp.list"
   text	   data	    bss	    dec	    hex	filename
  24228	    192	   2304	  26724	   6864	firmware_temp.elf
Finished building: default.size.stdout
 
Finished building: firmware_temp.list
 
12:56:48 **** Incremental Build of configuration Debug for project firmware_temp ****
make -j12 all 
arm-none-eabi-gcc "../Core/Src/main.c" -mcpu=cortex-m4 -std=gnu11 -g3 -DDEBUG -DUSE_HAL_DRIVER -DSTM32G441xx -c -I../Core/Inc -I../Drivers/STM32G4xx_HAL_Driver/Inc -I../Drivers/STM32G4xx_HAL_Driver/Inc/Legacy -I../Drivers/CMSIS/Device/ST/STM32G4xx/Include -I../Drivers/CMSIS/Include -O0 -ffunction-sections -fdata-sections -Wall -fstack-usage -fcyclomatic-complexity -MMD -MP -MF"Core/Src/main.d" -MT"Core/Src/main.o" --specs=nano.specs -mfpu=fpv4-sp-d16 -mfloat-abi=hard -mthumb -o "Core/Src/main.o"
../Core/Src/main.c: In function 'main':
../Core/Src/main.c:125:12: warning: implicit declaration of function 'accelerometer_read'; did you mean 'accelerometer_write'? [-Wimplicit-function-declaration]
  125 |   status = accelerometer_read(&xl_r, WHO_AM_I, &status_mlc1);
      |            ^~~~~~~~~~~~~~~~~~
      |            accelerometer_write
../Core/Src/main.c: In function 'HAL_TIM_PeriodElapsedCallback':
../Core/Src/main.c:494:11: warning: unused variable 'msg' [-Wunused-variable]
  494 |   uint8_t msg[25] = "test\n";
      |           ^~~
arm-none-eabi-gcc -o "firmware_temp.elf" @"objects.list"   -mcpu=cortex-m4 -T"C:\Users\eboyer2\395\AirSticks\firmware\firmware_temp\STM32G441KBTX_FLASH.ld" --specs=nosys.specs -Wl,-Map="firmware_temp.map" -Wl,--gc-sections -static --specs=nano.specs -mfpu=fpv4-sp-d16 -mfloat-abi=hard -mthumb -Wl,--start-group -lc -lm -Wl,--end-group
Finished building target: firmware_temp.elf
 
arm-none-eabi-size   firmware_temp.elf 
arm-none-eabi-objdump -h -S  firmware_temp.elf  > "firmware_temp.list"
   text	   data	    bss	    dec	    hex	filename
  24252	    192	   2304	  26748	   687c	firmware_temp.elf
Finished building: default.size.stdout
 
Finished building: firmware_temp.list
 
12:58:32 **** Incremental Build of configuration Debug for project firmware_temp ****
make -j12 all 
arm-none-eabi-gcc "../Core/Src/main.c" -mcpu=cortex-m4 -std=gnu11 -g3 -DDEBUG -DUSE_HAL_DRIVER -DSTM32G441xx -c -I../Core/Inc -I../Drivers/STM32G4xx_HAL_Driver/Inc -I../Drivers/STM32G4xx_HAL_Driver/Inc/Legacy -I../Drivers/CMSIS/Device/ST/STM32G4xx/Include -I../Drivers/CMSIS/Include -O0 -ffunction-sections -fdata-sections -Wall -fstack-usage -fcyclomatic-complexity -MMD -MP -MF"Core/Src/main.d" -MT"Core/Src/main.o" --specs=nano.specs -mfpu=fpv4-sp-d16 -mfloat-abi=hard -mthumb -o "Core/Src/main.o"
../Core/Src/main.c: In function 'main':
../Core/Src/main.c:125:12: warning: implicit declaration of function 'accelerometer_read'; did you mean 'accelerometer_write'? [-Wimplicit-function-declaration]
  125 |   status = accelerometer_read(&xl_r, WHO_AM_I, &status_mlc1);
      |            ^~~~~~~~~~~~~~~~~~
      |            accelerometer_write
../Core/Src/main.c: In function 'HAL_TIM_PeriodElapsedCallback':
../Core/Src/main.c:494:11: warning: unused variable 'msg' [-Wunused-variable]
  494 |   uint8_t msg[25] = "test\n";
      |           ^~~
arm-none-eabi-gcc -o "firmware_temp.elf" @"objects.list"   -mcpu=cortex-m4 -T"C:\Users\eboyer2\395\AirSticks\firmware\firmware_temp\STM32G441KBTX_FLASH.ld" --specs=nosys.specs -Wl,-Map="firmware_temp.map" -Wl,--gc-sections -static --specs=nano.specs -mfpu=fpv4-sp-d16 -mfloat-abi=hard -mthumb -Wl,--start-group -lc -lm -Wl,--end-group
Finished building target: firmware_temp.elf
 
arm-none-eabi-size   firmware_temp.elf 
arm-none-eabi-objdump -h -S  firmware_temp.elf  > "firmware_temp.list"
   text	   data	    bss	    dec	    hex	filename
  24172	    192	   2304	  26668	   682c	firmware_temp.elf
Finished building: default.size.stdout
 
Finished building: firmware_temp.list
 
13:00:16 **** Incremental Build of configuration Debug for project firmware_temp ****
make -j12 all 
arm-none-eabi-gcc "../Core/Src/main.c" -mcpu=cortex-m4 -std=gnu11 -g3 -DDEBUG -DUSE_HAL_DRIVER -DSTM32G441xx -c -I../Core/Inc -I../Drivers/STM32G4xx_HAL_Driver/Inc -I../Drivers/STM32G4xx_HAL_Driver/Inc/Legacy -I../Drivers/CMSIS/Device/ST/STM32G4xx/Include -I../Drivers/CMSIS/Include -O0 -ffunction-sections -fdata-sections -Wall -fstack-usage -fcyclomatic-complexity -MMD -MP -MF"Core/Src/main.d" -MT"Core/Src/main.o" --specs=nano.specs -mfpu=fpv4-sp-d16 -mfloat-abi=hard -mthumb -o "Core/Src/main.o"
../Core/Src/main.c: In function 'main':
../Core/Src/main.c:125:12: warning: implicit declaration of function 'accelerometer_read'; did you mean 'accelerometer_write'? [-Wimplicit-function-declaration]
  125 |   status = accelerometer_read(&xl_r, WHO_AM_I, &status_mlc1);
      |            ^~~~~~~~~~~~~~~~~~
      |            accelerometer_write
../Core/Src/main.c: In function 'HAL_TIM_PeriodElapsedCallback':
../Core/Src/main.c:494:11: warning: unused variable 'msg' [-Wunused-variable]
  494 |   uint8_t msg[25] = "test\n";
      |           ^~~
arm-none-eabi-gcc -o "firmware_temp.elf" @"objects.list"   -mcpu=cortex-m4 -T"C:\Users\eboyer2\395\AirSticks\firmware\firmware_temp\STM32G441KBTX_FLASH.ld" --specs=nosys.specs -Wl,-Map="firmware_temp.map" -Wl,--gc-sections -static --specs=nano.specs -mfpu=fpv4-sp-d16 -mfloat-abi=hard -mthumb -Wl,--start-group -lc -lm -Wl,--end-group
Finished building target: firmware_temp.elf
 
arm-none-eabi-size   firmware_temp.elf 
arm-none-eabi-objdump -h -S  firmware_temp.elf  > "firmware_temp.list"
   text	   data	    bss	    dec	    hex	filename
  24200	    192	   2304	  26696	   6848	firmware_temp.elf
Finished building: default.size.stdout
 
Finished building: firmware_temp.list
 
13:02:05 **** Incremental Build of configuration Debug for project firmware_temp ****
make -j12 all 
arm-none-eabi-gcc "../Core/Src/main.c" -mcpu=cortex-m4 -std=gnu11 -g3 -DDEBUG -DUSE_HAL_DRIVER -DSTM32G441xx -c -I../Core/Inc -I../Drivers/STM32G4xx_HAL_Driver/Inc -I../Drivers/STM32G4xx_HAL_Driver/Inc/Legacy -I../Drivers/CMSIS/Device/ST/STM32G4xx/Include -I../Drivers/CMSIS/Include -O0 -ffunction-sections -fdata-sections -Wall -fstack-usage -fcyclomatic-complexity -MMD -MP -MF"Core/Src/main.d" -MT"Core/Src/main.o" --specs=nano.specs -mfpu=fpv4-sp-d16 -mfloat-abi=hard -mthumb -o "Core/Src/main.o"
../Core/Src/main.c: In function 'main':
../Core/Src/main.c:125:12: warning: implicit declaration of function 'accelerometer_read'; did you mean 'accelerometer_write'? [-Wimplicit-function-declaration]
  125 |   status = accelerometer_read(&xl_r, WHO_AM_I, &status_mlc1);
      |            ^~~~~~~~~~~~~~~~~~
      |            accelerometer_write
../Core/Src/main.c: In function 'HAL_TIM_PeriodElapsedCallback':
../Core/Src/main.c:494:11: warning: unused variable 'msg' [-Wunused-variable]
  494 |   uint8_t msg[25] = "test\n";
      |           ^~~
arm-none-eabi-gcc -o "firmware_temp.elf" @"objects.list"   -mcpu=cortex-m4 -T"C:\Users\eboyer2\395\AirSticks\firmware\firmware_temp\STM32G441KBTX_FLASH.ld" --specs=nosys.specs -Wl,-Map="firmware_temp.map" -Wl,--gc-sections -static --specs=nano.specs -mfpu=fpv4-sp-d16 -mfloat-abi=hard -mthumb -Wl,--start-group -lc -lm -Wl,--end-group
Finished building target: firmware_temp.elf
 
arm-none-eabi-size   firmware_temp.elf 
arm-none-eabi-objdump -h -S  firmware_temp.elf  > "firmware_temp.list"
   text	   data	    bss	    dec	    hex	filename
  24200	    192	   2304	  26696	   6848	firmware_temp.elf
Finished building: default.size.stdout
 
Finished building: firmware_temp.list
 
13:13:29 **** Incremental Build of configuration Debug for project firmware_temp ****
make -j12 all 
arm-none-eabi-gcc "../Core/Src/main.c" -mcpu=cortex-m4 -std=gnu11 -g3 -DDEBUG -DUSE_HAL_DRIVER -DSTM32G441xx -c -I../Core/Inc -I../Drivers/STM32G4xx_HAL_Driver/Inc -I../Drivers/STM32G4xx_HAL_Driver/Inc/Legacy -I../Drivers/CMSIS/Device/ST/STM32G4xx/Include -I../Drivers/CMSIS/Include -O0 -ffunction-sections -fdata-sections -Wall -fstack-usage -fcyclomatic-complexity -MMD -MP -MF"Core/Src/main.d" -MT"Core/Src/main.o" --specs=nano.specs -mfpu=fpv4-sp-d16 -mfloat-abi=hard -mthumb -o "Core/Src/main.o"
../Core/Src/main.c: In function 'main':
../Core/Src/main.c:125:12: warning: implicit declaration of function 'accelerometer_read'; did you mean 'accelerometer_write'? [-Wimplicit-function-declaration]
  125 |   status = accelerometer_read(&xl_r, WHO_AM_I, &status_mlc1);
      |            ^~~~~~~~~~~~~~~~~~
      |            accelerometer_write
../Core/Src/main.c: In function 'HAL_TIM_PeriodElapsedCallback':
../Core/Src/main.c:494:11: warning: unused variable 'msg' [-Wunused-variable]
  494 |   uint8_t msg[25] = "test\n";
      |           ^~~
arm-none-eabi-gcc -o "firmware_temp.elf" @"objects.list"   -mcpu=cortex-m4 -T"C:\Users\eboyer2\395\AirSticks\firmware\firmware_temp\STM32G441KBTX_FLASH.ld" --specs=nosys.specs -Wl,-Map="firmware_temp.map" -Wl,--gc-sections -static --specs=nano.specs -mfpu=fpv4-sp-d16 -mfloat-abi=hard -mthumb -Wl,--start-group -lc -lm -Wl,--end-group
Finished building target: firmware_temp.elf
 
arm-none-eabi-size   firmware_temp.elf 
arm-none-eabi-objdump -h -S  firmware_temp.elf  > "firmware_temp.list"
   text	   data	    bss	    dec	    hex	filename
  24200	    192	   2304	  26696	   6848	firmware_temp.elf
Finished building: default.size.stdout
 
Finished building: firmware_temp.list
 
13:14:01 **** Incremental Build of configuration Debug for project firmware_temp ****
make -j12 all 
arm-none-eabi-gcc "../Core/Src/main.c" -mcpu=cortex-m4 -std=gnu11 -g3 -DDEBUG -DUSE_HAL_DRIVER -DSTM32G441xx -c -I../Core/Inc -I../Drivers/STM32G4xx_HAL_Driver/Inc -I../Drivers/STM32G4xx_HAL_Driver/Inc/Legacy -I../Drivers/CMSIS/Device/ST/STM32G4xx/Include -I../Drivers/CMSIS/Include -O0 -ffunction-sections -fdata-sections -Wall -fstack-usage -fcyclomatic-complexity -MMD -MP -MF"Core/Src/main.d" -MT"Core/Src/main.o" --specs=nano.specs -mfpu=fpv4-sp-d16 -mfloat-abi=hard -mthumb -o "Core/Src/main.o"
../Core/Src/main.c: In function 'main':
../Core/Src/main.c:125:12: warning: implicit declaration of function 'accelerometer_read'; did you mean 'accelerometer_write'? [-Wimplicit-function-declaration]
  125 |   status = accelerometer_read(&xl_r, WHO_AM_I, &status_mlc1);
      |            ^~~~~~~~~~~~~~~~~~
      |            accelerometer_write
../Core/Src/main.c: In function 'HAL_TIM_PeriodElapsedCallback':
../Core/Src/main.c:494:11: warning: unused variable 'msg' [-Wunused-variable]
  494 |   uint8_t msg[25] = "test\n";
      |           ^~~
arm-none-eabi-gcc -o "firmware_temp.elf" @"objects.list"   -mcpu=cortex-m4 -T"C:\Users\eboyer2\395\AirSticks\firmware\firmware_temp\STM32G441KBTX_FLASH.ld" --specs=nosys.specs -Wl,-Map="firmware_temp.map" -Wl,--gc-sections -static --specs=nano.specs -mfpu=fpv4-sp-d16 -mfloat-abi=hard -mthumb -Wl,--start-group -lc -lm -Wl,--end-group
Finished building target: firmware_temp.elf
 
arm-none-eabi-size   firmware_temp.elf 
arm-none-eabi-objdump -h -S  firmware_temp.elf  > "firmware_temp.list"
   text	   data	    bss	    dec	    hex	filename
  24172	    192	   2304	  26668	   682c	firmware_temp.elf
Finished building: default.size.stdout
 
Finished building: firmware_temp.list
 
13:15:23 **** Incremental Build of configuration Debug for project firmware_temp ****
make -j12 all 
arm-none-eabi-gcc "../Core/Src/main.c" -mcpu=cortex-m4 -std=gnu11 -g3 -DDEBUG -DUSE_HAL_DRIVER -DSTM32G441xx -c -I../Core/Inc -I../Drivers/STM32G4xx_HAL_Driver/Inc -I../Drivers/STM32G4xx_HAL_Driver/Inc/Legacy -I../Drivers/CMSIS/Device/ST/STM32G4xx/Include -I../Drivers/CMSIS/Include -O0 -ffunction-sections -fdata-sections -Wall -fstack-usage -fcyclomatic-complexity -MMD -MP -MF"Core/Src/main.d" -MT"Core/Src/main.o" --specs=nano.specs -mfpu=fpv4-sp-d16 -mfloat-abi=hard -mthumb -o "Core/Src/main.o"
../Core/Src/main.c: In function 'main':
../Core/Src/main.c:125:12: warning: implicit declaration of function 'accelerometer_read'; did you mean 'accelerometer_write'? [-Wimplicit-function-declaration]
  125 |   status = accelerometer_read(&xl_r, WHO_AM_I, &status_mlc1);
      |            ^~~~~~~~~~~~~~~~~~
      |            accelerometer_write
../Core/Src/main.c: In function 'HAL_TIM_PeriodElapsedCallback':
../Core/Src/main.c:501:11: warning: unused variable 'msg' [-Wunused-variable]
  501 |   uint8_t msg[25] = "test\n";
      |           ^~~
arm-none-eabi-gcc -o "firmware_temp.elf" @"objects.list"   -mcpu=cortex-m4 -T"C:\Users\eboyer2\395\AirSticks\firmware\firmware_temp\STM32G441KBTX_FLASH.ld" --specs=nosys.specs -Wl,-Map="firmware_temp.map" -Wl,--gc-sections -static --specs=nano.specs -mfpu=fpv4-sp-d16 -mfloat-abi=hard -mthumb -Wl,--start-group -lc -lm -Wl,--end-group
Finished building target: firmware_temp.elf
 
arm-none-eabi-size   firmware_temp.elf 
arm-none-eabi-objdump -h -S  firmware_temp.elf  > "firmware_temp.list"
   text	   data	    bss	    dec	    hex	filename
  24052	    192	   2304	  26548	   67b4	firmware_temp.elf
Finished building: default.size.stdout
 
Finished building: firmware_temp.list
 
13:15:47 **** Incremental Build of configuration Debug for project firmware_temp ****
make -j12 all 
arm-none-eabi-gcc "../Core/Src/main.c" -mcpu=cortex-m4 -std=gnu11 -g3 -DDEBUG -DUSE_HAL_DRIVER -DSTM32G441xx -c -I../Core/Inc -I../Drivers/STM32G4xx_HAL_Driver/Inc -I../Drivers/STM32G4xx_HAL_Driver/Inc/Legacy -I../Drivers/CMSIS/Device/ST/STM32G4xx/Include -I../Drivers/CMSIS/Include -O0 -ffunction-sections -fdata-sections -Wall -fstack-usage -fcyclomatic-complexity -MMD -MP -MF"Core/Src/main.d" -MT"Core/Src/main.o" --specs=nano.specs -mfpu=fpv4-sp-d16 -mfloat-abi=hard -mthumb -o "Core/Src/main.o"
../Core/Src/main.c: In function 'main':
../Core/Src/main.c:125:12: warning: implicit declaration of function 'accelerometer_read'; did you mean 'accelerometer_write'? [-Wimplicit-function-declaration]
  125 |   status = accelerometer_read(&xl_r, WHO_AM_I, &status_mlc1);
      |            ^~~~~~~~~~~~~~~~~~
      |            accelerometer_write
../Core/Src/main.c: In function 'HAL_TIM_PeriodElapsedCallback':
../Core/Src/main.c:501:11: warning: unused variable 'msg' [-Wunused-variable]
  501 |   uint8_t msg[25] = "test\n";
      |           ^~~
arm-none-eabi-gcc -o "firmware_temp.elf" @"objects.list"   -mcpu=cortex-m4 -T"C:\Users\eboyer2\395\AirSticks\firmware\firmware_temp\STM32G441KBTX_FLASH.ld" --specs=nosys.specs -Wl,-Map="firmware_temp.map" -Wl,--gc-sections -static --specs=nano.specs -mfpu=fpv4-sp-d16 -mfloat-abi=hard -mthumb -Wl,--start-group -lc -lm -Wl,--end-group
Finished building target: firmware_temp.elf
 
arm-none-eabi-size   firmware_temp.elf 
arm-none-eabi-objdump -h -S  firmware_temp.elf  > "firmware_temp.list"
   text	   data	    bss	    dec	    hex	filename
  24024	    192	   2304	  26520	   6798	firmware_temp.elf
Finished building: default.size.stdout
 
Finished building: firmware_temp.list
 
13:16:12 **** Incremental Build of configuration Debug for project firmware_temp ****
make -j12 all 
arm-none-eabi-gcc "../Core/Src/main.c" -mcpu=cortex-m4 -std=gnu11 -g3 -DDEBUG -DUSE_HAL_DRIVER -DSTM32G441xx -c -I../Core/Inc -I../Drivers/STM32G4xx_HAL_Driver/Inc -I../Drivers/STM32G4xx_HAL_Driver/Inc/Legacy -I../Drivers/CMSIS/Device/ST/STM32G4xx/Include -I../Drivers/CMSIS/Include -O0 -ffunction-sections -fdata-sections -Wall -fstack-usage -fcyclomatic-complexity -MMD -MP -MF"Core/Src/main.d" -MT"Core/Src/main.o" --specs=nano.specs -mfpu=fpv4-sp-d16 -mfloat-abi=hard -mthumb -o "Core/Src/main.o"
../Core/Src/main.c: In function 'main':
../Core/Src/main.c:125:12: warning: implicit declaration of function 'accelerometer_read'; did you mean 'accelerometer_write'? [-Wimplicit-function-declaration]
  125 |   status = accelerometer_read(&xl_r, WHO_AM_I, &status_mlc1);
      |            ^~~~~~~~~~~~~~~~~~
      |            accelerometer_write
../Core/Src/main.c: In function 'HAL_TIM_PeriodElapsedCallback':
../Core/Src/main.c:501:11: warning: unused variable 'msg' [-Wunused-variable]
  501 |   uint8_t msg[25] = "test\n";
      |           ^~~
arm-none-eabi-gcc -o "firmware_temp.elf" @"objects.list"   -mcpu=cortex-m4 -T"C:\Users\eboyer2\395\AirSticks\firmware\firmware_temp\STM32G441KBTX_FLASH.ld" --specs=nosys.specs -Wl,-Map="firmware_temp.map" -Wl,--gc-sections -static --specs=nano.specs -mfpu=fpv4-sp-d16 -mfloat-abi=hard -mthumb -Wl,--start-group -lc -lm -Wl,--end-group
Finished building target: firmware_temp.elf
 
arm-none-eabi-size   firmware_temp.elf 
arm-none-eabi-objdump -h -S  firmware_temp.elf  > "firmware_temp.list"
   text	   data	    bss	    dec	    hex	filename
  24024	    192	   2304	  26520	   6798	firmware_temp.elf
Finished building: default.size.stdout
 
Finished building: firmware_temp.list
 
13:16:52 **** Incremental Build of configuration Debug for project firmware_temp ****
make -j12 all 
arm-none-eabi-gcc "../Core/Src/main.c" -mcpu=cortex-m4 -std=gnu11 -g3 -DDEBUG -DUSE_HAL_DRIVER -DSTM32G441xx -c -I../Core/Inc -I../Drivers/STM32G4xx_HAL_Driver/Inc -I../Drivers/STM32G4xx_HAL_Driver/Inc/Legacy -I../Drivers/CMSIS/Device/ST/STM32G4xx/Include -I../Drivers/CMSIS/Include -O0 -ffunction-sections -fdata-sections -Wall -fstack-usage -fcyclomatic-complexity -MMD -MP -MF"Core/Src/main.d" -MT"Core/Src/main.o" --specs=nano.specs -mfpu=fpv4-sp-d16 -mfloat-abi=hard -mthumb -o "Core/Src/main.o"
../Core/Src/main.c: In function 'main':
../Core/Src/main.c:125:12: warning: implicit declaration of function 'accelerometer_read'; did you mean 'accelerometer_write'? [-Wimplicit-function-declaration]
  125 |   status = accelerometer_read(&xl_r, WHO_AM_I, &status_mlc1);
      |            ^~~~~~~~~~~~~~~~~~
      |            accelerometer_write
../Core/Src/main.c: In function 'HAL_TIM_PeriodElapsedCallback':
../Core/Src/main.c:501:11: warning: unused variable 'msg' [-Wunused-variable]
  501 |   uint8_t msg[25] = "test\n";
      |           ^~~
arm-none-eabi-gcc -o "firmware_temp.elf" @"objects.list"   -mcpu=cortex-m4 -T"C:\Users\eboyer2\395\AirSticks\firmware\firmware_temp\STM32G441KBTX_FLASH.ld" --specs=nosys.specs -Wl,-Map="firmware_temp.map" -Wl,--gc-sections -static --specs=nano.specs -mfpu=fpv4-sp-d16 -mfloat-abi=hard -mthumb -Wl,--start-group -lc -lm -Wl,--end-group
Finished building target: firmware_temp.elf
 
arm-none-eabi-size   firmware_temp.elf 
arm-none-eabi-objdump -h -S  firmware_temp.elf  > "firmware_temp.list"
   text	   data	    bss	    dec	    hex	filename
  24024	    192	   2304	  26520	   6798	firmware_temp.elf
Finished building: default.size.stdout
 
Finished building: firmware_temp.list
 
13:17:21 **** Incremental Build of configuration Debug for project firmware_temp ****
make -j12 all 
arm-none-eabi-gcc "../Core/Src/main.c" -mcpu=cortex-m4 -std=gnu11 -g3 -DDEBUG -DUSE_HAL_DRIVER -DSTM32G441xx -c -I../Core/Inc -I../Drivers/STM32G4xx_HAL_Driver/Inc -I../Drivers/STM32G4xx_HAL_Driver/Inc/Legacy -I../Drivers/CMSIS/Device/ST/STM32G4xx/Include -I../Drivers/CMSIS/Include -O0 -ffunction-sections -fdata-sections -Wall -fstack-usage -fcyclomatic-complexity -MMD -MP -MF"Core/Src/main.d" -MT"Core/Src/main.o" --specs=nano.specs -mfpu=fpv4-sp-d16 -mfloat-abi=hard -mthumb -o "Core/Src/main.o"
../Core/Src/main.c: In function 'main':
../Core/Src/main.c:125:12: warning: implicit declaration of function 'accelerometer_read'; did you mean 'accelerometer_write'? [-Wimplicit-function-declaration]
  125 |   status = accelerometer_read(&xl_r, WHO_AM_I, &status_mlc1);
      |            ^~~~~~~~~~~~~~~~~~
      |            accelerometer_write
../Core/Src/main.c: In function 'HAL_TIM_PeriodElapsedCallback':
../Core/Src/main.c:501:11: warning: unused variable 'msg' [-Wunused-variable]
  501 |   uint8_t msg[25] = "test\n";
      |           ^~~
arm-none-eabi-gcc -o "firmware_temp.elf" @"objects.list"   -mcpu=cortex-m4 -T"C:\Users\eboyer2\395\AirSticks\firmware\firmware_temp\STM32G441KBTX_FLASH.ld" --specs=nosys.specs -Wl,-Map="firmware_temp.map" -Wl,--gc-sections -static --specs=nano.specs -mfpu=fpv4-sp-d16 -mfloat-abi=hard -mthumb -Wl,--start-group -lc -lm -Wl,--end-group
Finished building target: firmware_temp.elf
 
arm-none-eabi-size   firmware_temp.elf 
arm-none-eabi-objdump -h -S  firmware_temp.elf  > "firmware_temp.list"
   text	   data	    bss	    dec	    hex	filename
  24024	    192	   2304	  26520	   6798	firmware_temp.elf
Finished building: default.size.stdout
 
Finished building: firmware_temp.list
 
13:18:05 **** Incremental Build of configuration Debug for project firmware_temp ****
make -j12 all 
arm-none-eabi-gcc "../Core/Src/main.c" -mcpu=cortex-m4 -std=gnu11 -g3 -DDEBUG -DUSE_HAL_DRIVER -DSTM32G441xx -c -I../Core/Inc -I../Drivers/STM32G4xx_HAL_Driver/Inc -I../Drivers/STM32G4xx_HAL_Driver/Inc/Legacy -I../Drivers/CMSIS/Device/ST/STM32G4xx/Include -I../Drivers/CMSIS/Include -O0 -ffunction-sections -fdata-sections -Wall -fstack-usage -fcyclomatic-complexity -MMD -MP -MF"Core/Src/main.d" -MT"Core/Src/main.o" --specs=nano.specs -mfpu=fpv4-sp-d16 -mfloat-abi=hard -mthumb -o "Core/Src/main.o"
../Core/Src/main.c: In function 'main':
../Core/Src/main.c:125:12: warning: implicit declaration of function 'accelerometer_read'; did you mean 'accelerometer_write'? [-Wimplicit-function-declaration]
  125 |   status = accelerometer_read(&xl_r, WHO_AM_I, &status_mlc1);
      |            ^~~~~~~~~~~~~~~~~~
      |            accelerometer_write
../Core/Src/main.c: In function 'HAL_TIM_PeriodElapsedCallback':
../Core/Src/main.c:503:11: warning: unused variable 'msg' [-Wunused-variable]
  503 |   uint8_t msg[25] = "test\n";
      |           ^~~
arm-none-eabi-gcc -o "firmware_temp.elf" @"objects.list"   -mcpu=cortex-m4 -T"C:\Users\eboyer2\395\AirSticks\firmware\firmware_temp\STM32G441KBTX_FLASH.ld" --specs=nosys.specs -Wl,-Map="firmware_temp.map" -Wl,--gc-sections -static --specs=nano.specs -mfpu=fpv4-sp-d16 -mfloat-abi=hard -mthumb -Wl,--start-group -lc -lm -Wl,--end-group
Finished building target: firmware_temp.elf
 
arm-none-eabi-size   firmware_temp.elf 
arm-none-eabi-objdump -h -S  firmware_temp.elf  > "firmware_temp.list"
   text	   data	    bss	    dec	    hex	filename
  24008	    192	   2304	  26504	   6788	firmware_temp.elf
Finished building: default.size.stdout
 
Finished building: firmware_temp.list
 
13:18:32 **** Incremental Build of configuration Debug for project firmware_temp ****
make -j12 all 
arm-none-eabi-gcc "../Core/Src/main.c" -mcpu=cortex-m4 -std=gnu11 -g3 -DDEBUG -DUSE_HAL_DRIVER -DSTM32G441xx -c -I../Core/Inc -I../Drivers/STM32G4xx_HAL_Driver/Inc -I../Drivers/STM32G4xx_HAL_Driver/Inc/Legacy -I../Drivers/CMSIS/Device/ST/STM32G4xx/Include -I../Drivers/CMSIS/Include -O0 -ffunction-sections -fdata-sections -Wall -fstack-usage -fcyclomatic-complexity -MMD -MP -MF"Core/Src/main.d" -MT"Core/Src/main.o" --specs=nano.specs -mfpu=fpv4-sp-d16 -mfloat-abi=hard -mthumb -o "Core/Src/main.o"
../Core/Src/main.c: In function 'main':
../Core/Src/main.c:125:12: warning: implicit declaration of function 'accelerometer_read'; did you mean 'accelerometer_write'? [-Wimplicit-function-declaration]
  125 |   status = accelerometer_read(&xl_r, WHO_AM_I, &status_mlc1);
      |            ^~~~~~~~~~~~~~~~~~
      |            accelerometer_write
../Core/Src/main.c: In function 'HAL_TIM_PeriodElapsedCallback':
../Core/Src/main.c:503:11: warning: unused variable 'msg' [-Wunused-variable]
  503 |   uint8_t msg[25] = "test\n";
      |           ^~~
arm-none-eabi-gcc -o "firmware_temp.elf" @"objects.list"   -mcpu=cortex-m4 -T"C:\Users\eboyer2\395\AirSticks\firmware\firmware_temp\STM32G441KBTX_FLASH.ld" --specs=nosys.specs -Wl,-Map="firmware_temp.map" -Wl,--gc-sections -static --specs=nano.specs -mfpu=fpv4-sp-d16 -mfloat-abi=hard -mthumb -Wl,--start-group -lc -lm -Wl,--end-group
Finished building target: firmware_temp.elf
 
arm-none-eabi-size   firmware_temp.elf 
arm-none-eabi-objdump -h -S  firmware_temp.elf  > "firmware_temp.list"
   text	   data	    bss	    dec	    hex	filename
  24008	    192	   2304	  26504	   6788	firmware_temp.elf
Finished building: default.size.stdout
 
Finished building: firmware_temp.list
 
13:19:06 **** Incremental Build of configuration Debug for project firmware_temp ****
make -j12 all 
arm-none-eabi-gcc "../Core/Src/main.c" -mcpu=cortex-m4 -std=gnu11 -g3 -DDEBUG -DUSE_HAL_DRIVER -DSTM32G441xx -c -I../Core/Inc -I../Drivers/STM32G4xx_HAL_Driver/Inc -I../Drivers/STM32G4xx_HAL_Driver/Inc/Legacy -I../Drivers/CMSIS/Device/ST/STM32G4xx/Include -I../Drivers/CMSIS/Include -O0 -ffunction-sections -fdata-sections -Wall -fstack-usage -fcyclomatic-complexity -MMD -MP -MF"Core/Src/main.d" -MT"Core/Src/main.o" --specs=nano.specs -mfpu=fpv4-sp-d16 -mfloat-abi=hard -mthumb -o "Core/Src/main.o"
../Core/Src/main.c: In function 'main':
../Core/Src/main.c:125:12: warning: implicit declaration of function 'accelerometer_read'; did you mean 'accelerometer_write'? [-Wimplicit-function-declaration]
  125 |   status = accelerometer_read(&xl_r, WHO_AM_I, &status_mlc1);
      |            ^~~~~~~~~~~~~~~~~~
      |            accelerometer_write
../Core/Src/main.c: In function 'HAL_TIM_PeriodElapsedCallback':
../Core/Src/main.c:503:11: warning: unused variable 'msg' [-Wunused-variable]
  503 |   uint8_t msg[25] = "test\n";
      |           ^~~
arm-none-eabi-gcc -o "firmware_temp.elf" @"objects.list"   -mcpu=cortex-m4 -T"C:\Users\eboyer2\395\AirSticks\firmware\firmware_temp\STM32G441KBTX_FLASH.ld" --specs=nosys.specs -Wl,-Map="firmware_temp.map" -Wl,--gc-sections -static --specs=nano.specs -mfpu=fpv4-sp-d16 -mfloat-abi=hard -mthumb -Wl,--start-group -lc -lm -Wl,--end-group
Finished building target: firmware_temp.elf
 
arm-none-eabi-size   firmware_temp.elf 
arm-none-eabi-objdump -h -S  firmware_temp.elf  > "firmware_temp.list"
   text	   data	    bss	    dec	    hex	filename
  24036	    192	   2304	  26532	   67a4	firmware_temp.elf
Finished building: default.size.stdout
 
Finished building: firmware_temp.list
 
13:19:48 **** Incremental Build of configuration Debug for project firmware_temp ****
make -j12 all 
arm-none-eabi-gcc "../Core/Src/main.c" -mcpu=cortex-m4 -std=gnu11 -g3 -DDEBUG -DUSE_HAL_DRIVER -DSTM32G441xx -c -I../Core/Inc -I../Drivers/STM32G4xx_HAL_Driver/Inc -I../Drivers/STM32G4xx_HAL_Driver/Inc/Legacy -I../Drivers/CMSIS/Device/ST/STM32G4xx/Include -I../Drivers/CMSIS/Include -O0 -ffunction-sections -fdata-sections -Wall -fstack-usage -fcyclomatic-complexity -MMD -MP -MF"Core/Src/main.d" -MT"Core/Src/main.o" --specs=nano.specs -mfpu=fpv4-sp-d16 -mfloat-abi=hard -mthumb -o "Core/Src/main.o"
../Core/Src/main.c: In function 'main':
../Core/Src/main.c:125:12: warning: implicit declaration of function 'accelerometer_read'; did you mean 'accelerometer_write'? [-Wimplicit-function-declaration]
  125 |   status = accelerometer_read(&xl_r, WHO_AM_I, &status_mlc1);
      |            ^~~~~~~~~~~~~~~~~~
      |            accelerometer_write
../Core/Src/main.c: In function 'HAL_TIM_PeriodElapsedCallback':
../Core/Src/main.c:503:11: warning: unused variable 'msg' [-Wunused-variable]
  503 |   uint8_t msg[25] = "test\n";
      |           ^~~
arm-none-eabi-gcc -o "firmware_temp.elf" @"objects.list"   -mcpu=cortex-m4 -T"C:\Users\eboyer2\395\AirSticks\firmware\firmware_temp\STM32G441KBTX_FLASH.ld" --specs=nosys.specs -Wl,-Map="firmware_temp.map" -Wl,--gc-sections -static --specs=nano.specs -mfpu=fpv4-sp-d16 -mfloat-abi=hard -mthumb -Wl,--start-group -lc -lm -Wl,--end-group
Finished building target: firmware_temp.elf
 
arm-none-eabi-size   firmware_temp.elf 
arm-none-eabi-objdump -h -S  firmware_temp.elf  > "firmware_temp.list"
   text	   data	    bss	    dec	    hex	filename
  24036	    192	   2304	  26532	   67a4	firmware_temp.elf
Finished building: default.size.stdout
 
Finished building: firmware_temp.list
 
13:20:54 **** Incremental Build of configuration Debug for project firmware_temp ****
make -j12 all 
arm-none-eabi-gcc "../Core/Src/main.c" -mcpu=cortex-m4 -std=gnu11 -g3 -DDEBUG -DUSE_HAL_DRIVER -DSTM32G441xx -c -I../Core/Inc -I../Drivers/STM32G4xx_HAL_Driver/Inc -I../Drivers/STM32G4xx_HAL_Driver/Inc/Legacy -I../Drivers/CMSIS/Device/ST/STM32G4xx/Include -I../Drivers/CMSIS/Include -O0 -ffunction-sections -fdata-sections -Wall -fstack-usage -fcyclomatic-complexity -MMD -MP -MF"Core/Src/main.d" -MT"Core/Src/main.o" --specs=nano.specs -mfpu=fpv4-sp-d16 -mfloat-abi=hard -mthumb -o "Core/Src/main.o"
../Core/Src/main.c: In function 'main':
../Core/Src/main.c:125:12: warning: implicit declaration of function 'accelerometer_read'; did you mean 'accelerometer_write'? [-Wimplicit-function-declaration]
  125 |   status = accelerometer_read(&xl_r, WHO_AM_I, &status_mlc1);
      |            ^~~~~~~~~~~~~~~~~~
      |            accelerometer_write
../Core/Src/main.c: In function 'HAL_TIM_PeriodElapsedCallback':
../Core/Src/main.c:506:11: warning: unused variable 'msg' [-Wunused-variable]
  506 |   uint8_t msg[25] = "test\n";
      |           ^~~
arm-none-eabi-gcc -o "firmware_temp.elf" @"objects.list"   -mcpu=cortex-m4 -T"C:\Users\eboyer2\395\AirSticks\firmware\firmware_temp\STM32G441KBTX_FLASH.ld" --specs=nosys.specs -Wl,-Map="firmware_temp.map" -Wl,--gc-sections -static --specs=nano.specs -mfpu=fpv4-sp-d16 -mfloat-abi=hard -mthumb -Wl,--start-group -lc -lm -Wl,--end-group
Finished building target: firmware_temp.elf
 
arm-none-eabi-size   firmware_temp.elf 
arm-none-eabi-objdump -h -S  firmware_temp.elf  > "firmware_temp.list"
   text	   data	    bss	    dec	    hex	filename
  24116	    192	   2304	  26612	   67f4	firmware_temp.elf
Finished building: default.size.stdout
 
Finished building: firmware_temp.list
 
13:22:20 **** Incremental Build of configuration Debug for project firmware_temp ****
make -j12 all 
arm-none-eabi-gcc "../Core/Src/main.c" -mcpu=cortex-m4 -std=gnu11 -g3 -DDEBUG -DUSE_HAL_DRIVER -DSTM32G441xx -c -I../Core/Inc -I../Drivers/STM32G4xx_HAL_Driver/Inc -I../Drivers/STM32G4xx_HAL_Driver/Inc/Legacy -I../Drivers/CMSIS/Device/ST/STM32G4xx/Include -I../Drivers/CMSIS/Include -O0 -ffunction-sections -fdata-sections -Wall -fstack-usage -fcyclomatic-complexity -MMD -MP -MF"Core/Src/main.d" -MT"Core/Src/main.o" --specs=nano.specs -mfpu=fpv4-sp-d16 -mfloat-abi=hard -mthumb -o "Core/Src/main.o"
../Core/Src/main.c: In function 'main':
../Core/Src/main.c:125:12: warning: implicit declaration of function 'accelerometer_read'; did you mean 'accelerometer_write'? [-Wimplicit-function-declaration]
  125 |   status = accelerometer_read(&xl_r, WHO_AM_I, &status_mlc1);
      |            ^~~~~~~~~~~~~~~~~~
      |            accelerometer_write
../Core/Src/main.c: In function 'HAL_TIM_PeriodElapsedCallback':
../Core/Src/main.c:509:11: warning: unused variable 'msg' [-Wunused-variable]
  509 |   uint8_t msg[25] = "test\n";
      |           ^~~
arm-none-eabi-gcc -o "firmware_temp.elf" @"objects.list"   -mcpu=cortex-m4 -T"C:\Users\eboyer2\395\AirSticks\firmware\firmware_temp\STM32G441KBTX_FLASH.ld" --specs=nosys.specs -Wl,-Map="firmware_temp.map" -Wl,--gc-sections -static --specs=nano.specs -mfpu=fpv4-sp-d16 -mfloat-abi=hard -mthumb -Wl,--start-group -lc -lm -Wl,--end-group
Finished building target: firmware_temp.elf
 
arm-none-eabi-size   firmware_temp.elf 
arm-none-eabi-objdump -h -S  firmware_temp.elf  > "firmware_temp.list"
   text	   data	    bss	    dec	    hex	filename
  24120	    192	   2304	  26616	   67f8	firmware_temp.elf
Finished building: default.size.stdout
 
Finished building: firmware_temp.list
 
13:23:31 **** Incremental Build of configuration Debug for project firmware_temp ****
make -j12 all 
arm-none-eabi-gcc "../Core/Src/main.c" -mcpu=cortex-m4 -std=gnu11 -g3 -DDEBUG -DUSE_HAL_DRIVER -DSTM32G441xx -c -I../Core/Inc -I../Drivers/STM32G4xx_HAL_Driver/Inc -I../Drivers/STM32G4xx_HAL_Driver/Inc/Legacy -I../Drivers/CMSIS/Device/ST/STM32G4xx/Include -I../Drivers/CMSIS/Include -O0 -ffunction-sections -fdata-sections -Wall -fstack-usage -fcyclomatic-complexity -MMD -MP -MF"Core/Src/main.d" -MT"Core/Src/main.o" --specs=nano.specs -mfpu=fpv4-sp-d16 -mfloat-abi=hard -mthumb -o "Core/Src/main.o"
../Core/Src/main.c: In function 'main':
../Core/Src/main.c:125:12: warning: implicit declaration of function 'accelerometer_read'; did you mean 'accelerometer_write'? [-Wimplicit-function-declaration]
  125 |   status = accelerometer_read(&xl_r, WHO_AM_I, &status_mlc1);
      |            ^~~~~~~~~~~~~~~~~~
      |            accelerometer_write
../Core/Src/main.c: In function 'HAL_TIM_PeriodElapsedCallback':
../Core/Src/main.c:509:11: warning: unused variable 'msg' [-Wunused-variable]
  509 |   uint8_t msg[25] = "test\n";
      |           ^~~
arm-none-eabi-gcc -o "firmware_temp.elf" @"objects.list"   -mcpu=cortex-m4 -T"C:\Users\eboyer2\395\AirSticks\firmware\firmware_temp\STM32G441KBTX_FLASH.ld" --specs=nosys.specs -Wl,-Map="firmware_temp.map" -Wl,--gc-sections -static --specs=nano.specs -mfpu=fpv4-sp-d16 -mfloat-abi=hard -mthumb -Wl,--start-group -lc -lm -Wl,--end-group
Finished building target: firmware_temp.elf
 
arm-none-eabi-size   firmware_temp.elf 
arm-none-eabi-objdump -h -S  firmware_temp.elf  > "firmware_temp.list"
   text	   data	    bss	    dec	    hex	filename
  24128	    192	   2304	  26624	   6800	firmware_temp.elf
Finished building: default.size.stdout
 
Finished building: firmware_temp.list
 
13:24:08 **** Incremental Build of configuration Debug for project firmware_temp ****
make -j12 all 
arm-none-eabi-gcc "../Core/Src/main.c" -mcpu=cortex-m4 -std=gnu11 -g3 -DDEBUG -DUSE_HAL_DRIVER -DSTM32G441xx -c -I../Core/Inc -I../Drivers/STM32G4xx_HAL_Driver/Inc -I../Drivers/STM32G4xx_HAL_Driver/Inc/Legacy -I../Drivers/CMSIS/Device/ST/STM32G4xx/Include -I../Drivers/CMSIS/Include -O0 -ffunction-sections -fdata-sections -Wall -fstack-usage -fcyclomatic-complexity -MMD -MP -MF"Core/Src/main.d" -MT"Core/Src/main.o" --specs=nano.specs -mfpu=fpv4-sp-d16 -mfloat-abi=hard -mthumb -o "Core/Src/main.o"
../Core/Src/main.c: In function 'main':
../Core/Src/main.c:125:12: warning: implicit declaration of function 'accelerometer_read'; did you mean 'accelerometer_write'? [-Wimplicit-function-declaration]
  125 |   status = accelerometer_read(&xl_r, WHO_AM_I, &status_mlc1);
      |            ^~~~~~~~~~~~~~~~~~
      |            accelerometer_write
../Core/Src/main.c: In function 'HAL_TIM_PeriodElapsedCallback':
../Core/Src/main.c:509:11: warning: unused variable 'msg' [-Wunused-variable]
  509 |   uint8_t msg[25] = "test\n";
      |           ^~~
arm-none-eabi-gcc -o "firmware_temp.elf" @"objects.list"   -mcpu=cortex-m4 -T"C:\Users\eboyer2\395\AirSticks\firmware\firmware_temp\STM32G441KBTX_FLASH.ld" --specs=nosys.specs -Wl,-Map="firmware_temp.map" -Wl,--gc-sections -static --specs=nano.specs -mfpu=fpv4-sp-d16 -mfloat-abi=hard -mthumb -Wl,--start-group -lc -lm -Wl,--end-group
Finished building target: firmware_temp.elf
 
arm-none-eabi-size   firmware_temp.elf 
arm-none-eabi-objdump -h -S  firmware_temp.elf  > "firmware_temp.list"
   text	   data	    bss	    dec	    hex	filename
  24128	    192	   2304	  26624	   6800	firmware_temp.elf
Finished building: default.size.stdout
 
Finished building: firmware_temp.list
 
13:24:44 **** Incremental Build of configuration Debug for project firmware_temp ****
make -j12 all 
arm-none-eabi-gcc "../Core/Src/main.c" -mcpu=cortex-m4 -std=gnu11 -g3 -DDEBUG -DUSE_HAL_DRIVER -DSTM32G441xx -c -I../Core/Inc -I../Drivers/STM32G4xx_HAL_Driver/Inc -I../Drivers/STM32G4xx_HAL_Driver/Inc/Legacy -I../Drivers/CMSIS/Device/ST/STM32G4xx/Include -I../Drivers/CMSIS/Include -O0 -ffunction-sections -fdata-sections -Wall -fstack-usage -fcyclomatic-complexity -MMD -MP -MF"Core/Src/main.d" -MT"Core/Src/main.o" --specs=nano.specs -mfpu=fpv4-sp-d16 -mfloat-abi=hard -mthumb -o "Core/Src/main.o"
../Core/Src/main.c: In function 'main':
../Core/Src/main.c:125:12: warning: implicit declaration of function 'accelerometer_read'; did you mean 'accelerometer_write'? [-Wimplicit-function-declaration]
  125 |   status = accelerometer_read(&xl_r, WHO_AM_I, &status_mlc1);
      |            ^~~~~~~~~~~~~~~~~~
      |            accelerometer_write
../Core/Src/main.c: In function 'HAL_TIM_PeriodElapsedCallback':
../Core/Src/main.c:509:11: warning: unused variable 'msg' [-Wunused-variable]
  509 |   uint8_t msg[25] = "test\n";
      |           ^~~
arm-none-eabi-gcc -o "firmware_temp.elf" @"objects.list"   -mcpu=cortex-m4 -T"C:\Users\eboyer2\395\AirSticks\firmware\firmware_temp\STM32G441KBTX_FLASH.ld" --specs=nosys.specs -Wl,-Map="firmware_temp.map" -Wl,--gc-sections -static --specs=nano.specs -mfpu=fpv4-sp-d16 -mfloat-abi=hard -mthumb -Wl,--start-group -lc -lm -Wl,--end-group
Finished building target: firmware_temp.elf
 
arm-none-eabi-size   firmware_temp.elf 
arm-none-eabi-objdump -h -S  firmware_temp.elf  > "firmware_temp.list"
   text	   data	    bss	    dec	    hex	filename
  24128	    192	   2304	  26624	   6800	firmware_temp.elf
Finished building: default.size.stdout
 
Finished building: firmware_temp.list
 
13:25:43 **** Incremental Build of configuration Debug for project firmware_temp ****
make -j12 all 
arm-none-eabi-gcc "../Core/Src/main.c" -mcpu=cortex-m4 -std=gnu11 -g3 -DDEBUG -DUSE_HAL_DRIVER -DSTM32G441xx -c -I../Core/Inc -I../Drivers/STM32G4xx_HAL_Driver/Inc -I../Drivers/STM32G4xx_HAL_Driver/Inc/Legacy -I../Drivers/CMSIS/Device/ST/STM32G4xx/Include -I../Drivers/CMSIS/Include -O0 -ffunction-sections -fdata-sections -Wall -fstack-usage -fcyclomatic-complexity -MMD -MP -MF"Core/Src/main.d" -MT"Core/Src/main.o" --specs=nano.specs -mfpu=fpv4-sp-d16 -mfloat-abi=hard -mthumb -o "Core/Src/main.o"
../Core/Src/main.c: In function 'main':
../Core/Src/main.c:125:12: warning: implicit declaration of function 'accelerometer_read'; did you mean 'accelerometer_write'? [-Wimplicit-function-declaration]
  125 |   status = accelerometer_read(&xl_r, WHO_AM_I, &status_mlc1);
      |            ^~~~~~~~~~~~~~~~~~
      |            accelerometer_write
../Core/Src/main.c: In function 'HAL_TIM_PeriodElapsedCallback':
../Core/Src/main.c:509:11: warning: unused variable 'msg' [-Wunused-variable]
  509 |   uint8_t msg[25] = "test\n";
      |           ^~~
arm-none-eabi-gcc -o "firmware_temp.elf" @"objects.list"   -mcpu=cortex-m4 -T"C:\Users\eboyer2\395\AirSticks\firmware\firmware_temp\STM32G441KBTX_FLASH.ld" --specs=nosys.specs -Wl,-Map="firmware_temp.map" -Wl,--gc-sections -static --specs=nano.specs -mfpu=fpv4-sp-d16 -mfloat-abi=hard -mthumb -Wl,--start-group -lc -lm -Wl,--end-group
Finished building target: firmware_temp.elf
 
arm-none-eabi-size   firmware_temp.elf 
arm-none-eabi-objdump -h -S  firmware_temp.elf  > "firmware_temp.list"
   text	   data	    bss	    dec	    hex	filename
  24128	    192	   2304	  26624	   6800	firmware_temp.elf
Finished building: default.size.stdout
 
Finished building: firmware_temp.list
 
13:26:16 **** Incremental Build of configuration Debug for project firmware_temp ****
make -j12 all 
arm-none-eabi-gcc "../Core/Src/main.c" -mcpu=cortex-m4 -std=gnu11 -g3 -DDEBUG -DUSE_HAL_DRIVER -DSTM32G441xx -c -I../Core/Inc -I../Drivers/STM32G4xx_HAL_Driver/Inc -I../Drivers/STM32G4xx_HAL_Driver/Inc/Legacy -I../Drivers/CMSIS/Device/ST/STM32G4xx/Include -I../Drivers/CMSIS/Include -O0 -ffunction-sections -fdata-sections -Wall -fstack-usage -fcyclomatic-complexity -MMD -MP -MF"Core/Src/main.d" -MT"Core/Src/main.o" --specs=nano.specs -mfpu=fpv4-sp-d16 -mfloat-abi=hard -mthumb -o "Core/Src/main.o"
../Core/Src/main.c: In function 'main':
../Core/Src/main.c:125:12: warning: implicit declaration of function 'accelerometer_read'; did you mean 'accelerometer_write'? [-Wimplicit-function-declaration]
  125 |   status = accelerometer_read(&xl_r, WHO_AM_I, &status_mlc1);
      |            ^~~~~~~~~~~~~~~~~~
      |            accelerometer_write
../Core/Src/main.c: In function 'HAL_TIM_PeriodElapsedCallback':
../Core/Src/main.c:509:11: warning: unused variable 'msg' [-Wunused-variable]
  509 |   uint8_t msg[25] = "test\n";
      |           ^~~
arm-none-eabi-gcc -o "firmware_temp.elf" @"objects.list"   -mcpu=cortex-m4 -T"C:\Users\eboyer2\395\AirSticks\firmware\firmware_temp\STM32G441KBTX_FLASH.ld" --specs=nosys.specs -Wl,-Map="firmware_temp.map" -Wl,--gc-sections -static --specs=nano.specs -mfpu=fpv4-sp-d16 -mfloat-abi=hard -mthumb -Wl,--start-group -lc -lm -Wl,--end-group
Finished building target: firmware_temp.elf
 
arm-none-eabi-size   firmware_temp.elf 
arm-none-eabi-objdump -h -S  firmware_temp.elf  > "firmware_temp.list"
   text	   data	    bss	    dec	    hex	filename
  24120	    192	   2304	  26616	   67f8	firmware_temp.elf
Finished building: default.size.stdout
 
Finished building: firmware_temp.list
 
13:27:27 **** Incremental Build of configuration Debug for project firmware_temp ****
make -j12 all 
arm-none-eabi-gcc "../Core/Src/main.c" -mcpu=cortex-m4 -std=gnu11 -g3 -DDEBUG -DUSE_HAL_DRIVER -DSTM32G441xx -c -I../Core/Inc -I../Drivers/STM32G4xx_HAL_Driver/Inc -I../Drivers/STM32G4xx_HAL_Driver/Inc/Legacy -I../Drivers/CMSIS/Device/ST/STM32G4xx/Include -I../Drivers/CMSIS/Include -O0 -ffunction-sections -fdata-sections -Wall -fstack-usage -fcyclomatic-complexity -MMD -MP -MF"Core/Src/main.d" -MT"Core/Src/main.o" --specs=nano.specs -mfpu=fpv4-sp-d16 -mfloat-abi=hard -mthumb -o "Core/Src/main.o"
../Core/Src/main.c: In function 'main':
../Core/Src/main.c:125:12: warning: implicit declaration of function 'accelerometer_read'; did you mean 'accelerometer_write'? [-Wimplicit-function-declaration]
  125 |   status = accelerometer_read(&xl_r, WHO_AM_I, &status_mlc1);
      |            ^~~~~~~~~~~~~~~~~~
      |            accelerometer_write
../Core/Src/main.c:177:45: warning: unknown conversion type character '\x0d' in format [-Wformat=]
  177 |                                 printf("x:%h\r\n",xl_r.x_xlr);
      |                                             ^~
../Core/Src/main.c:177:40: warning: too many arguments for format [-Wformat-extra-args]
  177 |                                 printf("x:%h\r\n",xl_r.x_xlr);
      |                                        ^~~~~~~~~~
../Core/Src/main.c:178:45: warning: unknown conversion type character '\x0d' in format [-Wformat=]
  178 |                                 printf("y:%h\r\n",xl_r.y_xlr);
      |                                             ^~
../Core/Src/main.c:178:40: warning: too many arguments for format [-Wformat-extra-args]
  178 |                                 printf("y:%h\r\n",xl_r.y_xlr);
      |                                        ^~~~~~~~~~
../Core/Src/main.c:179:45: warning: unknown conversion type character '\x0d' in format [-Wformat=]
  179 |                                 printf("z:%h\r\n",xl_r.z_xlr);
      |                                             ^~
../Core/Src/main.c:179:40: warning: too many arguments for format [-Wformat-extra-args]
  179 |                                 printf("z:%h\r\n",xl_r.z_xlr);
      |                                        ^~~~~~~~~~
../Core/Src/main.c: In function 'HAL_TIM_PeriodElapsedCallback':
../Core/Src/main.c:509:11: warning: unused variable 'msg' [-Wunused-variable]
  509 |   uint8_t msg[25] = "test\n";
      |           ^~~
arm-none-eabi-gcc -o "firmware_temp.elf" @"objects.list"   -mcpu=cortex-m4 -T"C:\Users\eboyer2\395\AirSticks\firmware\firmware_temp\STM32G441KBTX_FLASH.ld" --specs=nosys.specs -Wl,-Map="firmware_temp.map" -Wl,--gc-sections -static --specs=nano.specs -mfpu=fpv4-sp-d16 -mfloat-abi=hard -mthumb -Wl,--start-group -lc -lm -Wl,--end-group
Finished building target: firmware_temp.elf
 
arm-none-eabi-size   firmware_temp.elf 
arm-none-eabi-objdump -h -S  firmware_temp.elf  > "firmware_temp.list"
   text	   data	    bss	    dec	    hex	filename
  24120	    192	   2304	  26616	   67f8	firmware_temp.elf
Finished building: default.size.stdout
 
Finished building: firmware_temp.list
 
13:28:28 **** Incremental Build of configuration Debug for project firmware_temp ****
make -j12 all 
arm-none-eabi-gcc "../Core/Src/main.c" -mcpu=cortex-m4 -std=gnu11 -g3 -DDEBUG -DUSE_HAL_DRIVER -DSTM32G441xx -c -I../Core/Inc -I../Drivers/STM32G4xx_HAL_Driver/Inc -I../Drivers/STM32G4xx_HAL_Driver/Inc/Legacy -I../Drivers/CMSIS/Device/ST/STM32G4xx/Include -I../Drivers/CMSIS/Include -O0 -ffunction-sections -fdata-sections -Wall -fstack-usage -fcyclomatic-complexity -MMD -MP -MF"Core/Src/main.d" -MT"Core/Src/main.o" --specs=nano.specs -mfpu=fpv4-sp-d16 -mfloat-abi=hard -mthumb -o "Core/Src/main.o"
../Core/Src/main.c: In function 'main':
../Core/Src/main.c:125:12: warning: implicit declaration of function 'accelerometer_read'; did you mean 'accelerometer_write'? [-Wimplicit-function-declaration]
  125 |   status = accelerometer_read(&xl_r, WHO_AM_I, &status_mlc1);
      |            ^~~~~~~~~~~~~~~~~~
      |            accelerometer_write
../Core/Src/main.c: In function 'HAL_TIM_PeriodElapsedCallback':
../Core/Src/main.c:509:11: warning: unused variable 'msg' [-Wunused-variable]
  509 |   uint8_t msg[25] = "test\n";
      |           ^~~
arm-none-eabi-gcc -o "firmware_temp.elf" @"objects.list"   -mcpu=cortex-m4 -T"C:\Users\eboyer2\395\AirSticks\firmware\firmware_temp\STM32G441KBTX_FLASH.ld" --specs=nosys.specs -Wl,-Map="firmware_temp.map" -Wl,--gc-sections -static --specs=nano.specs -mfpu=fpv4-sp-d16 -mfloat-abi=hard -mthumb -Wl,--start-group -lc -lm -Wl,--end-group
Finished building target: firmware_temp.elf
 
arm-none-eabi-size   firmware_temp.elf 
arm-none-eabi-objdump -h -S  firmware_temp.elf  > "firmware_temp.list"
   text	   data	    bss	    dec	    hex	filename
  24120	    192	   2304	  26616	   67f8	firmware_temp.elf
Finished building: default.size.stdout
 
Finished building: firmware_temp.list
 
13:31:38 **** Incremental Build of configuration Debug for project firmware_temp ****
make -j12 all 
arm-none-eabi-gcc "../Core/Src/main.c" -mcpu=cortex-m4 -std=gnu11 -g3 -DDEBUG -DUSE_HAL_DRIVER -DSTM32G441xx -c -I../Core/Inc -I../Drivers/STM32G4xx_HAL_Driver/Inc -I../Drivers/STM32G4xx_HAL_Driver/Inc/Legacy -I../Drivers/CMSIS/Device/ST/STM32G4xx/Include -I../Drivers/CMSIS/Include -O0 -ffunction-sections -fdata-sections -Wall -fstack-usage -fcyclomatic-complexity -MMD -MP -MF"Core/Src/main.d" -MT"Core/Src/main.o" --specs=nano.specs -mfpu=fpv4-sp-d16 -mfloat-abi=hard -mthumb -o "Core/Src/main.o"
../Core/Src/main.c: In function 'main':
../Core/Src/main.c:125:12: warning: implicit declaration of function 'accelerometer_read'; did you mean 'accelerometer_write'? [-Wimplicit-function-declaration]
  125 |   status = accelerometer_read(&xl_r, WHO_AM_I, &status_mlc1);
      |            ^~~~~~~~~~~~~~~~~~
      |            accelerometer_write
../Core/Src/main.c: In function 'HAL_TIM_PeriodElapsedCallback':
../Core/Src/main.c:509:11: warning: unused variable 'msg' [-Wunused-variable]
  509 |   uint8_t msg[25] = "test\n";
      |           ^~~
arm-none-eabi-gcc -o "firmware_temp.elf" @"objects.list"   -mcpu=cortex-m4 -T"C:\Users\eboyer2\395\AirSticks\firmware\firmware_temp\STM32G441KBTX_FLASH.ld" --specs=nosys.specs -Wl,-Map="firmware_temp.map" -Wl,--gc-sections -static --specs=nano.specs -mfpu=fpv4-sp-d16 -mfloat-abi=hard -mthumb -Wl,--start-group -lc -lm -Wl,--end-group
Finished building target: firmware_temp.elf
 
arm-none-eabi-size   firmware_temp.elf 
arm-none-eabi-objdump -h -S  firmware_temp.elf  > "firmware_temp.list"
   text	   data	    bss	    dec	    hex	filename
  24128	    192	   2304	  26624	   6800	firmware_temp.elf
Finished building: default.size.stdout
 
Finished building: firmware_temp.list
 
13:33:09 **** Incremental Build of configuration Debug for project firmware_temp ****
make -j12 all 
arm-none-eabi-gcc "../Core/Src/main.c" -mcpu=cortex-m4 -std=gnu11 -g3 -DDEBUG -DUSE_HAL_DRIVER -DSTM32G441xx -c -I../Core/Inc -I../Drivers/STM32G4xx_HAL_Driver/Inc -I../Drivers/STM32G4xx_HAL_Driver/Inc/Legacy -I../Drivers/CMSIS/Device/ST/STM32G4xx/Include -I../Drivers/CMSIS/Include -O0 -ffunction-sections -fdata-sections -Wall -fstack-usage -fcyclomatic-complexity -MMD -MP -MF"Core/Src/main.d" -MT"Core/Src/main.o" --specs=nano.specs -mfpu=fpv4-sp-d16 -mfloat-abi=hard -mthumb -o "Core/Src/main.o"
../Core/Src/main.c: In function 'main':
../Core/Src/main.c:125:12: warning: implicit declaration of function 'accelerometer_read'; did you mean 'accelerometer_write'? [-Wimplicit-function-declaration]
  125 |   status = accelerometer_read(&xl_r, WHO_AM_I, &status_mlc1);
      |            ^~~~~~~~~~~~~~~~~~
      |            accelerometer_write
../Core/Src/main.c: In function 'HAL_TIM_PeriodElapsedCallback':
../Core/Src/main.c:509:11: warning: unused variable 'msg' [-Wunused-variable]
  509 |   uint8_t msg[25] = "test\n";
      |           ^~~
arm-none-eabi-gcc -o "firmware_temp.elf" @"objects.list"   -mcpu=cortex-m4 -T"C:\Users\eboyer2\395\AirSticks\firmware\firmware_temp\STM32G441KBTX_FLASH.ld" --specs=nosys.specs -Wl,-Map="firmware_temp.map" -Wl,--gc-sections -static --specs=nano.specs -mfpu=fpv4-sp-d16 -mfloat-abi=hard -mthumb -Wl,--start-group -lc -lm -Wl,--end-group
Finished building target: firmware_temp.elf
 
arm-none-eabi-size   firmware_temp.elf 
arm-none-eabi-objdump -h -S  firmware_temp.elf  > "firmware_temp.list"
   text	   data	    bss	    dec	    hex	filename
  24124	    192	   2304	  26620	   67fc	firmware_temp.elf
Finished building: default.size.stdout
 
Finished building: firmware_temp.list
 
13:34:32 **** Incremental Build of configuration Debug for project firmware_temp ****
make -j12 all 
arm-none-eabi-gcc "../Core/Src/main.c" -mcpu=cortex-m4 -std=gnu11 -g3 -DDEBUG -DUSE_HAL_DRIVER -DSTM32G441xx -c -I../Core/Inc -I../Drivers/STM32G4xx_HAL_Driver/Inc -I../Drivers/STM32G4xx_HAL_Driver/Inc/Legacy -I../Drivers/CMSIS/Device/ST/STM32G4xx/Include -I../Drivers/CMSIS/Include -O0 -ffunction-sections -fdata-sections -Wall -fstack-usage -fcyclomatic-complexity -MMD -MP -MF"Core/Src/main.d" -MT"Core/Src/main.o" --specs=nano.specs -mfpu=fpv4-sp-d16 -mfloat-abi=hard -mthumb -o "Core/Src/main.o"
../Core/Src/main.c: In function 'main':
../Core/Src/main.c:125:12: warning: implicit declaration of function 'accelerometer_read'; did you mean 'accelerometer_write'? [-Wimplicit-function-declaration]
  125 |   status = accelerometer_read(&xl_r, WHO_AM_I, &status_mlc1);
      |            ^~~~~~~~~~~~~~~~~~
      |            accelerometer_write
../Core/Src/main.c: In function 'HAL_TIM_PeriodElapsedCallback':
../Core/Src/main.c:510:11: warning: unused variable 'msg' [-Wunused-variable]
  510 |   uint8_t msg[25] = "test\n";
      |           ^~~
arm-none-eabi-gcc -o "firmware_temp.elf" @"objects.list"   -mcpu=cortex-m4 -T"C:\Users\eboyer2\395\AirSticks\firmware\firmware_temp\STM32G441KBTX_FLASH.ld" --specs=nosys.specs -Wl,-Map="firmware_temp.map" -Wl,--gc-sections -static --specs=nano.specs -mfpu=fpv4-sp-d16 -mfloat-abi=hard -mthumb -Wl,--start-group -lc -lm -Wl,--end-group
Finished building target: firmware_temp.elf
 
arm-none-eabi-size   firmware_temp.elf 
arm-none-eabi-objdump -h -S  firmware_temp.elf  > "firmware_temp.list"
   text	   data	    bss	    dec	    hex	filename
  24084	    192	   2304	  26580	   67d4	firmware_temp.elf
Finished building: default.size.stdout
 
Finished building: firmware_temp.list
 
13:35:00 **** Incremental Build of configuration Debug for project firmware_temp ****
make -j12 all 
arm-none-eabi-gcc "../Core/Src/main.c" -mcpu=cortex-m4 -std=gnu11 -g3 -DDEBUG -DUSE_HAL_DRIVER -DSTM32G441xx -c -I../Core/Inc -I../Drivers/STM32G4xx_HAL_Driver/Inc -I../Drivers/STM32G4xx_HAL_Driver/Inc/Legacy -I../Drivers/CMSIS/Device/ST/STM32G4xx/Include -I../Drivers/CMSIS/Include -O0 -ffunction-sections -fdata-sections -Wall -fstack-usage -fcyclomatic-complexity -MMD -MP -MF"Core/Src/main.d" -MT"Core/Src/main.o" --specs=nano.specs -mfpu=fpv4-sp-d16 -mfloat-abi=hard -mthumb -o "Core/Src/main.o"
../Core/Src/main.c: In function 'main':
../Core/Src/main.c:125:12: warning: implicit declaration of function 'accelerometer_read'; did you mean 'accelerometer_write'? [-Wimplicit-function-declaration]
  125 |   status = accelerometer_read(&xl_r, WHO_AM_I, &status_mlc1);
      |            ^~~~~~~~~~~~~~~~~~
      |            accelerometer_write
../Core/Src/main.c: In function 'HAL_TIM_PeriodElapsedCallback':
../Core/Src/main.c:510:11: warning: unused variable 'msg' [-Wunused-variable]
  510 |   uint8_t msg[25] = "test\n";
      |           ^~~
arm-none-eabi-gcc -o "firmware_temp.elf" @"objects.list"   -mcpu=cortex-m4 -T"C:\Users\eboyer2\395\AirSticks\firmware\firmware_temp\STM32G441KBTX_FLASH.ld" --specs=nosys.specs -Wl,-Map="firmware_temp.map" -Wl,--gc-sections -static --specs=nano.specs -mfpu=fpv4-sp-d16 -mfloat-abi=hard -mthumb -Wl,--start-group -lc -lm -Wl,--end-group
Finished building target: firmware_temp.elf
 
arm-none-eabi-size   firmware_temp.elf 
arm-none-eabi-objdump -h -S  firmware_temp.elf  > "firmware_temp.list"
   text	   data	    bss	    dec	    hex	filename
  24084	    192	   2304	  26580	   67d4	firmware_temp.elf
Finished building: default.size.stdout
 
Finished building: firmware_temp.list
 
13:36:03 **** Incremental Build of configuration Debug for project firmware_temp ****
make -j12 all 
arm-none-eabi-gcc "../Core/Src/main.c" -mcpu=cortex-m4 -std=gnu11 -g3 -DDEBUG -DUSE_HAL_DRIVER -DSTM32G441xx -c -I../Core/Inc -I../Drivers/STM32G4xx_HAL_Driver/Inc -I../Drivers/STM32G4xx_HAL_Driver/Inc/Legacy -I../Drivers/CMSIS/Device/ST/STM32G4xx/Include -I../Drivers/CMSIS/Include -O0 -ffunction-sections -fdata-sections -Wall -fstack-usage -fcyclomatic-complexity -MMD -MP -MF"Core/Src/main.d" -MT"Core/Src/main.o" --specs=nano.specs -mfpu=fpv4-sp-d16 -mfloat-abi=hard -mthumb -o "Core/Src/main.o"
../Core/Src/main.c: In function 'main':
../Core/Src/main.c:125:12: warning: implicit declaration of function 'accelerometer_read'; did you mean 'accelerometer_write'? [-Wimplicit-function-declaration]
  125 |   status = accelerometer_read(&xl_r, WHO_AM_I, &status_mlc1);
      |            ^~~~~~~~~~~~~~~~~~
      |            accelerometer_write
../Core/Src/main.c: In function 'HAL_TIM_PeriodElapsedCallback':
../Core/Src/main.c:510:11: warning: unused variable 'msg' [-Wunused-variable]
  510 |   uint8_t msg[25] = "test\n";
      |           ^~~
arm-none-eabi-gcc -o "firmware_temp.elf" @"objects.list"   -mcpu=cortex-m4 -T"C:\Users\eboyer2\395\AirSticks\firmware\firmware_temp\STM32G441KBTX_FLASH.ld" --specs=nosys.specs -Wl,-Map="firmware_temp.map" -Wl,--gc-sections -static --specs=nano.specs -mfpu=fpv4-sp-d16 -mfloat-abi=hard -mthumb -Wl,--start-group -lc -lm -Wl,--end-group
Finished building target: firmware_temp.elf
 
arm-none-eabi-size   firmware_temp.elf 
arm-none-eabi-objdump -h -S  firmware_temp.elf  > "firmware_temp.list"
   text	   data	    bss	    dec	    hex	filename
  24088	    192	   2304	  26584	   67d8	firmware_temp.elf
Finished building: default.size.stdout
 
Finished building: firmware_temp.list
 
13:36:41 **** Incremental Build of configuration Debug for project firmware_temp ****
make -j12 all 
arm-none-eabi-gcc "../Core/Src/main.c" -mcpu=cortex-m4 -std=gnu11 -g3 -DDEBUG -DUSE_HAL_DRIVER -DSTM32G441xx -c -I../Core/Inc -I../Drivers/STM32G4xx_HAL_Driver/Inc -I../Drivers/STM32G4xx_HAL_Driver/Inc/Legacy -I../Drivers/CMSIS/Device/ST/STM32G4xx/Include -I../Drivers/CMSIS/Include -O0 -ffunction-sections -fdata-sections -Wall -fstack-usage -fcyclomatic-complexity -MMD -MP -MF"Core/Src/main.d" -MT"Core/Src/main.o" --specs=nano.specs -mfpu=fpv4-sp-d16 -mfloat-abi=hard -mthumb -o "Core/Src/main.o"
../Core/Src/main.c: In function 'main':
../Core/Src/main.c:125:12: warning: implicit declaration of function 'accelerometer_read'; did you mean 'accelerometer_write'? [-Wimplicit-function-declaration]
  125 |   status = accelerometer_read(&xl_r, WHO_AM_I, &status_mlc1);
      |            ^~~~~~~~~~~~~~~~~~
      |            accelerometer_write
../Core/Src/main.c: In function 'HAL_TIM_PeriodElapsedCallback':
../Core/Src/main.c:510:11: warning: unused variable 'msg' [-Wunused-variable]
  510 |   uint8_t msg[25] = "test\n";
      |           ^~~
arm-none-eabi-gcc -o "firmware_temp.elf" @"objects.list"   -mcpu=cortex-m4 -T"C:\Users\eboyer2\395\AirSticks\firmware\firmware_temp\STM32G441KBTX_FLASH.ld" --specs=nosys.specs -Wl,-Map="firmware_temp.map" -Wl,--gc-sections -static --specs=nano.specs -mfpu=fpv4-sp-d16 -mfloat-abi=hard -mthumb -Wl,--start-group -lc -lm -Wl,--end-group
Finished building target: firmware_temp.elf
 
arm-none-eabi-size   firmware_temp.elf 
arm-none-eabi-objdump -h -S  firmware_temp.elf  > "firmware_temp.list"
   text	   data	    bss	    dec	    hex	filename
  24088	    192	   2304	  26584	   67d8	firmware_temp.elf
Finished building: default.size.stdout
 
Finished building: firmware_temp.list
 
13:37:47 **** Incremental Build of configuration Debug for project firmware_temp ****
make -j12 all 
arm-none-eabi-gcc "../Core/Src/main.c" -mcpu=cortex-m4 -std=gnu11 -g3 -DDEBUG -DUSE_HAL_DRIVER -DSTM32G441xx -c -I../Core/Inc -I../Drivers/STM32G4xx_HAL_Driver/Inc -I../Drivers/STM32G4xx_HAL_Driver/Inc/Legacy -I../Drivers/CMSIS/Device/ST/STM32G4xx/Include -I../Drivers/CMSIS/Include -O0 -ffunction-sections -fdata-sections -Wall -fstack-usage -fcyclomatic-complexity -MMD -MP -MF"Core/Src/main.d" -MT"Core/Src/main.o" --specs=nano.specs -mfpu=fpv4-sp-d16 -mfloat-abi=hard -mthumb -o "Core/Src/main.o"
../Core/Src/main.c: In function 'main':
../Core/Src/main.c:125:12: warning: implicit declaration of function 'accelerometer_read'; did you mean 'accelerometer_write'? [-Wimplicit-function-declaration]
  125 |   status = accelerometer_read(&xl_r, WHO_AM_I, &status_mlc1);
      |            ^~~~~~~~~~~~~~~~~~
      |            accelerometer_write
../Core/Src/main.c: In function 'HAL_TIM_PeriodElapsedCallback':
../Core/Src/main.c:508:11: warning: unused variable 'msg' [-Wunused-variable]
  508 |   uint8_t msg[25] = "test\n";
      |           ^~~
arm-none-eabi-gcc -o "firmware_temp.elf" @"objects.list"   -mcpu=cortex-m4 -T"C:\Users\eboyer2\395\AirSticks\firmware\firmware_temp\STM32G441KBTX_FLASH.ld" --specs=nosys.specs -Wl,-Map="firmware_temp.map" -Wl,--gc-sections -static --specs=nano.specs -mfpu=fpv4-sp-d16 -mfloat-abi=hard -mthumb -Wl,--start-group -lc -lm -Wl,--end-group
Finished building target: firmware_temp.elf
 
arm-none-eabi-size   firmware_temp.elf 
arm-none-eabi-objdump -h -S  firmware_temp.elf  > "firmware_temp.list"
   text	   data	    bss	    dec	    hex	filename
  24076	    192	   2304	  26572	   67cc	firmware_temp.elf
Finished building: default.size.stdout
 
Finished building: firmware_temp.list
 
13:40:52 **** Incremental Build of configuration Debug for project firmware_temp ****
make -j12 all 
arm-none-eabi-gcc "../Core/Src/main.c" -mcpu=cortex-m4 -std=gnu11 -g3 -DDEBUG -DUSE_HAL_DRIVER -DSTM32G441xx -c -I../Core/Inc -I../Drivers/STM32G4xx_HAL_Driver/Inc -I../Drivers/STM32G4xx_HAL_Driver/Inc/Legacy -I../Drivers/CMSIS/Device/ST/STM32G4xx/Include -I../Drivers/CMSIS/Include -O0 -ffunction-sections -fdata-sections -Wall -fstack-usage -fcyclomatic-complexity -MMD -MP -MF"Core/Src/main.d" -MT"Core/Src/main.o" --specs=nano.specs -mfpu=fpv4-sp-d16 -mfloat-abi=hard -mthumb -o "Core/Src/main.o"
../Core/Src/main.c: In function 'main':
../Core/Src/main.c:125:12: warning: implicit declaration of function 'accelerometer_read'; did you mean 'accelerometer_write'? [-Wimplicit-function-declaration]
  125 |   status = accelerometer_read(&xl_r, WHO_AM_I, &status_mlc1);
      |            ^~~~~~~~~~~~~~~~~~
      |            accelerometer_write
../Core/Src/main.c: In function 'HAL_TIM_PeriodElapsedCallback':
../Core/Src/main.c:511:11: warning: unused variable 'msg' [-Wunused-variable]
  511 |   uint8_t msg[25] = "test\n";
      |           ^~~
arm-none-eabi-gcc -o "firmware_temp.elf" @"objects.list"   -mcpu=cortex-m4 -T"C:\Users\eboyer2\395\AirSticks\firmware\firmware_temp\STM32G441KBTX_FLASH.ld" --specs=nosys.specs -Wl,-Map="firmware_temp.map" -Wl,--gc-sections -static --specs=nano.specs -mfpu=fpv4-sp-d16 -mfloat-abi=hard -mthumb -Wl,--start-group -lc -lm -Wl,--end-group
Finished building target: firmware_temp.elf
 
arm-none-eabi-size   firmware_temp.elf 
arm-none-eabi-objdump -h -S  firmware_temp.elf  > "firmware_temp.list"
   text	   data	    bss	    dec	    hex	filename
  24088	    192	   2304	  26584	   67d8	firmware_temp.elf
Finished building: default.size.stdout
 
Finished building: firmware_temp.list
 
13:41:57 **** Incremental Build of configuration Debug for project firmware_temp ****
make -j12 all 
arm-none-eabi-gcc "../Core/Src/main.c" -mcpu=cortex-m4 -std=gnu11 -g3 -DDEBUG -DUSE_HAL_DRIVER -DSTM32G441xx -c -I../Core/Inc -I../Drivers/STM32G4xx_HAL_Driver/Inc -I../Drivers/STM32G4xx_HAL_Driver/Inc/Legacy -I../Drivers/CMSIS/Device/ST/STM32G4xx/Include -I../Drivers/CMSIS/Include -O0 -ffunction-sections -fdata-sections -Wall -fstack-usage -fcyclomatic-complexity -MMD -MP -MF"Core/Src/main.d" -MT"Core/Src/main.o" --specs=nano.specs -mfpu=fpv4-sp-d16 -mfloat-abi=hard -mthumb -o "Core/Src/main.o"
../Core/Src/main.c: In function 'main':
../Core/Src/main.c:125:12: warning: implicit declaration of function 'accelerometer_read'; did you mean 'accelerometer_write'? [-Wimplicit-function-declaration]
  125 |   status = accelerometer_read(&xl_r, WHO_AM_I, &status_mlc1);
      |            ^~~~~~~~~~~~~~~~~~
      |            accelerometer_write
../Core/Src/main.c: In function 'HAL_TIM_PeriodElapsedCallback':
../Core/Src/main.c:514:11: warning: unused variable 'msg' [-Wunused-variable]
  514 |   uint8_t msg[25] = "test\n";
      |           ^~~
arm-none-eabi-gcc -o "firmware_temp.elf" @"objects.list"   -mcpu=cortex-m4 -T"C:\Users\eboyer2\395\AirSticks\firmware\firmware_temp\STM32G441KBTX_FLASH.ld" --specs=nosys.specs -Wl,-Map="firmware_temp.map" -Wl,--gc-sections -static --specs=nano.specs -mfpu=fpv4-sp-d16 -mfloat-abi=hard -mthumb -Wl,--start-group -lc -lm -Wl,--end-group
Finished building target: firmware_temp.elf
 
arm-none-eabi-size   firmware_temp.elf 
arm-none-eabi-objdump -h -S  firmware_temp.elf  > "firmware_temp.list"
   text	   data	    bss	    dec	    hex	filename
  24152	    192	   2304	  26648	   6818	firmware_temp.elf
Finished building: default.size.stdout
 
Finished building: firmware_temp.list
 
13:43:50 **** Incremental Build of configuration Debug for project firmware_temp ****
make -j12 all 
arm-none-eabi-gcc "../Core/Src/main.c" -mcpu=cortex-m4 -std=gnu11 -g3 -DDEBUG -DUSE_HAL_DRIVER -DSTM32G441xx -c -I../Core/Inc -I../Drivers/STM32G4xx_HAL_Driver/Inc -I../Drivers/STM32G4xx_HAL_Driver/Inc/Legacy -I../Drivers/CMSIS/Device/ST/STM32G4xx/Include -I../Drivers/CMSIS/Include -O0 -ffunction-sections -fdata-sections -Wall -fstack-usage -fcyclomatic-complexity -MMD -MP -MF"Core/Src/main.d" -MT"Core/Src/main.o" --specs=nano.specs -mfpu=fpv4-sp-d16 -mfloat-abi=hard -mthumb -o "Core/Src/main.o"
../Core/Src/main.c: In function 'main':
../Core/Src/main.c:125:12: warning: implicit declaration of function 'accelerometer_read'; did you mean 'accelerometer_write'? [-Wimplicit-function-declaration]
  125 |   status = accelerometer_read(&xl_r, WHO_AM_I, &status_mlc1);
      |            ^~~~~~~~~~~~~~~~~~
      |            accelerometer_write
../Core/Src/main.c: In function 'HAL_TIM_PeriodElapsedCallback':
../Core/Src/main.c:514:11: warning: unused variable 'msg' [-Wunused-variable]
  514 |   uint8_t msg[25] = "test\n";
      |           ^~~
arm-none-eabi-gcc -o "firmware_temp.elf" @"objects.list"   -mcpu=cortex-m4 -T"C:\Users\eboyer2\395\AirSticks\firmware\firmware_temp\STM32G441KBTX_FLASH.ld" --specs=nosys.specs -Wl,-Map="firmware_temp.map" -Wl,--gc-sections -static --specs=nano.specs -mfpu=fpv4-sp-d16 -mfloat-abi=hard -mthumb -Wl,--start-group -lc -lm -Wl,--end-group
Finished building target: firmware_temp.elf
 
arm-none-eabi-size   firmware_temp.elf 
arm-none-eabi-objdump -h -S  firmware_temp.elf  > "firmware_temp.list"
   text	   data	    bss	    dec	    hex	filename
  24164	    192	   2304	  26660	   6824	firmware_temp.elf
Finished building: default.size.stdout
 
Finished building: firmware_temp.list
 
13:44:35 **** Incremental Build of configuration Debug for project firmware_temp ****
make -j12 all 
arm-none-eabi-size   firmware_temp.elf 
   text	   data	    bss	    dec	    hex	filename
  24164	    192	   2304	  26660	   6824	firmware_temp.elf
Finished building: default.size.stdout
 
13:45:04 **** Incremental Build of configuration Debug for project firmware_temp ****
make -j12 all 
arm-none-eabi-gcc "../Core/Src/main.c" -mcpu=cortex-m4 -std=gnu11 -g3 -DDEBUG -DUSE_HAL_DRIVER -DSTM32G441xx -c -I../Core/Inc -I../Drivers/STM32G4xx_HAL_Driver/Inc -I../Drivers/STM32G4xx_HAL_Driver/Inc/Legacy -I../Drivers/CMSIS/Device/ST/STM32G4xx/Include -I../Drivers/CMSIS/Include -O0 -ffunction-sections -fdata-sections -Wall -fstack-usage -fcyclomatic-complexity -MMD -MP -MF"Core/Src/main.d" -MT"Core/Src/main.o" --specs=nano.specs -mfpu=fpv4-sp-d16 -mfloat-abi=hard -mthumb -o "Core/Src/main.o"
../Core/Src/main.c: In function 'main':
../Core/Src/main.c:125:12: warning: implicit declaration of function 'accelerometer_read'; did you mean 'accelerometer_write'? [-Wimplicit-function-declaration]
  125 |   status = accelerometer_read(&xl_r, WHO_AM_I, &status_mlc1);
      |            ^~~~~~~~~~~~~~~~~~
      |            accelerometer_write
../Core/Src/main.c: In function 'HAL_TIM_PeriodElapsedCallback':
../Core/Src/main.c:514:11: warning: unused variable 'msg' [-Wunused-variable]
  514 |   uint8_t msg[25] = "test\n";
      |           ^~~
arm-none-eabi-gcc -o "firmware_temp.elf" @"objects.list"   -mcpu=cortex-m4 -T"C:\Users\eboyer2\395\AirSticks\firmware\firmware_temp\STM32G441KBTX_FLASH.ld" --specs=nosys.specs -Wl,-Map="firmware_temp.map" -Wl,--gc-sections -static --specs=nano.specs -mfpu=fpv4-sp-d16 -mfloat-abi=hard -mthumb -Wl,--start-group -lc -lm -Wl,--end-group
Finished building target: firmware_temp.elf
 
arm-none-eabi-size   firmware_temp.elf 
arm-none-eabi-objdump -h -S  firmware_temp.elf  > "firmware_temp.list"
   text	   data	    bss	    dec	    hex	filename
  24164	    192	   2304	  26660	   6824	firmware_temp.elf
Finished building: default.size.stdout
 
Finished building: firmware_temp.list
 
13:46:57 **** Incremental Build of configuration Debug for project firmware_temp ****
make -j12 all 
arm-none-eabi-gcc "../Core/Src/main.c" -mcpu=cortex-m4 -std=gnu11 -g3 -DDEBUG -DUSE_HAL_DRIVER -DSTM32G441xx -c -I../Core/Inc -I../Drivers/STM32G4xx_HAL_Driver/Inc -I../Drivers/STM32G4xx_HAL_Driver/Inc/Legacy -I../Drivers/CMSIS/Device/ST/STM32G4xx/Include -I../Drivers/CMSIS/Include -O0 -ffunction-sections -fdata-sections -Wall -fstack-usage -fcyclomatic-complexity -MMD -MP -MF"Core/Src/main.d" -MT"Core/Src/main.o" --specs=nano.specs -mfpu=fpv4-sp-d16 -mfloat-abi=hard -mthumb -o "Core/Src/main.o"
../Core/Src/main.c: In function 'main':
../Core/Src/main.c:125:12: warning: implicit declaration of function 'accelerometer_read'; did you mean 'accelerometer_write'? [-Wimplicit-function-declaration]
  125 |   status = accelerometer_read(&xl_r, WHO_AM_I, &status_mlc1);
      |            ^~~~~~~~~~~~~~~~~~
      |            accelerometer_write
../Core/Src/main.c: In function 'HAL_TIM_PeriodElapsedCallback':
../Core/Src/main.c:529:11: warning: unused variable 'msg' [-Wunused-variable]
  529 |   uint8_t msg[25] = "test\n";
      |           ^~~
arm-none-eabi-gcc -o "firmware_temp.elf" @"objects.list"   -mcpu=cortex-m4 -T"C:\Users\eboyer2\395\AirSticks\firmware\firmware_temp\STM32G441KBTX_FLASH.ld" --specs=nosys.specs -Wl,-Map="firmware_temp.map" -Wl,--gc-sections -static --specs=nano.specs -mfpu=fpv4-sp-d16 -mfloat-abi=hard -mthumb -Wl,--start-group -lc -lm -Wl,--end-group
Finished building target: firmware_temp.elf
 
arm-none-eabi-size   firmware_temp.elf 
arm-none-eabi-objdump -h -S  firmware_temp.elf  > "firmware_temp.list"
   text	   data	    bss	    dec	    hex	filename
  24168	    192	   2304	  26664	   6828	firmware_temp.elf
Finished building: default.size.stdout
 
Finished building: firmware_temp.list
 
13:47:52 **** Incremental Build of configuration Debug for project firmware_temp ****
make -j12 all 
arm-none-eabi-gcc "../Core/Src/main.c" -mcpu=cortex-m4 -std=gnu11 -g3 -DDEBUG -DUSE_HAL_DRIVER -DSTM32G441xx -c -I../Core/Inc -I../Drivers/STM32G4xx_HAL_Driver/Inc -I../Drivers/STM32G4xx_HAL_Driver/Inc/Legacy -I../Drivers/CMSIS/Device/ST/STM32G4xx/Include -I../Drivers/CMSIS/Include -O0 -ffunction-sections -fdata-sections -Wall -fstack-usage -fcyclomatic-complexity -MMD -MP -MF"Core/Src/main.d" -MT"Core/Src/main.o" --specs=nano.specs -mfpu=fpv4-sp-d16 -mfloat-abi=hard -mthumb -o "Core/Src/main.o"
../Core/Src/main.c: In function 'main':
../Core/Src/main.c:125:12: warning: implicit declaration of function 'accelerometer_read'; did you mean 'accelerometer_write'? [-Wimplicit-function-declaration]
  125 |   status = accelerometer_read(&xl_r, WHO_AM_I, &status_mlc1);
      |            ^~~~~~~~~~~~~~~~~~
      |            accelerometer_write
../Core/Src/main.c: In function 'HAL_TIM_PeriodElapsedCallback':
../Core/Src/main.c:529:11: warning: unused variable 'msg' [-Wunused-variable]
  529 |   uint8_t msg[25] = "test\n";
      |           ^~~
arm-none-eabi-gcc -o "firmware_temp.elf" @"objects.list"   -mcpu=cortex-m4 -T"C:\Users\eboyer2\395\AirSticks\firmware\firmware_temp\STM32G441KBTX_FLASH.ld" --specs=nosys.specs -Wl,-Map="firmware_temp.map" -Wl,--gc-sections -static --specs=nano.specs -mfpu=fpv4-sp-d16 -mfloat-abi=hard -mthumb -Wl,--start-group -lc -lm -Wl,--end-group
Finished building target: firmware_temp.elf
 
arm-none-eabi-size   firmware_temp.elf 
arm-none-eabi-objdump -h -S  firmware_temp.elf  > "firmware_temp.list"
   text	   data	    bss	    dec	    hex	filename
  24168	    192	   2304	  26664	   6828	firmware_temp.elf
Finished building: default.size.stdout
 
Finished building: firmware_temp.list
 
13:49:04 **** Incremental Build of configuration Debug for project firmware_temp ****
make -j12 all 
arm-none-eabi-gcc "../Core/Src/main.c" -mcpu=cortex-m4 -std=gnu11 -g3 -DDEBUG -DUSE_HAL_DRIVER -DSTM32G441xx -c -I../Core/Inc -I../Drivers/STM32G4xx_HAL_Driver/Inc -I../Drivers/STM32G4xx_HAL_Driver/Inc/Legacy -I../Drivers/CMSIS/Device/ST/STM32G4xx/Include -I../Drivers/CMSIS/Include -O0 -ffunction-sections -fdata-sections -Wall -fstack-usage -fcyclomatic-complexity -MMD -MP -MF"Core/Src/main.d" -MT"Core/Src/main.o" --specs=nano.specs -mfpu=fpv4-sp-d16 -mfloat-abi=hard -mthumb -o "Core/Src/main.o"
../Core/Src/main.c: In function 'main':
../Core/Src/main.c:125:12: warning: implicit declaration of function 'accelerometer_read'; did you mean 'accelerometer_write'? [-Wimplicit-function-declaration]
  125 |   status = accelerometer_read(&xl_r, WHO_AM_I, &status_mlc1);
      |            ^~~~~~~~~~~~~~~~~~
      |            accelerometer_write
../Core/Src/main.c: In function 'HAL_TIM_PeriodElapsedCallback':
../Core/Src/main.c:529:11: warning: unused variable 'msg' [-Wunused-variable]
  529 |   uint8_t msg[25] = "test\n";
      |           ^~~
arm-none-eabi-gcc -o "firmware_temp.elf" @"objects.list"   -mcpu=cortex-m4 -T"C:\Users\eboyer2\395\AirSticks\firmware\firmware_temp\STM32G441KBTX_FLASH.ld" --specs=nosys.specs -Wl,-Map="firmware_temp.map" -Wl,--gc-sections -static --specs=nano.specs -mfpu=fpv4-sp-d16 -mfloat-abi=hard -mthumb -Wl,--start-group -lc -lm -Wl,--end-group
Finished building target: firmware_temp.elf
 
arm-none-eabi-size   firmware_temp.elf 
arm-none-eabi-objdump -h -S  firmware_temp.elf  > "firmware_temp.list"
   text	   data	    bss	    dec	    hex	filename
  24168	    192	   2304	  26664	   6828	firmware_temp.elf
Finished building: default.size.stdout
 
Finished building: firmware_temp.list
 
13:49:55 **** Incremental Build of configuration Debug for project firmware_temp ****
make -j12 all 
arm-none-eabi-gcc "../Core/Src/main.c" -mcpu=cortex-m4 -std=gnu11 -g3 -DDEBUG -DUSE_HAL_DRIVER -DSTM32G441xx -c -I../Core/Inc -I../Drivers/STM32G4xx_HAL_Driver/Inc -I../Drivers/STM32G4xx_HAL_Driver/Inc/Legacy -I../Drivers/CMSIS/Device/ST/STM32G4xx/Include -I../Drivers/CMSIS/Include -O0 -ffunction-sections -fdata-sections -Wall -fstack-usage -fcyclomatic-complexity -MMD -MP -MF"Core/Src/main.d" -MT"Core/Src/main.o" --specs=nano.specs -mfpu=fpv4-sp-d16 -mfloat-abi=hard -mthumb -o "Core/Src/main.o"
../Core/Src/main.c: In function 'main':
../Core/Src/main.c:125:12: warning: implicit declaration of function 'accelerometer_read'; did you mean 'accelerometer_write'? [-Wimplicit-function-declaration]
  125 |   status = accelerometer_read(&xl_r, WHO_AM_I, &status_mlc1);
      |            ^~~~~~~~~~~~~~~~~~
      |            accelerometer_write
../Core/Src/main.c: In function 'HAL_TIM_PeriodElapsedCallback':
../Core/Src/main.c:529:11: warning: unused variable 'msg' [-Wunused-variable]
  529 |   uint8_t msg[25] = "test\n";
      |           ^~~
arm-none-eabi-gcc -o "firmware_temp.elf" @"objects.list"   -mcpu=cortex-m4 -T"C:\Users\eboyer2\395\AirSticks\firmware\firmware_temp\STM32G441KBTX_FLASH.ld" --specs=nosys.specs -Wl,-Map="firmware_temp.map" -Wl,--gc-sections -static --specs=nano.specs -mfpu=fpv4-sp-d16 -mfloat-abi=hard -mthumb -Wl,--start-group -lc -lm -Wl,--end-group
Finished building target: firmware_temp.elf
 
arm-none-eabi-size   firmware_temp.elf 
arm-none-eabi-objdump -h -S  firmware_temp.elf  > "firmware_temp.list"
   text	   data	    bss	    dec	    hex	filename
  24164	    192	   2304	  26660	   6824	firmware_temp.elf
Finished building: default.size.stdout
 
Finished building: firmware_temp.list
 
13:51:55 **** Incremental Build of configuration Debug for project firmware_temp ****
make -j12 all 
arm-none-eabi-gcc "../Core/Src/main.c" -mcpu=cortex-m4 -std=gnu11 -g3 -DDEBUG -DUSE_HAL_DRIVER -DSTM32G441xx -c -I../Core/Inc -I../Drivers/STM32G4xx_HAL_Driver/Inc -I../Drivers/STM32G4xx_HAL_Driver/Inc/Legacy -I../Drivers/CMSIS/Device/ST/STM32G4xx/Include -I../Drivers/CMSIS/Include -O0 -ffunction-sections -fdata-sections -Wall -fstack-usage -fcyclomatic-complexity -MMD -MP -MF"Core/Src/main.d" -MT"Core/Src/main.o" --specs=nano.specs -mfpu=fpv4-sp-d16 -mfloat-abi=hard -mthumb -o "Core/Src/main.o"
../Core/Src/main.c: In function 'main':
../Core/Src/main.c:125:12: warning: implicit declaration of function 'accelerometer_read'; did you mean 'accelerometer_write'? [-Wimplicit-function-declaration]
  125 |   status = accelerometer_read(&xl_r, WHO_AM_I, &status_mlc1);
      |            ^~~~~~~~~~~~~~~~~~
      |            accelerometer_write
../Core/Src/main.c: In function 'HAL_TIM_PeriodElapsedCallback':
../Core/Src/main.c:529:11: warning: unused variable 'msg' [-Wunused-variable]
  529 |   uint8_t msg[25] = "test\n";
      |           ^~~
arm-none-eabi-gcc -o "firmware_temp.elf" @"objects.list"   -mcpu=cortex-m4 -T"C:\Users\eboyer2\395\AirSticks\firmware\firmware_temp\STM32G441KBTX_FLASH.ld" --specs=nosys.specs -Wl,-Map="firmware_temp.map" -Wl,--gc-sections -static --specs=nano.specs -mfpu=fpv4-sp-d16 -mfloat-abi=hard -mthumb -Wl,--start-group -lc -lm -Wl,--end-group
Finished building target: firmware_temp.elf
 
arm-none-eabi-size   firmware_temp.elf 
arm-none-eabi-objdump -h -S  firmware_temp.elf  > "firmware_temp.list"
   text	   data	    bss	    dec	    hex	filename
  24168	    192	   2304	  26664	   6828	firmware_temp.elf
Finished building: default.size.stdout
 
Finished building: firmware_temp.list
 
13:54:41 **** Incremental Build of configuration Debug for project firmware_temp ****
make -j12 all 
arm-none-eabi-gcc "../Core/Src/main.c" -mcpu=cortex-m4 -std=gnu11 -g3 -DDEBUG -DUSE_HAL_DRIVER -DSTM32G441xx -c -I../Core/Inc -I../Drivers/STM32G4xx_HAL_Driver/Inc -I../Drivers/STM32G4xx_HAL_Driver/Inc/Legacy -I../Drivers/CMSIS/Device/ST/STM32G4xx/Include -I../Drivers/CMSIS/Include -O0 -ffunction-sections -fdata-sections -Wall -fstack-usage -fcyclomatic-complexity -MMD -MP -MF"Core/Src/main.d" -MT"Core/Src/main.o" --specs=nano.specs -mfpu=fpv4-sp-d16 -mfloat-abi=hard -mthumb -o "Core/Src/main.o"
../Core/Src/main.c: In function 'main':
../Core/Src/main.c:125:12: warning: implicit declaration of function 'accelerometer_read'; did you mean 'accelerometer_write'? [-Wimplicit-function-declaration]
  125 |   status = accelerometer_read(&xl_r, WHO_AM_I, &status_mlc1);
      |            ^~~~~~~~~~~~~~~~~~
      |            accelerometer_write
../Core/Src/main.c: In function 'HAL_TIM_PeriodElapsedCallback':
../Core/Src/main.c:529:11: warning: unused variable 'msg' [-Wunused-variable]
  529 |   uint8_t msg[25] = "test\n";
      |           ^~~
arm-none-eabi-gcc -o "firmware_temp.elf" @"objects.list"   -mcpu=cortex-m4 -T"C:\Users\eboyer2\395\AirSticks\firmware\firmware_temp\STM32G441KBTX_FLASH.ld" --specs=nosys.specs -Wl,-Map="firmware_temp.map" -Wl,--gc-sections -static --specs=nano.specs -mfpu=fpv4-sp-d16 -mfloat-abi=hard -mthumb -Wl,--start-group -lc -lm -Wl,--end-group
Finished building target: firmware_temp.elf
 
arm-none-eabi-size   firmware_temp.elf 
arm-none-eabi-objdump -h -S  firmware_temp.elf  > "firmware_temp.list"
   text	   data	    bss	    dec	    hex	filename
  24288	    192	   2304	  26784	   68a0	firmware_temp.elf
Finished building: default.size.stdout
 
Finished building: firmware_temp.list
 
13:57:16 **** Incremental Build of configuration Debug for project firmware_temp ****
make -j12 all 
arm-none-eabi-gcc "../Core/Src/main.c" -mcpu=cortex-m4 -std=gnu11 -g3 -DDEBUG -DUSE_HAL_DRIVER -DSTM32G441xx -c -I../Core/Inc -I../Drivers/STM32G4xx_HAL_Driver/Inc -I../Drivers/STM32G4xx_HAL_Driver/Inc/Legacy -I../Drivers/CMSIS/Device/ST/STM32G4xx/Include -I../Drivers/CMSIS/Include -O0 -ffunction-sections -fdata-sections -Wall -fstack-usage -fcyclomatic-complexity -MMD -MP -MF"Core/Src/main.d" -MT"Core/Src/main.o" --specs=nano.specs -mfpu=fpv4-sp-d16 -mfloat-abi=hard -mthumb -o "Core/Src/main.o"
../Core/Src/main.c: In function 'main':
../Core/Src/main.c:125:12: warning: implicit declaration of function 'accelerometer_read'; did you mean 'accelerometer_write'? [-Wimplicit-function-declaration]
  125 |   status = accelerometer_read(&xl_r, WHO_AM_I, &status_mlc1);
      |            ^~~~~~~~~~~~~~~~~~
      |            accelerometer_write
../Core/Src/main.c: In function 'HAL_TIM_PeriodElapsedCallback':
../Core/Src/main.c:529:11: warning: unused variable 'msg' [-Wunused-variable]
  529 |   uint8_t msg[25] = "test\n";
      |           ^~~
arm-none-eabi-gcc -o "firmware_temp.elf" @"objects.list"   -mcpu=cortex-m4 -T"C:\Users\eboyer2\395\AirSticks\firmware\firmware_temp\STM32G441KBTX_FLASH.ld" --specs=nosys.specs -Wl,-Map="firmware_temp.map" -Wl,--gc-sections -static --specs=nano.specs -mfpu=fpv4-sp-d16 -mfloat-abi=hard -mthumb -Wl,--start-group -lc -lm -Wl,--end-group
Finished building target: firmware_temp.elf
 
arm-none-eabi-size   firmware_temp.elf 
arm-none-eabi-objdump -h -S  firmware_temp.elf  > "firmware_temp.list"
   text	   data	    bss	    dec	    hex	filename
  24284	    192	   2304	  26780	   689c	firmware_temp.elf
Finished building: default.size.stdout
 
Finished building: firmware_temp.list
 
13:59:56 **** Incremental Build of configuration Debug for project firmware_temp ****
make -j12 all 
arm-none-eabi-gcc "../Core/Src/main.c" -mcpu=cortex-m4 -std=gnu11 -g3 -DDEBUG -DUSE_HAL_DRIVER -DSTM32G441xx -c -I../Core/Inc -I../Drivers/STM32G4xx_HAL_Driver/Inc -I../Drivers/STM32G4xx_HAL_Driver/Inc/Legacy -I../Drivers/CMSIS/Device/ST/STM32G4xx/Include -I../Drivers/CMSIS/Include -O0 -ffunction-sections -fdata-sections -Wall -fstack-usage -fcyclomatic-complexity -MMD -MP -MF"Core/Src/main.d" -MT"Core/Src/main.o" --specs=nano.specs -mfpu=fpv4-sp-d16 -mfloat-abi=hard -mthumb -o "Core/Src/main.o"
../Core/Src/main.c: In function 'main':
../Core/Src/main.c:125:12: warning: implicit declaration of function 'accelerometer_read'; did you mean 'accelerometer_write'? [-Wimplicit-function-declaration]
  125 |   status = accelerometer_read(&xl_r, WHO_AM_I, &status_mlc1);
      |            ^~~~~~~~~~~~~~~~~~
      |            accelerometer_write
../Core/Src/main.c: In function 'HAL_TIM_PeriodElapsedCallback':
../Core/Src/main.c:529:11: warning: unused variable 'msg' [-Wunused-variable]
  529 |   uint8_t msg[25] = "test\n";
      |           ^~~
arm-none-eabi-gcc -o "firmware_temp.elf" @"objects.list"   -mcpu=cortex-m4 -T"C:\Users\eboyer2\395\AirSticks\firmware\firmware_temp\STM32G441KBTX_FLASH.ld" --specs=nosys.specs -Wl,-Map="firmware_temp.map" -Wl,--gc-sections -static --specs=nano.specs -mfpu=fpv4-sp-d16 -mfloat-abi=hard -mthumb -Wl,--start-group -lc -lm -Wl,--end-group
Finished building target: firmware_temp.elf
 
arm-none-eabi-size   firmware_temp.elf 
arm-none-eabi-objdump -h -S  firmware_temp.elf  > "firmware_temp.list"
   text	   data	    bss	    dec	    hex	filename
  24164	    192	   2304	  26660	   6824	firmware_temp.elf
Finished building: default.size.stdout
 
Finished building: firmware_temp.list
 
14:02:52 **** Incremental Build of configuration Debug for project firmware_temp ****
make -j12 all 
arm-none-eabi-gcc "../Core/Src/main.c" -mcpu=cortex-m4 -std=gnu11 -g3 -DDEBUG -DUSE_HAL_DRIVER -DSTM32G441xx -c -I../Core/Inc -I../Drivers/STM32G4xx_HAL_Driver/Inc -I../Drivers/STM32G4xx_HAL_Driver/Inc/Legacy -I../Drivers/CMSIS/Device/ST/STM32G4xx/Include -I../Drivers/CMSIS/Include -O0 -ffunction-sections -fdata-sections -Wall -fstack-usage -fcyclomatic-complexity -MMD -MP -MF"Core/Src/main.d" -MT"Core/Src/main.o" --specs=nano.specs -mfpu=fpv4-sp-d16 -mfloat-abi=hard -mthumb -o "Core/Src/main.o"
../Core/Src/main.c: In function 'main':
../Core/Src/main.c:125:12: warning: implicit declaration of function 'accelerometer_read'; did you mean 'accelerometer_write'? [-Wimplicit-function-declaration]
  125 |   status = accelerometer_read(&xl_r, WHO_AM_I, &status_mlc1);
      |            ^~~~~~~~~~~~~~~~~~
      |            accelerometer_write
../Core/Src/main.c: In function 'HAL_TIM_PeriodElapsedCallback':
../Core/Src/main.c:529:11: warning: unused variable 'msg' [-Wunused-variable]
  529 |   uint8_t msg[25] = "test\n";
      |           ^~~
arm-none-eabi-gcc -o "firmware_temp.elf" @"objects.list"   -mcpu=cortex-m4 -T"C:\Users\eboyer2\395\AirSticks\firmware\firmware_temp\STM32G441KBTX_FLASH.ld" --specs=nosys.specs -Wl,-Map="firmware_temp.map" -Wl,--gc-sections -static --specs=nano.specs -mfpu=fpv4-sp-d16 -mfloat-abi=hard -mthumb -Wl,--start-group -lc -lm -Wl,--end-group
Finished building target: firmware_temp.elf
 
arm-none-eabi-size   firmware_temp.elf 
arm-none-eabi-objdump -h -S  firmware_temp.elf  > "firmware_temp.list"
   text	   data	    bss	    dec	    hex	filename
  24112	    192	   2304	  26608	   67f0	firmware_temp.elf
Finished building: default.size.stdout
 
Finished building: firmware_temp.list
 
14:04:31 **** Incremental Build of configuration Debug for project firmware_temp ****
make -j12 all 
arm-none-eabi-gcc "../Core/Src/main.c" -mcpu=cortex-m4 -std=gnu11 -g3 -DDEBUG -DUSE_HAL_DRIVER -DSTM32G441xx -c -I../Core/Inc -I../Drivers/STM32G4xx_HAL_Driver/Inc -I../Drivers/STM32G4xx_HAL_Driver/Inc/Legacy -I../Drivers/CMSIS/Device/ST/STM32G4xx/Include -I../Drivers/CMSIS/Include -O0 -ffunction-sections -fdata-sections -Wall -fstack-usage -fcyclomatic-complexity -MMD -MP -MF"Core/Src/main.d" -MT"Core/Src/main.o" --specs=nano.specs -mfpu=fpv4-sp-d16 -mfloat-abi=hard -mthumb -o "Core/Src/main.o"
../Core/Src/main.c: In function 'main':
../Core/Src/main.c:125:12: warning: implicit declaration of function 'accelerometer_read'; did you mean 'accelerometer_write'? [-Wimplicit-function-declaration]
  125 |   status = accelerometer_read(&xl_r, WHO_AM_I, &status_mlc1);
      |            ^~~~~~~~~~~~~~~~~~
      |            accelerometer_write
../Core/Src/main.c: In function 'HAL_TIM_PeriodElapsedCallback':
../Core/Src/main.c:529:11: warning: unused variable 'msg' [-Wunused-variable]
  529 |   uint8_t msg[25] = "test\n";
      |           ^~~
arm-none-eabi-gcc -o "firmware_temp.elf" @"objects.list"   -mcpu=cortex-m4 -T"C:\Users\eboyer2\395\AirSticks\firmware\firmware_temp\STM32G441KBTX_FLASH.ld" --specs=nosys.specs -Wl,-Map="firmware_temp.map" -Wl,--gc-sections -static --specs=nano.specs -mfpu=fpv4-sp-d16 -mfloat-abi=hard -mthumb -Wl,--start-group -lc -lm -Wl,--end-group
Finished building target: firmware_temp.elf
 
arm-none-eabi-size   firmware_temp.elf 
arm-none-eabi-objdump -h -S  firmware_temp.elf  > "firmware_temp.list"
   text	   data	    bss	    dec	    hex	filename
  24112	    192	   2304	  26608	   67f0	firmware_temp.elf
Finished building: default.size.stdout
 
Finished building: firmware_temp.list
 
14:05:49 **** Incremental Build of configuration Debug for project firmware_temp ****
make -j12 all 
arm-none-eabi-gcc "../Core/Src/main.c" -mcpu=cortex-m4 -std=gnu11 -g3 -DDEBUG -DUSE_HAL_DRIVER -DSTM32G441xx -c -I../Core/Inc -I../Drivers/STM32G4xx_HAL_Driver/Inc -I../Drivers/STM32G4xx_HAL_Driver/Inc/Legacy -I../Drivers/CMSIS/Device/ST/STM32G4xx/Include -I../Drivers/CMSIS/Include -O0 -ffunction-sections -fdata-sections -Wall -fstack-usage -fcyclomatic-complexity -MMD -MP -MF"Core/Src/main.d" -MT"Core/Src/main.o" --specs=nano.specs -mfpu=fpv4-sp-d16 -mfloat-abi=hard -mthumb -o "Core/Src/main.o"
../Core/Src/main.c: In function 'main':
../Core/Src/main.c:125:12: warning: implicit declaration of function 'accelerometer_read'; did you mean 'accelerometer_write'? [-Wimplicit-function-declaration]
  125 |   status = accelerometer_read(&xl_r, WHO_AM_I, &status_mlc1);
      |            ^~~~~~~~~~~~~~~~~~
      |            accelerometer_write
../Core/Src/main.c: In function 'HAL_TIM_PeriodElapsedCallback':
../Core/Src/main.c:529:11: warning: unused variable 'msg' [-Wunused-variable]
  529 |   uint8_t msg[25] = "test\n";
      |           ^~~
arm-none-eabi-gcc -o "firmware_temp.elf" @"objects.list"   -mcpu=cortex-m4 -T"C:\Users\eboyer2\395\AirSticks\firmware\firmware_temp\STM32G441KBTX_FLASH.ld" --specs=nosys.specs -Wl,-Map="firmware_temp.map" -Wl,--gc-sections -static --specs=nano.specs -mfpu=fpv4-sp-d16 -mfloat-abi=hard -mthumb -Wl,--start-group -lc -lm -Wl,--end-group
Finished building target: firmware_temp.elf
 
arm-none-eabi-size   firmware_temp.elf 
arm-none-eabi-objdump -h -S  firmware_temp.elf  > "firmware_temp.list"
   text	   data	    bss	    dec	    hex	filename
  24084	    192	   2304	  26580	   67d4	firmware_temp.elf
Finished building: default.size.stdout
 
Finished building: firmware_temp.list
 
14:06:47 **** Incremental Build of configuration Debug for project firmware_temp ****
make -j12 all 
arm-none-eabi-gcc "../Core/Src/main.c" -mcpu=cortex-m4 -std=gnu11 -g3 -DDEBUG -DUSE_HAL_DRIVER -DSTM32G441xx -c -I../Core/Inc -I../Drivers/STM32G4xx_HAL_Driver/Inc -I../Drivers/STM32G4xx_HAL_Driver/Inc/Legacy -I../Drivers/CMSIS/Device/ST/STM32G4xx/Include -I../Drivers/CMSIS/Include -O0 -ffunction-sections -fdata-sections -Wall -fstack-usage -fcyclomatic-complexity -MMD -MP -MF"Core/Src/main.d" -MT"Core/Src/main.o" --specs=nano.specs -mfpu=fpv4-sp-d16 -mfloat-abi=hard -mthumb -o "Core/Src/main.o"
../Core/Src/main.c: In function 'main':
../Core/Src/main.c:125:12: warning: implicit declaration of function 'accelerometer_read'; did you mean 'accelerometer_write'? [-Wimplicit-function-declaration]
  125 |   status = accelerometer_read(&xl_r, WHO_AM_I, &status_mlc1);
      |            ^~~~~~~~~~~~~~~~~~
      |            accelerometer_write
../Core/Src/main.c: In function 'HAL_TIM_PeriodElapsedCallback':
../Core/Src/main.c:529:11: warning: unused variable 'msg' [-Wunused-variable]
  529 |   uint8_t msg[25] = "test\n";
      |           ^~~
arm-none-eabi-gcc -o "firmware_temp.elf" @"objects.list"   -mcpu=cortex-m4 -T"C:\Users\eboyer2\395\AirSticks\firmware\firmware_temp\STM32G441KBTX_FLASH.ld" --specs=nosys.specs -Wl,-Map="firmware_temp.map" -Wl,--gc-sections -static --specs=nano.specs -mfpu=fpv4-sp-d16 -mfloat-abi=hard -mthumb -Wl,--start-group -lc -lm -Wl,--end-group
Finished building target: firmware_temp.elf
 
arm-none-eabi-size   firmware_temp.elf 
arm-none-eabi-objdump -h -S  firmware_temp.elf  > "firmware_temp.list"
   text	   data	    bss	    dec	    hex	filename
  24088	    192	   2304	  26584	   67d8	firmware_temp.elf
Finished building: default.size.stdout
 
Finished building: firmware_temp.list
 
14:07:42 **** Incremental Build of configuration Debug for project firmware_temp ****
make -j12 all 
arm-none-eabi-gcc "../Core/Src/main.c" -mcpu=cortex-m4 -std=gnu11 -g3 -DDEBUG -DUSE_HAL_DRIVER -DSTM32G441xx -c -I../Core/Inc -I../Drivers/STM32G4xx_HAL_Driver/Inc -I../Drivers/STM32G4xx_HAL_Driver/Inc/Legacy -I../Drivers/CMSIS/Device/ST/STM32G4xx/Include -I../Drivers/CMSIS/Include -O0 -ffunction-sections -fdata-sections -Wall -fstack-usage -fcyclomatic-complexity -MMD -MP -MF"Core/Src/main.d" -MT"Core/Src/main.o" --specs=nano.specs -mfpu=fpv4-sp-d16 -mfloat-abi=hard -mthumb -o "Core/Src/main.o"
../Core/Src/main.c: In function 'main':
../Core/Src/main.c:125:12: warning: implicit declaration of function 'accelerometer_read'; did you mean 'accelerometer_write'? [-Wimplicit-function-declaration]
  125 |   status = accelerometer_read(&xl_r, WHO_AM_I, &status_mlc1);
      |            ^~~~~~~~~~~~~~~~~~
      |            accelerometer_write
../Core/Src/main.c: In function 'HAL_TIM_PeriodElapsedCallback':
../Core/Src/main.c:529:11: warning: unused variable 'msg' [-Wunused-variable]
  529 |   uint8_t msg[25] = "test\n";
      |           ^~~
arm-none-eabi-gcc -o "firmware_temp.elf" @"objects.list"   -mcpu=cortex-m4 -T"C:\Users\eboyer2\395\AirSticks\firmware\firmware_temp\STM32G441KBTX_FLASH.ld" --specs=nosys.specs -Wl,-Map="firmware_temp.map" -Wl,--gc-sections -static --specs=nano.specs -mfpu=fpv4-sp-d16 -mfloat-abi=hard -mthumb -Wl,--start-group -lc -lm -Wl,--end-group
Finished building target: firmware_temp.elf
 
arm-none-eabi-size   firmware_temp.elf 
arm-none-eabi-objdump -h -S  firmware_temp.elf  > "firmware_temp.list"
   text	   data	    bss	    dec	    hex	filename
  24084	    192	   2304	  26580	   67d4	firmware_temp.elf
Finished building: default.size.stdout
 
Finished building: firmware_temp.list
 
14:09:04 **** Incremental Build of configuration Debug for project firmware_temp ****
make -j12 all 
arm-none-eabi-gcc "../Core/Src/main.c" -mcpu=cortex-m4 -std=gnu11 -g3 -DDEBUG -DUSE_HAL_DRIVER -DSTM32G441xx -c -I../Core/Inc -I../Drivers/STM32G4xx_HAL_Driver/Inc -I../Drivers/STM32G4xx_HAL_Driver/Inc/Legacy -I../Drivers/CMSIS/Device/ST/STM32G4xx/Include -I../Drivers/CMSIS/Include -O0 -ffunction-sections -fdata-sections -Wall -fstack-usage -fcyclomatic-complexity -MMD -MP -MF"Core/Src/main.d" -MT"Core/Src/main.o" --specs=nano.specs -mfpu=fpv4-sp-d16 -mfloat-abi=hard -mthumb -o "Core/Src/main.o"
../Core/Src/main.c: In function 'main':
../Core/Src/main.c:125:12: warning: implicit declaration of function 'accelerometer_read'; did you mean 'accelerometer_write'? [-Wimplicit-function-declaration]
  125 |   status = accelerometer_read(&xl_r, WHO_AM_I, &status_mlc1);
      |            ^~~~~~~~~~~~~~~~~~
      |            accelerometer_write
../Core/Src/main.c: In function 'HAL_TIM_PeriodElapsedCallback':
../Core/Src/main.c:529:11: warning: unused variable 'msg' [-Wunused-variable]
  529 |   uint8_t msg[25] = "test\n";
      |           ^~~
arm-none-eabi-gcc -o "firmware_temp.elf" @"objects.list"   -mcpu=cortex-m4 -T"C:\Users\eboyer2\395\AirSticks\firmware\firmware_temp\STM32G441KBTX_FLASH.ld" --specs=nosys.specs -Wl,-Map="firmware_temp.map" -Wl,--gc-sections -static --specs=nano.specs -mfpu=fpv4-sp-d16 -mfloat-abi=hard -mthumb -Wl,--start-group -lc -lm -Wl,--end-group
Finished building target: firmware_temp.elf
 
arm-none-eabi-size   firmware_temp.elf 
arm-none-eabi-objdump -h -S  firmware_temp.elf  > "firmware_temp.list"
   text	   data	    bss	    dec	    hex	filename
  24084	    192	   2304	  26580	   67d4	firmware_temp.elf
Finished building: default.size.stdout
 
Finished building: firmware_temp.list
 
14:09:44 **** Incremental Build of configuration Debug for project firmware_temp ****
make -j12 all 
arm-none-eabi-gcc "../Core/Src/main.c" -mcpu=cortex-m4 -std=gnu11 -g3 -DDEBUG -DUSE_HAL_DRIVER -DSTM32G441xx -c -I../Core/Inc -I../Drivers/STM32G4xx_HAL_Driver/Inc -I../Drivers/STM32G4xx_HAL_Driver/Inc/Legacy -I../Drivers/CMSIS/Device/ST/STM32G4xx/Include -I../Drivers/CMSIS/Include -O0 -ffunction-sections -fdata-sections -Wall -fstack-usage -fcyclomatic-complexity -MMD -MP -MF"Core/Src/main.d" -MT"Core/Src/main.o" --specs=nano.specs -mfpu=fpv4-sp-d16 -mfloat-abi=hard -mthumb -o "Core/Src/main.o"
../Core/Src/main.c: In function 'main':
../Core/Src/main.c:125:12: warning: implicit declaration of function 'accelerometer_read'; did you mean 'accelerometer_write'? [-Wimplicit-function-declaration]
  125 |   status = accelerometer_read(&xl_r, WHO_AM_I, &status_mlc1);
      |            ^~~~~~~~~~~~~~~~~~
      |            accelerometer_write
../Core/Src/main.c: In function 'HAL_TIM_PeriodElapsedCallback':
../Core/Src/main.c:529:11: warning: unused variable 'msg' [-Wunused-variable]
  529 |   uint8_t msg[25] = "test\n";
      |           ^~~
arm-none-eabi-gcc -o "firmware_temp.elf" @"objects.list"   -mcpu=cortex-m4 -T"C:\Users\eboyer2\395\AirSticks\firmware\firmware_temp\STM32G441KBTX_FLASH.ld" --specs=nosys.specs -Wl,-Map="firmware_temp.map" -Wl,--gc-sections -static --specs=nano.specs -mfpu=fpv4-sp-d16 -mfloat-abi=hard -mthumb -Wl,--start-group -lc -lm -Wl,--end-group
Finished building target: firmware_temp.elf
 
arm-none-eabi-size   firmware_temp.elf 
arm-none-eabi-objdump -h -S  firmware_temp.elf  > "firmware_temp.list"
   text	   data	    bss	    dec	    hex	filename
  24084	    192	   2304	  26580	   67d4	firmware_temp.elf
Finished building: default.size.stdout
 
Finished building: firmware_temp.list
 
14:10:40 **** Incremental Build of configuration Debug for project firmware_temp ****
make -j12 all 
arm-none-eabi-gcc "../Core/Src/main.c" -mcpu=cortex-m4 -std=gnu11 -g3 -DDEBUG -DUSE_HAL_DRIVER -DSTM32G441xx -c -I../Core/Inc -I../Drivers/STM32G4xx_HAL_Driver/Inc -I../Drivers/STM32G4xx_HAL_Driver/Inc/Legacy -I../Drivers/CMSIS/Device/ST/STM32G4xx/Include -I../Drivers/CMSIS/Include -O0 -ffunction-sections -fdata-sections -Wall -fstack-usage -fcyclomatic-complexity -MMD -MP -MF"Core/Src/main.d" -MT"Core/Src/main.o" --specs=nano.specs -mfpu=fpv4-sp-d16 -mfloat-abi=hard -mthumb -o "Core/Src/main.o"
../Core/Src/main.c: In function 'main':
../Core/Src/main.c:125:12: warning: implicit declaration of function 'accelerometer_read'; did you mean 'accelerometer_write'? [-Wimplicit-function-declaration]
  125 |   status = accelerometer_read(&xl_r, WHO_AM_I, &status_mlc1);
      |            ^~~~~~~~~~~~~~~~~~
      |            accelerometer_write
../Core/Src/main.c: In function 'HAL_TIM_PeriodElapsedCallback':
../Core/Src/main.c:529:11: warning: unused variable 'msg' [-Wunused-variable]
  529 |   uint8_t msg[25] = "test\n";
      |           ^~~
arm-none-eabi-gcc -o "firmware_temp.elf" @"objects.list"   -mcpu=cortex-m4 -T"C:\Users\eboyer2\395\AirSticks\firmware\firmware_temp\STM32G441KBTX_FLASH.ld" --specs=nosys.specs -Wl,-Map="firmware_temp.map" -Wl,--gc-sections -static --specs=nano.specs -mfpu=fpv4-sp-d16 -mfloat-abi=hard -mthumb -Wl,--start-group -lc -lm -Wl,--end-group
Finished building target: firmware_temp.elf
 
arm-none-eabi-size   firmware_temp.elf 
arm-none-eabi-objdump -h -S  firmware_temp.elf  > "firmware_temp.list"
   text	   data	    bss	    dec	    hex	filename
  24084	    192	   2304	  26580	   67d4	firmware_temp.elf
Finished building: default.size.stdout
 
Finished building: firmware_temp.list
 
14:11:31 **** Incremental Build of configuration Debug for project firmware_temp ****
make -j12 all 
arm-none-eabi-gcc "../Core/Src/main.c" -mcpu=cortex-m4 -std=gnu11 -g3 -DDEBUG -DUSE_HAL_DRIVER -DSTM32G441xx -c -I../Core/Inc -I../Drivers/STM32G4xx_HAL_Driver/Inc -I../Drivers/STM32G4xx_HAL_Driver/Inc/Legacy -I../Drivers/CMSIS/Device/ST/STM32G4xx/Include -I../Drivers/CMSIS/Include -O0 -ffunction-sections -fdata-sections -Wall -fstack-usage -fcyclomatic-complexity -MMD -MP -MF"Core/Src/main.d" -MT"Core/Src/main.o" --specs=nano.specs -mfpu=fpv4-sp-d16 -mfloat-abi=hard -mthumb -o "Core/Src/main.o"
../Core/Src/main.c: In function 'main':
../Core/Src/main.c:125:12: warning: implicit declaration of function 'accelerometer_read'; did you mean 'accelerometer_write'? [-Wimplicit-function-declaration]
  125 |   status = accelerometer_read(&xl_r, WHO_AM_I, &status_mlc1);
      |            ^~~~~~~~~~~~~~~~~~
      |            accelerometer_write
../Core/Src/main.c: In function 'HAL_TIM_PeriodElapsedCallback':
../Core/Src/main.c:529:11: warning: unused variable 'msg' [-Wunused-variable]
  529 |   uint8_t msg[25] = "test\n";
      |           ^~~
arm-none-eabi-gcc -o "firmware_temp.elf" @"objects.list"   -mcpu=cortex-m4 -T"C:\Users\eboyer2\395\AirSticks\firmware\firmware_temp\STM32G441KBTX_FLASH.ld" --specs=nosys.specs -Wl,-Map="firmware_temp.map" -Wl,--gc-sections -static --specs=nano.specs -mfpu=fpv4-sp-d16 -mfloat-abi=hard -mthumb -Wl,--start-group -lc -lm -Wl,--end-group
Finished building target: firmware_temp.elf
 
arm-none-eabi-size   firmware_temp.elf 
arm-none-eabi-objdump -h -S  firmware_temp.elf  > "firmware_temp.list"
   text	   data	    bss	    dec	    hex	filename
  24084	    192	   2304	  26580	   67d4	firmware_temp.elf
Finished building: default.size.stdout
 
Finished building: firmware_temp.list
 
14:11:58 **** Incremental Build of configuration Debug for project firmware_temp ****
make -j12 all 
arm-none-eabi-gcc "../Core/Src/main.c" -mcpu=cortex-m4 -std=gnu11 -g3 -DDEBUG -DUSE_HAL_DRIVER -DSTM32G441xx -c -I../Core/Inc -I../Drivers/STM32G4xx_HAL_Driver/Inc -I../Drivers/STM32G4xx_HAL_Driver/Inc/Legacy -I../Drivers/CMSIS/Device/ST/STM32G4xx/Include -I../Drivers/CMSIS/Include -O0 -ffunction-sections -fdata-sections -Wall -fstack-usage -fcyclomatic-complexity -MMD -MP -MF"Core/Src/main.d" -MT"Core/Src/main.o" --specs=nano.specs -mfpu=fpv4-sp-d16 -mfloat-abi=hard -mthumb -o "Core/Src/main.o"
../Core/Src/main.c: In function 'main':
../Core/Src/main.c:125:12: warning: implicit declaration of function 'accelerometer_read'; did you mean 'accelerometer_write'? [-Wimplicit-function-declaration]
  125 |   status = accelerometer_read(&xl_r, WHO_AM_I, &status_mlc1);
      |            ^~~~~~~~~~~~~~~~~~
      |            accelerometer_write
../Core/Src/main.c: In function 'HAL_TIM_PeriodElapsedCallback':
../Core/Src/main.c:529:11: warning: unused variable 'msg' [-Wunused-variable]
  529 |   uint8_t msg[25] = "test\n";
      |           ^~~
arm-none-eabi-gcc -o "firmware_temp.elf" @"objects.list"   -mcpu=cortex-m4 -T"C:\Users\eboyer2\395\AirSticks\firmware\firmware_temp\STM32G441KBTX_FLASH.ld" --specs=nosys.specs -Wl,-Map="firmware_temp.map" -Wl,--gc-sections -static --specs=nano.specs -mfpu=fpv4-sp-d16 -mfloat-abi=hard -mthumb -Wl,--start-group -lc -lm -Wl,--end-group
Finished building target: firmware_temp.elf
 
arm-none-eabi-size   firmware_temp.elf 
arm-none-eabi-objdump -h -S  firmware_temp.elf  > "firmware_temp.list"
   text	   data	    bss	    dec	    hex	filename
  24084	    192	   2304	  26580	   67d4	firmware_temp.elf
Finished building: default.size.stdout
 
Finished building: firmware_temp.list
 
14:13:07 **** Incremental Build of configuration Debug for project firmware_temp ****
make -j12 all 
arm-none-eabi-gcc "../Core/Src/main.c" -mcpu=cortex-m4 -std=gnu11 -g3 -DDEBUG -DUSE_HAL_DRIVER -DSTM32G441xx -c -I../Core/Inc -I../Drivers/STM32G4xx_HAL_Driver/Inc -I../Drivers/STM32G4xx_HAL_Driver/Inc/Legacy -I../Drivers/CMSIS/Device/ST/STM32G4xx/Include -I../Drivers/CMSIS/Include -O0 -ffunction-sections -fdata-sections -Wall -fstack-usage -fcyclomatic-complexity -MMD -MP -MF"Core/Src/main.d" -MT"Core/Src/main.o" --specs=nano.specs -mfpu=fpv4-sp-d16 -mfloat-abi=hard -mthumb -o "Core/Src/main.o"
../Core/Src/main.c: In function 'main':
../Core/Src/main.c:125:12: warning: implicit declaration of function 'accelerometer_read'; did you mean 'accelerometer_write'? [-Wimplicit-function-declaration]
  125 |   status = accelerometer_read(&xl_r, WHO_AM_I, &status_mlc1);
      |            ^~~~~~~~~~~~~~~~~~
      |            accelerometer_write
../Core/Src/main.c: In function 'HAL_TIM_PeriodElapsedCallback':
../Core/Src/main.c:529:11: warning: unused variable 'msg' [-Wunused-variable]
  529 |   uint8_t msg[25] = "test\n";
      |           ^~~
arm-none-eabi-gcc -o "firmware_temp.elf" @"objects.list"   -mcpu=cortex-m4 -T"C:\Users\eboyer2\395\AirSticks\firmware\firmware_temp\STM32G441KBTX_FLASH.ld" --specs=nosys.specs -Wl,-Map="firmware_temp.map" -Wl,--gc-sections -static --specs=nano.specs -mfpu=fpv4-sp-d16 -mfloat-abi=hard -mthumb -Wl,--start-group -lc -lm -Wl,--end-group
Finished building target: firmware_temp.elf
 
arm-none-eabi-size   firmware_temp.elf 
arm-none-eabi-objdump -h -S  firmware_temp.elf  > "firmware_temp.list"
   text	   data	    bss	    dec	    hex	filename
  24088	    192	   2304	  26584	   67d8	firmware_temp.elf
Finished building: default.size.stdout
 
Finished building: firmware_temp.list
 
14:14:58 **** Incremental Build of configuration Debug for project firmware_temp ****
make -j12 all 
arm-none-eabi-gcc "../Core/Src/main.c" -mcpu=cortex-m4 -std=gnu11 -g3 -DDEBUG -DUSE_HAL_DRIVER -DSTM32G441xx -c -I../Core/Inc -I../Drivers/STM32G4xx_HAL_Driver/Inc -I../Drivers/STM32G4xx_HAL_Driver/Inc/Legacy -I../Drivers/CMSIS/Device/ST/STM32G4xx/Include -I../Drivers/CMSIS/Include -O0 -ffunction-sections -fdata-sections -Wall -fstack-usage -fcyclomatic-complexity -MMD -MP -MF"Core/Src/main.d" -MT"Core/Src/main.o" --specs=nano.specs -mfpu=fpv4-sp-d16 -mfloat-abi=hard -mthumb -o "Core/Src/main.o"
../Core/Src/main.c: In function 'main':
../Core/Src/main.c:125:12: warning: implicit declaration of function 'accelerometer_read'; did you mean 'accelerometer_write'? [-Wimplicit-function-declaration]
  125 |   status = accelerometer_read(&xl_r, WHO_AM_I, &status_mlc1);
      |            ^~~~~~~~~~~~~~~~~~
      |            accelerometer_write
../Core/Src/main.c: In function 'HAL_TIM_PeriodElapsedCallback':
../Core/Src/main.c:526:11: warning: unused variable 'msg' [-Wunused-variable]
  526 |   uint8_t msg[25] = "test\n";
      |           ^~~
arm-none-eabi-gcc -o "firmware_temp.elf" @"objects.list"   -mcpu=cortex-m4 -T"C:\Users\eboyer2\395\AirSticks\firmware\firmware_temp\STM32G441KBTX_FLASH.ld" --specs=nosys.specs -Wl,-Map="firmware_temp.map" -Wl,--gc-sections -static --specs=nano.specs -mfpu=fpv4-sp-d16 -mfloat-abi=hard -mthumb -Wl,--start-group -lc -lm -Wl,--end-group
Finished building target: firmware_temp.elf
 
arm-none-eabi-size   firmware_temp.elf 
arm-none-eabi-objdump -h -S  firmware_temp.elf  > "firmware_temp.list"
   text	   data	    bss	    dec	    hex	filename
  24132	    192	   2304	  26628	   6804	firmware_temp.elf
Finished building: default.size.stdout
 
Finished building: firmware_temp.list
 
14:15:48 **** Incremental Build of configuration Debug for project firmware_temp ****
make -j12 all 
arm-none-eabi-gcc "../Core/Src/main.c" -mcpu=cortex-m4 -std=gnu11 -g3 -DDEBUG -DUSE_HAL_DRIVER -DSTM32G441xx -c -I../Core/Inc -I../Drivers/STM32G4xx_HAL_Driver/Inc -I../Drivers/STM32G4xx_HAL_Driver/Inc/Legacy -I../Drivers/CMSIS/Device/ST/STM32G4xx/Include -I../Drivers/CMSIS/Include -O0 -ffunction-sections -fdata-sections -Wall -fstack-usage -fcyclomatic-complexity -MMD -MP -MF"Core/Src/main.d" -MT"Core/Src/main.o" --specs=nano.specs -mfpu=fpv4-sp-d16 -mfloat-abi=hard -mthumb -o "Core/Src/main.o"
../Core/Src/main.c: In function 'main':
../Core/Src/main.c:125:12: warning: implicit declaration of function 'accelerometer_read'; did you mean 'accelerometer_write'? [-Wimplicit-function-declaration]
  125 |   status = accelerometer_read(&xl_r, WHO_AM_I, &status_mlc1);
      |            ^~~~~~~~~~~~~~~~~~
      |            accelerometer_write
../Core/Src/main.c: In function 'HAL_TIM_PeriodElapsedCallback':
../Core/Src/main.c:526:11: warning: unused variable 'msg' [-Wunused-variable]
  526 |   uint8_t msg[25] = "test\n";
      |           ^~~
arm-none-eabi-gcc -o "firmware_temp.elf" @"objects.list"   -mcpu=cortex-m4 -T"C:\Users\eboyer2\395\AirSticks\firmware\firmware_temp\STM32G441KBTX_FLASH.ld" --specs=nosys.specs -Wl,-Map="firmware_temp.map" -Wl,--gc-sections -static --specs=nano.specs -mfpu=fpv4-sp-d16 -mfloat-abi=hard -mthumb -Wl,--start-group -lc -lm -Wl,--end-group
Finished building target: firmware_temp.elf
 
arm-none-eabi-size   firmware_temp.elf 
arm-none-eabi-objdump -h -S  firmware_temp.elf  > "firmware_temp.list"
   text	   data	    bss	    dec	    hex	filename
  24212	    192	   2304	  26708	   6854	firmware_temp.elf
Finished building: default.size.stdout
 
Finished building: firmware_temp.list
 
14:17:10 **** Incremental Build of configuration Debug for project firmware_temp ****
make -j12 all 
arm-none-eabi-gcc "../Core/Src/main.c" -mcpu=cortex-m4 -std=gnu11 -g3 -DDEBUG -DUSE_HAL_DRIVER -DSTM32G441xx -c -I../Core/Inc -I../Drivers/STM32G4xx_HAL_Driver/Inc -I../Drivers/STM32G4xx_HAL_Driver/Inc/Legacy -I../Drivers/CMSIS/Device/ST/STM32G4xx/Include -I../Drivers/CMSIS/Include -O0 -ffunction-sections -fdata-sections -Wall -fstack-usage -fcyclomatic-complexity -MMD -MP -MF"Core/Src/main.d" -MT"Core/Src/main.o" --specs=nano.specs -mfpu=fpv4-sp-d16 -mfloat-abi=hard -mthumb -o "Core/Src/main.o"
../Core/Src/main.c: In function 'main':
../Core/Src/main.c:125:12: warning: implicit declaration of function 'accelerometer_read'; did you mean 'accelerometer_write'? [-Wimplicit-function-declaration]
  125 |   status = accelerometer_read(&xl_r, WHO_AM_I, &status_mlc1);
      |            ^~~~~~~~~~~~~~~~~~
      |            accelerometer_write
../Core/Src/main.c: In function 'HAL_TIM_PeriodElapsedCallback':
../Core/Src/main.c:526:11: warning: unused variable 'msg' [-Wunused-variable]
  526 |   uint8_t msg[25] = "test\n";
      |           ^~~
arm-none-eabi-gcc -o "firmware_temp.elf" @"objects.list"   -mcpu=cortex-m4 -T"C:\Users\eboyer2\395\AirSticks\firmware\firmware_temp\STM32G441KBTX_FLASH.ld" --specs=nosys.specs -Wl,-Map="firmware_temp.map" -Wl,--gc-sections -static --specs=nano.specs -mfpu=fpv4-sp-d16 -mfloat-abi=hard -mthumb -Wl,--start-group -lc -lm -Wl,--end-group
Finished building target: firmware_temp.elf
 
arm-none-eabi-size   firmware_temp.elf 
arm-none-eabi-objdump -h -S  firmware_temp.elf  > "firmware_temp.list"
   text	   data	    bss	    dec	    hex	filename
  24212	    192	   2304	  26708	   6854	firmware_temp.elf
Finished building: default.size.stdout
 
Finished building: firmware_temp.list
 
14:19:09 **** Incremental Build of configuration Debug for project firmware_temp ****
make -j12 all 
arm-none-eabi-gcc "../Core/Src/main.c" -mcpu=cortex-m4 -std=gnu11 -g3 -DDEBUG -DUSE_HAL_DRIVER -DSTM32G441xx -c -I../Core/Inc -I../Drivers/STM32G4xx_HAL_Driver/Inc -I../Drivers/STM32G4xx_HAL_Driver/Inc/Legacy -I../Drivers/CMSIS/Device/ST/STM32G4xx/Include -I../Drivers/CMSIS/Include -O0 -ffunction-sections -fdata-sections -Wall -fstack-usage -fcyclomatic-complexity -MMD -MP -MF"Core/Src/main.d" -MT"Core/Src/main.o" --specs=nano.specs -mfpu=fpv4-sp-d16 -mfloat-abi=hard -mthumb -o "Core/Src/main.o"
../Core/Src/main.c: In function 'main':
../Core/Src/main.c:125:12: warning: implicit declaration of function 'accelerometer_read'; did you mean 'accelerometer_write'? [-Wimplicit-function-declaration]
  125 |   status = accelerometer_read(&xl_r, WHO_AM_I, &status_mlc1);
      |            ^~~~~~~~~~~~~~~~~~
      |            accelerometer_write
../Core/Src/main.c: In function 'HAL_TIM_PeriodElapsedCallback':
../Core/Src/main.c:526:11: warning: unused variable 'msg' [-Wunused-variable]
  526 |   uint8_t msg[25] = "test\n";
      |           ^~~
arm-none-eabi-gcc -o "firmware_temp.elf" @"objects.list"   -mcpu=cortex-m4 -T"C:\Users\eboyer2\395\AirSticks\firmware\firmware_temp\STM32G441KBTX_FLASH.ld" --specs=nosys.specs -Wl,-Map="firmware_temp.map" -Wl,--gc-sections -static --specs=nano.specs -mfpu=fpv4-sp-d16 -mfloat-abi=hard -mthumb -Wl,--start-group -lc -lm -Wl,--end-group
Finished building target: firmware_temp.elf
 
arm-none-eabi-size   firmware_temp.elf 
arm-none-eabi-objdump -h -S  firmware_temp.elf  > "firmware_temp.list"
   text	   data	    bss	    dec	    hex	filename
  24208	    192	   2304	  26704	   6850	firmware_temp.elf
Finished building: default.size.stdout
 
Finished building: firmware_temp.list
 
14:19:40 **** Incremental Build of configuration Debug for project firmware_temp ****
make -j12 all 
arm-none-eabi-size   firmware_temp.elf 
   text	   data	    bss	    dec	    hex	filename
  24208	    192	   2304	  26704	   6850	firmware_temp.elf
Finished building: default.size.stdout
 
14:21:00 **** Incremental Build of configuration Debug for project firmware_temp ****
make -j12 all 
arm-none-eabi-gcc "../Core/Src/main.c" -mcpu=cortex-m4 -std=gnu11 -g3 -DDEBUG -DUSE_HAL_DRIVER -DSTM32G441xx -c -I../Core/Inc -I../Drivers/STM32G4xx_HAL_Driver/Inc -I../Drivers/STM32G4xx_HAL_Driver/Inc/Legacy -I../Drivers/CMSIS/Device/ST/STM32G4xx/Include -I../Drivers/CMSIS/Include -O0 -ffunction-sections -fdata-sections -Wall -fstack-usage -fcyclomatic-complexity -MMD -MP -MF"Core/Src/main.d" -MT"Core/Src/main.o" --specs=nano.specs -mfpu=fpv4-sp-d16 -mfloat-abi=hard -mthumb -o "Core/Src/main.o"
../Core/Src/main.c: In function 'main':
../Core/Src/main.c:125:12: warning: implicit declaration of function 'accelerometer_read'; did you mean 'accelerometer_write'? [-Wimplicit-function-declaration]
  125 |   status = accelerometer_read(&xl_r, WHO_AM_I, &status_mlc1);
      |            ^~~~~~~~~~~~~~~~~~
      |            accelerometer_write
../Core/Src/main.c: In function 'HAL_TIM_PeriodElapsedCallback':
../Core/Src/main.c:526:11: warning: unused variable 'msg' [-Wunused-variable]
  526 |   uint8_t msg[25] = "test\n";
      |           ^~~
arm-none-eabi-gcc -o "firmware_temp.elf" @"objects.list"   -mcpu=cortex-m4 -T"C:\Users\eboyer2\395\AirSticks\firmware\firmware_temp\STM32G441KBTX_FLASH.ld" --specs=nosys.specs -Wl,-Map="firmware_temp.map" -Wl,--gc-sections -static --specs=nano.specs -mfpu=fpv4-sp-d16 -mfloat-abi=hard -mthumb -Wl,--start-group -lc -lm -Wl,--end-group
Finished building target: firmware_temp.elf
 
arm-none-eabi-size   firmware_temp.elf 
arm-none-eabi-objdump -h -S  firmware_temp.elf  > "firmware_temp.list"
   text	   data	    bss	    dec	    hex	filename
  24132	    192	   2304	  26628	   6804	firmware_temp.elf
Finished building: default.size.stdout
 
Finished building: firmware_temp.list
 
14:22:40 **** Incremental Build of configuration Debug for project firmware_temp ****
make -j12 all 
arm-none-eabi-gcc "../Core/Src/main.c" -mcpu=cortex-m4 -std=gnu11 -g3 -DDEBUG -DUSE_HAL_DRIVER -DSTM32G441xx -c -I../Core/Inc -I../Drivers/STM32G4xx_HAL_Driver/Inc -I../Drivers/STM32G4xx_HAL_Driver/Inc/Legacy -I../Drivers/CMSIS/Device/ST/STM32G4xx/Include -I../Drivers/CMSIS/Include -O0 -ffunction-sections -fdata-sections -Wall -fstack-usage -fcyclomatic-complexity -MMD -MP -MF"Core/Src/main.d" -MT"Core/Src/main.o" --specs=nano.specs -mfpu=fpv4-sp-d16 -mfloat-abi=hard -mthumb -o "Core/Src/main.o"
../Core/Src/main.c: In function 'main':
../Core/Src/main.c:125:12: warning: implicit declaration of function 'accelerometer_read'; did you mean 'accelerometer_write'? [-Wimplicit-function-declaration]
  125 |   status = accelerometer_read(&xl_r, WHO_AM_I, &status_mlc1);
      |            ^~~~~~~~~~~~~~~~~~
      |            accelerometer_write
../Core/Src/main.c: In function 'HAL_TIM_PeriodElapsedCallback':
../Core/Src/main.c:526:11: warning: unused variable 'msg' [-Wunused-variable]
  526 |   uint8_t msg[25] = "test\n";
      |           ^~~
arm-none-eabi-gcc -o "firmware_temp.elf" @"objects.list"   -mcpu=cortex-m4 -T"C:\Users\eboyer2\395\AirSticks\firmware\firmware_temp\STM32G441KBTX_FLASH.ld" --specs=nosys.specs -Wl,-Map="firmware_temp.map" -Wl,--gc-sections -static --specs=nano.specs -mfpu=fpv4-sp-d16 -mfloat-abi=hard -mthumb -Wl,--start-group -lc -lm -Wl,--end-group
Finished building target: firmware_temp.elf
 
arm-none-eabi-size   firmware_temp.elf 
arm-none-eabi-objdump -h -S  firmware_temp.elf  > "firmware_temp.list"
   text	   data	    bss	    dec	    hex	filename
  24132	    192	   2304	  26628	   6804	firmware_temp.elf
Finished building: default.size.stdout
 
Finished building: firmware_temp.list
 
14:24:14 **** Incremental Build of configuration Debug for project firmware_temp ****
make -j12 all 
arm-none-eabi-gcc "../Core/Src/main.c" -mcpu=cortex-m4 -std=gnu11 -g3 -DDEBUG -DUSE_HAL_DRIVER -DSTM32G441xx -c -I../Core/Inc -I../Drivers/STM32G4xx_HAL_Driver/Inc -I../Drivers/STM32G4xx_HAL_Driver/Inc/Legacy -I../Drivers/CMSIS/Device/ST/STM32G4xx/Include -I../Drivers/CMSIS/Include -O0 -ffunction-sections -fdata-sections -Wall -fstack-usage -fcyclomatic-complexity -MMD -MP -MF"Core/Src/main.d" -MT"Core/Src/main.o" --specs=nano.specs -mfpu=fpv4-sp-d16 -mfloat-abi=hard -mthumb -o "Core/Src/main.o"
../Core/Src/main.c: In function 'main':
../Core/Src/main.c:125:12: warning: implicit declaration of function 'accelerometer_read'; did you mean 'accelerometer_write'? [-Wimplicit-function-declaration]
  125 |   status = accelerometer_read(&xl_r, WHO_AM_I, &status_mlc1);
      |            ^~~~~~~~~~~~~~~~~~
      |            accelerometer_write
../Core/Src/main.c: In function 'HAL_TIM_PeriodElapsedCallback':
../Core/Src/main.c:530:11: warning: unused variable 'msg' [-Wunused-variable]
  530 |   uint8_t msg[25] = "test\n";
      |           ^~~
arm-none-eabi-gcc -o "firmware_temp.elf" @"objects.list"   -mcpu=cortex-m4 -T"C:\Users\eboyer2\395\AirSticks\firmware\firmware_temp\STM32G441KBTX_FLASH.ld" --specs=nosys.specs -Wl,-Map="firmware_temp.map" -Wl,--gc-sections -static --specs=nano.specs -mfpu=fpv4-sp-d16 -mfloat-abi=hard -mthumb -Wl,--start-group -lc -lm -Wl,--end-group
Finished building target: firmware_temp.elf
 
arm-none-eabi-size   firmware_temp.elf 
arm-none-eabi-objdump -h -S  firmware_temp.elf  > "firmware_temp.list"
   text	   data	    bss	    dec	    hex	filename
  24164	    192	   2304	  26660	   6824	firmware_temp.elf
Finished building: default.size.stdout
 
Finished building: firmware_temp.list
 
14:25:19 **** Incremental Build of configuration Debug for project firmware_temp ****
make -j12 all 
arm-none-eabi-gcc "../Core/Src/main.c" -mcpu=cortex-m4 -std=gnu11 -g3 -DDEBUG -DUSE_HAL_DRIVER -DSTM32G441xx -c -I../Core/Inc -I../Drivers/STM32G4xx_HAL_Driver/Inc -I../Drivers/STM32G4xx_HAL_Driver/Inc/Legacy -I../Drivers/CMSIS/Device/ST/STM32G4xx/Include -I../Drivers/CMSIS/Include -O0 -ffunction-sections -fdata-sections -Wall -fstack-usage -fcyclomatic-complexity -MMD -MP -MF"Core/Src/main.d" -MT"Core/Src/main.o" --specs=nano.specs -mfpu=fpv4-sp-d16 -mfloat-abi=hard -mthumb -o "Core/Src/main.o"
../Core/Src/main.c: In function 'main':
../Core/Src/main.c:125:12: warning: implicit declaration of function 'accelerometer_read'; did you mean 'accelerometer_write'? [-Wimplicit-function-declaration]
  125 |   status = accelerometer_read(&xl_r, WHO_AM_I, &status_mlc1);
      |            ^~~~~~~~~~~~~~~~~~
      |            accelerometer_write
../Core/Src/main.c: In function 'HAL_TIM_PeriodElapsedCallback':
../Core/Src/main.c:530:11: warning: unused variable 'msg' [-Wunused-variable]
  530 |   uint8_t msg[25] = "test\n";
      |           ^~~
arm-none-eabi-gcc -o "firmware_temp.elf" @"objects.list"   -mcpu=cortex-m4 -T"C:\Users\eboyer2\395\AirSticks\firmware\firmware_temp\STM32G441KBTX_FLASH.ld" --specs=nosys.specs -Wl,-Map="firmware_temp.map" -Wl,--gc-sections -static --specs=nano.specs -mfpu=fpv4-sp-d16 -mfloat-abi=hard -mthumb -Wl,--start-group -lc -lm -Wl,--end-group
Finished building target: firmware_temp.elf
 
arm-none-eabi-size   firmware_temp.elf 
arm-none-eabi-objdump -h -S  firmware_temp.elf  > "firmware_temp.list"
   text	   data	    bss	    dec	    hex	filename
  24164	    192	   2304	  26660	   6824	firmware_temp.elf
Finished building: default.size.stdout
 
Finished building: firmware_temp.list
 
